2024-12-28 20:11:41 [[31merror[39m]: TSError: тип Unable to compile TypeScript:
[96msrc/router/question.routes.ts[0m:[93m3[0m:[93m9[0m - [91merror[0m[90m TS2459: [0mModule '"../middleware/multer.middleware.ts"' declares 'uploadMiddleware' locally, but it is not exported.

[7m3[0m import {uploadMiddleware} from "../middleware/multer.middleware.ts";
[7m [0m [91m        ~~~~~~~~~~~~~~~~[0m

  [96msrc/middleware/multer.middleware.ts[0m:[93m51[0m:[93m7[0m
    [7m51[0m const uploadMiddleware = multer({
    [7m  [0m [96m      ~~~~~~~~~~~~~~~~[0m
    'uploadMiddleware' is declared here.

    at createTSError (F:\study_material\codes\__Mega_Project\02BackEnd\node_modules\ts-node\src\index.ts:859:12)
    at reportTSError (F:\study_material\codes\__Mega_Project\02BackEnd\node_modules\ts-node\src\index.ts:863:19)
    at getOutput (F:\study_material\codes\__Mega_Project\02BackEnd\node_modules\ts-node\src\index.ts:1077:36)
    at Object.compile (F:\study_material\codes\__Mega_Project\02BackEnd\node_modules\ts-node\src\index.ts:1433:41)
    at Module.m._compile (F:\study_material\codes\__Mega_Project\02BackEnd\node_modules\ts-node\src\index.ts:1617:30)
    at Module._extensions..js (node:internal/modules/cjs/loader:1416:10)
    at Object.require.extensions.<computed> [as .ts] (F:\study_material\codes\__Mega_Project\02BackEnd\node_modules\ts-node\src\index.ts:1621:12)
    at Module.load (node:internal/modules/cjs/loader:1208:32)
    at Function.Module._load (node:internal/modules/cjs/loader:1024:12)
    at Module.require (node:internal/modules/cjs/loader:1233:19)
2024-12-28 20:13:41 [[31merror[39m]: TSError: тип Unable to compile TypeScript:
[96msrc/router/question.routes.ts[0m:[93m3[0m:[93m9[0m - [91merror[0m[90m TS2459: [0mModule '"../middleware/multer.middleware.ts"' declares 'uploadMiddleware' locally, but it is not exported.

[7m3[0m import {uploadMiddleware} from "../middleware/multer.middleware.ts";
[7m [0m [91m        ~~~~~~~~~~~~~~~~[0m

  [96msrc/middleware/multer.middleware.ts[0m:[93m51[0m:[93m7[0m
    [7m51[0m const uploadMiddleware = multer({
    [7m  [0m [96m      ~~~~~~~~~~~~~~~~[0m
    'uploadMiddleware' is declared here.

    at createTSError (F:\study_material\codes\__Mega_Project\02BackEnd\node_modules\ts-node\src\index.ts:859:12)
    at reportTSError (F:\study_material\codes\__Mega_Project\02BackEnd\node_modules\ts-node\src\index.ts:863:19)
    at getOutput (F:\study_material\codes\__Mega_Project\02BackEnd\node_modules\ts-node\src\index.ts:1077:36)
    at Object.compile (F:\study_material\codes\__Mega_Project\02BackEnd\node_modules\ts-node\src\index.ts:1433:41)
    at Module.m._compile (F:\study_material\codes\__Mega_Project\02BackEnd\node_modules\ts-node\src\index.ts:1617:30)
    at Module._extensions..js (node:internal/modules/cjs/loader:1416:10)
    at Object.require.extensions.<computed> [as .ts] (F:\study_material\codes\__Mega_Project\02BackEnd\node_modules\ts-node\src\index.ts:1621:12)
    at Module.load (node:internal/modules/cjs/loader:1208:32)
    at Function.Module._load (node:internal/modules/cjs/loader:1024:12)
    at Module.require (node:internal/modules/cjs/loader:1233:19)
2024-12-28 20:25:22 [[31merror[39m]: TSError: тип Unable to compile TypeScript:
[96msrc/controllers/question.controller.ts[0m:[93m97[0m:[93m41[0m - [91merror[0m[90m TS2349: [0mThis expression is not callable.
  Type 'never' has no call signatures.

[7m97[0m                 const {topicId} = await getTopicId(topicName);
[7m  [0m [91m                                        ~~~~~~~~~~[0m
[96msrc/controllers/question.controller.ts[0m:[93m99[0m:[93m30[0m - [91merror[0m[90m TS2339: [0mProperty 'push' does not exist on type 'never'.

[7m99[0m                     topicIds.push(topicId)
[7m  [0m [91m                             ~~~~[0m
[96msrc/controllers/question.controller.ts[0m:[93m101[0m:[93m28[0m - [91merror[0m[90m TS2339: [0mProperty 'warn' does not exist on type 'never'.

[7m101[0m                     logger.warn(`Topic not found: ${topicName}`, {userId: req.user?.id});
[7m   [0m [91m                           ~~~~[0m
[96msrc/controllers/question.controller.ts[0m:[93m101[0m:[93m79[0m - [91merror[0m[90m TS2339: [0mProperty 'user' does not exist on type 'never'.

[7m101[0m                     logger.warn(`Topic not found: ${topicName}`, {userId: req.user?.id});
[7m   [0m [91m                                                                              ~~~~[0m
[96msrc/controllers/question.controller.ts[0m:[93m102[0m:[93m31[0m - [91merror[0m[90m TS2351: [0mThis expression is not constructable.
  Type 'never' has no construct signatures.

[7m102[0m                     throw new ApiError(404, `Topic not found: ${topicName}`);
[7m   [0m [91m                              ~~~~~~~~[0m
[96msrc/controllers/question.controller.ts[0m:[93m107[0m:[93m44[0m - [91merror[0m[90m TS2339: [0mProperty 'question' does not exist on type 'never'.

[7m107[0m                 questionText: validatedRow.question,
[7m   [0m [91m                                           ~~~~~~~~[0m
[96msrc/controllers/question.controller.ts[0m:[93m109[0m:[93m34[0m - [91merror[0m[90m TS2339: [0mProperty 'option_1' does not exist on type 'never'.

[7m109[0m                     validatedRow.option_1,
[7m   [0m [91m                                 ~~~~~~~~[0m
[96msrc/controllers/question.controller.ts[0m:[93m110[0m:[93m34[0m - [91merror[0m[90m TS2339: [0mProperty 'option_2' does not exist on type 'never'.

[7m110[0m                     validatedRow.option_2,
[7m   [0m [91m                                 ~~~~~~~~[0m
[96msrc/controllers/question.controller.ts[0m:[93m111[0m:[93m34[0m - [91merror[0m[90m TS2339: [0mProperty 'option_3' does not exist on type 'never'.

[7m111[0m                     validatedRow.option_3,
[7m   [0m [91m                                 ~~~~~~~~[0m
[96msrc/controllers/question.controller.ts[0m:[93m112[0m:[93m34[0m - [91merror[0m[90m TS2339: [0mProperty 'option_4' does not exist on type 'never'.

[7m112[0m                     validatedRow.option_4,
[7m   [0m [91m                                 ~~~~~~~~[0m
[96msrc/controllers/question.controller.ts[0m:[93m114[0m:[93m45[0m - [91merror[0m[90m TS2339: [0mProperty 'answer' does not exist on type 'never'.

[7m114[0m                 correctOption: validatedRow.answer,
[7m   [0m [91m                                            ~~~~~~[0m
[96msrc/controllers/question.controller.ts[0m:[93m116[0m:[93m47[0m - [91merror[0m[90m TS2339: [0mProperty 'standard' does not exist on type 'never'.

[7m116[0m                 difficultyLevel: validatedRow.standard,
[7m   [0m [91m                                              ~~~~~~~~[0m
[96msrc/controllers/question.controller.ts[0m:[93m117[0m:[93m43[0m - [91merror[0m[90m TS2339: [0mProperty 'explanation' does not exist on type 'never'.

[7m117[0m                 explanation: validatedRow.explanation,
[7m   [0m [91m                                          ~~~~~~~~~~~[0m

    at createTSError (F:\study_material\codes\__Mega_Project\02BackEnd\node_modules\ts-node\src\index.ts:859:12)
    at reportTSError (F:\study_material\codes\__Mega_Project\02BackEnd\node_modules\ts-node\src\index.ts:863:19)
    at getOutput (F:\study_material\codes\__Mega_Project\02BackEnd\node_modules\ts-node\src\index.ts:1077:36)
    at Object.compile (F:\study_material\codes\__Mega_Project\02BackEnd\node_modules\ts-node\src\index.ts:1433:41)
    at Module.m._compile (F:\study_material\codes\__Mega_Project\02BackEnd\node_modules\ts-node\src\index.ts:1617:30)
    at Module._extensions..js (node:internal/modules/cjs/loader:1416:10)
    at Object.require.extensions.<computed> [as .ts] (F:\study_material\codes\__Mega_Project\02BackEnd\node_modules\ts-node\src\index.ts:1621:12)
    at Module.load (node:internal/modules/cjs/loader:1208:32)
    at Function.Module._load (node:internal/modules/cjs/loader:1024:12)
    at Module.require (node:internal/modules/cjs/loader:1233:19)
2024-12-28 21:26:02 [[31merror[39m]: Error: listen EADDRINUSE: address already in use :::5000
    at Server.setupListenHandle [as _listen2] (node:net:1898:16)
    at listenInCluster (node:net:1946:12)
    at Server.listen (node:net:2044:7)
    at Function.listen (F:\study_material\codes\__Mega_Project\02BackEnd\node_modules\express\lib\application.js:635:24)
    at F:\study_material\codes\__Mega_Project\02BackEnd\src\index.ts:10:9
    at processTicksAndRejections (node:internal/process/task_queues:95:5)
2024-12-28 21:26:17 [[31merror[39m]: Error: listen EADDRINUSE: address already in use :::5000
    at Server.setupListenHandle [as _listen2] (node:net:1898:16)
    at listenInCluster (node:net:1946:12)
    at Server.listen (node:net:2044:7)
    at Function.listen (F:\study_material\codes\__Mega_Project\02BackEnd\node_modules\express\lib\application.js:635:24)
    at F:\study_material\codes\__Mega_Project\02BackEnd\src\index.ts:10:9
    at processTicksAndRejections (node:internal/process/task_queues:95:5)
2024-12-28 21:26:36 [[31merror[39m]: Error: listen EADDRINUSE: address already in use :::5000
    at Server.setupListenHandle [as _listen2] (node:net:1898:16)
    at listenInCluster (node:net:1946:12)
    at Server.listen (node:net:2044:7)
    at Function.listen (F:\study_material\codes\__Mega_Project\02BackEnd\node_modules\express\lib\application.js:635:24)
    at F:\study_material\codes\__Mega_Project\02BackEnd\src\index.ts:10:9
    at processTicksAndRejections (node:internal/process/task_queues:95:5)
2024-12-28 21:28:33 [[31merror[39m]: Error: listen EADDRINUSE: address already in use :::5000
    at Server.setupListenHandle [as _listen2] (node:net:1898:16)
    at listenInCluster (node:net:1946:12)
    at Server.listen (node:net:2044:7)
    at Function.listen (F:\study_material\codes\__Mega_Project\02BackEnd\node_modules\express\lib\application.js:635:24)
    at F:\study_material\codes\__Mega_Project\02BackEnd\src\index.ts:10:9
    at processTicksAndRejections (node:internal/process/task_queues:95:5)
2024-12-30 15:31:03 [[31merror[39m]: TSError: тип Unable to compile TypeScript:
[96msrc/controllers/question.controller.ts[0m:[93m98[0m:[93m41[0m - [91merror[0m[90m TS2554: [0mExpected 3-4 arguments, but got 1.

[7m98[0m                 const {topicId} = await getOrCreateTopicId(topicName);
[7m  [0m [91m                                        ~~~~~~~~~~~~~~~~~~[0m

  [96msrc/controllers/question.controller.ts[0m:[93m32[0m:[93m5[0m
    [7m32[0m     topicName: string,
    [7m  [0m [96m    ~~~~~~~~~~~~~~~~~[0m
    An argument for 'topicName' was not provided.

    at createTSError (F:\study_material\codes\__Mega_Project\02BackEnd\node_modules\ts-node\src\index.ts:859:12)
    at reportTSError (F:\study_material\codes\__Mega_Project\02BackEnd\node_modules\ts-node\src\index.ts:863:19)
    at getOutput (F:\study_material\codes\__Mega_Project\02BackEnd\node_modules\ts-node\src\index.ts:1077:36)
    at Object.compile (F:\study_material\codes\__Mega_Project\02BackEnd\node_modules\ts-node\src\index.ts:1433:41)
    at Module.m._compile (F:\study_material\codes\__Mega_Project\02BackEnd\node_modules\ts-node\src\index.ts:1617:30)
    at Module._extensions..js (node:internal/modules/cjs/loader:1416:10)
    at Object.require.extensions.<computed> [as .ts] (F:\study_material\codes\__Mega_Project\02BackEnd\node_modules\ts-node\src\index.ts:1621:12)
    at Module.load (node:internal/modules/cjs/loader:1208:32)
    at Function.Module._load (node:internal/modules/cjs/loader:1024:12)
    at Module.require (node:internal/modules/cjs/loader:1233:19)
2024-12-30 15:38:20 [[31merror[39m]: TSError: тип Unable to compile TypeScript:
[96msrc/controllers/question.controller.ts[0m:[93m56[0m:[93m32[0m - [91merror[0m[90m TS2339: [0mProperty 'idsw' does not exist on type 'Document<unknown, {}, ISubject> & ISubject & Required<{ _id: unknown; }> & { __v?: number | undefined; }'.

[7m56[0m             subjectId: subject.idsw
[7m  [0m [91m                               ~~~~[0m

    at createTSError (F:\study_material\codes\__Mega_Project\02BackEnd\node_modules\ts-node\src\index.ts:859:12)
    at reportTSError (F:\study_material\codes\__Mega_Project\02BackEnd\node_modules\ts-node\src\index.ts:863:19)
    at getOutput (F:\study_material\codes\__Mega_Project\02BackEnd\node_modules\ts-node\src\index.ts:1077:36)
    at Object.compile (F:\study_material\codes\__Mega_Project\02BackEnd\node_modules\ts-node\src\index.ts:1433:41)
    at Module.m._compile (F:\study_material\codes\__Mega_Project\02BackEnd\node_modules\ts-node\src\index.ts:1617:30)
    at Module._extensions..js (node:internal/modules/cjs/loader:1416:10)
    at Object.require.extensions.<computed> [as .ts] (F:\study_material\codes\__Mega_Project\02BackEnd\node_modules\ts-node\src\index.ts:1621:12)
    at Module.load (node:internal/modules/cjs/loader:1208:32)
    at Function.Module._load (node:internal/modules/cjs/loader:1024:12)
    at Module.require (node:internal/modules/cjs/loader:1233:19)
2024-12-30 16:05:13 [[31merror[39m]: Error: listen EADDRINUSE: address already in use :::5000
    at Server.setupListenHandle [as _listen2] (node:net:1898:16)
    at listenInCluster (node:net:1946:12)
    at Server.listen (node:net:2044:7)
    at Function.listen (F:\study_material\codes\__Mega_Project\02BackEnd\node_modules\express\lib\application.js:635:24)
    at F:\study_material\codes\__Mega_Project\02BackEnd\src\index.ts:10:9
    at processTicksAndRejections (node:internal/process/task_queues:95:5)
2024-12-30 16:06:16 [[31merror[39m]: TSError: тип Unable to compile TypeScript:
[96msrc/controllers/question.controller.ts[0m:[93m140[0m:[93m9[0m - [91merror[0m[90m TS2304: [0mCannot find name 'fs'.

[7m140[0m         fs.unlinkSync(req.file.path);
[7m   [0m [91m        ~~[0m

    at createTSError (F:\study_material\codes\__Mega_Project\02BackEnd\node_modules\ts-node\src\index.ts:859:12)
    at reportTSError (F:\study_material\codes\__Mega_Project\02BackEnd\node_modules\ts-node\src\index.ts:863:19)
    at getOutput (F:\study_material\codes\__Mega_Project\02BackEnd\node_modules\ts-node\src\index.ts:1077:36)
    at Object.compile (F:\study_material\codes\__Mega_Project\02BackEnd\node_modules\ts-node\src\index.ts:1433:41)
    at Module.m._compile (F:\study_material\codes\__Mega_Project\02BackEnd\node_modules\ts-node\src\index.ts:1617:30)
    at Module._extensions..js (node:internal/modules/cjs/loader:1416:10)
    at Object.require.extensions.<computed> [as .ts] (F:\study_material\codes\__Mega_Project\02BackEnd\node_modules\ts-node\src\index.ts:1621:12)
    at Module.load (node:internal/modules/cjs/loader:1208:32)
    at Function.Module._load (node:internal/modules/cjs/loader:1024:12)
    at Module.require (node:internal/modules/cjs/loader:1233:19)
2024-12-30 16:06:16 [[31merror[39m]: TSError: тип Unable to compile TypeScript:
[96msrc/controllers/question.controller.ts[0m:[93m140[0m:[93m9[0m - [91merror[0m[90m TS2304: [0mCannot find name 'fs'.

[7m140[0m         fs.unlinkSync(req.file.path);
[7m   [0m [91m        ~~[0m

    at createTSError (F:\study_material\codes\__Mega_Project\02BackEnd\node_modules\ts-node\src\index.ts:859:12)
    at reportTSError (F:\study_material\codes\__Mega_Project\02BackEnd\node_modules\ts-node\src\index.ts:863:19)
    at getOutput (F:\study_material\codes\__Mega_Project\02BackEnd\node_modules\ts-node\src\index.ts:1077:36)
    at Object.compile (F:\study_material\codes\__Mega_Project\02BackEnd\node_modules\ts-node\src\index.ts:1433:41)
    at Module.m._compile (F:\study_material\codes\__Mega_Project\02BackEnd\node_modules\ts-node\src\index.ts:1617:30)
    at Module._extensions..js (node:internal/modules/cjs/loader:1416:10)
    at Object.require.extensions.<computed> [as .ts] (F:\study_material\codes\__Mega_Project\02BackEnd\node_modules\ts-node\src\index.ts:1621:12)
    at Module.load (node:internal/modules/cjs/loader:1208:32)
    at Function.Module._load (node:internal/modules/cjs/loader:1024:12)
    at Module.require (node:internal/modules/cjs/loader:1233:19)
2024-12-30 16:06:57 [[31merror[39m]: TSError: тип Unable to compile TypeScript:
[96msrc/controllers/question.controller.ts[0m:[93m139[0m:[93m9[0m - [91merror[0m[90m TS2304: [0mCannot find name 'fs'.

[7m139[0m         fs.unlinkSync(req.file.path);
[7m   [0m [91m        ~~[0m

    at createTSError (F:\study_material\codes\__Mega_Project\02BackEnd\node_modules\ts-node\src\index.ts:859:12)
    at reportTSError (F:\study_material\codes\__Mega_Project\02BackEnd\node_modules\ts-node\src\index.ts:863:19)
    at getOutput (F:\study_material\codes\__Mega_Project\02BackEnd\node_modules\ts-node\src\index.ts:1077:36)
    at Object.compile (F:\study_material\codes\__Mega_Project\02BackEnd\node_modules\ts-node\src\index.ts:1433:41)
    at Module.m._compile (F:\study_material\codes\__Mega_Project\02BackEnd\node_modules\ts-node\src\index.ts:1617:30)
    at Module._extensions..js (node:internal/modules/cjs/loader:1416:10)
    at Object.require.extensions.<computed> [as .ts] (F:\study_material\codes\__Mega_Project\02BackEnd\node_modules\ts-node\src\index.ts:1621:12)
    at Module.load (node:internal/modules/cjs/loader:1208:32)
    at Function.Module._load (node:internal/modules/cjs/loader:1024:12)
    at Module.require (node:internal/modules/cjs/loader:1233:19)
2024-12-30 16:06:57 [[31merror[39m]: TSError: тип Unable to compile TypeScript:
[96msrc/controllers/question.controller.ts[0m:[93m139[0m:[93m9[0m - [91merror[0m[90m TS2304: [0mCannot find name 'fs'.

[7m139[0m         fs.unlinkSync(req.file.path);
[7m   [0m [91m        ~~[0m

    at createTSError (F:\study_material\codes\__Mega_Project\02BackEnd\node_modules\ts-node\src\index.ts:859:12)
    at reportTSError (F:\study_material\codes\__Mega_Project\02BackEnd\node_modules\ts-node\src\index.ts:863:19)
    at getOutput (F:\study_material\codes\__Mega_Project\02BackEnd\node_modules\ts-node\src\index.ts:1077:36)
    at Object.compile (F:\study_material\codes\__Mega_Project\02BackEnd\node_modules\ts-node\src\index.ts:1433:41)
    at Module.m._compile (F:\study_material\codes\__Mega_Project\02BackEnd\node_modules\ts-node\src\index.ts:1617:30)
    at Module._extensions..js (node:internal/modules/cjs/loader:1416:10)
    at Object.require.extensions.<computed> [as .ts] (F:\study_material\codes\__Mega_Project\02BackEnd\node_modules\ts-node\src\index.ts:1621:12)
    at Module.load (node:internal/modules/cjs/loader:1208:32)
    at Function.Module._load (node:internal/modules/cjs/loader:1024:12)
    at Module.require (node:internal/modules/cjs/loader:1233:19)
2024-12-30 16:07:20 [[31merror[39m]: Error: listen EADDRINUSE: address already in use :::5000
    at Server.setupListenHandle [as _listen2] (node:net:1898:16)
    at listenInCluster (node:net:1946:12)
    at Server.listen (node:net:2044:7)
    at Function.listen (F:\study_material\codes\__Mega_Project\02BackEnd\node_modules\express\lib\application.js:635:24)
    at F:\study_material\codes\__Mega_Project\02BackEnd\src\index.ts:10:9
    at processTicksAndRejections (node:internal/process/task_queues:95:5)
2024-12-30 16:08:06 [[31merror[39m]: Error: listen EADDRINUSE: address already in use :::5000
    at Server.setupListenHandle [as _listen2] (node:net:1898:16)
    at listenInCluster (node:net:1946:12)
    at Server.listen (node:net:2044:7)
    at Function.listen (F:\study_material\codes\__Mega_Project\02BackEnd\node_modules\express\lib\application.js:635:24)
    at F:\study_material\codes\__Mega_Project\02BackEnd\src\index.ts:10:9
    at processTicksAndRejections (node:internal/process/task_queues:95:5)
2024-12-30 16:08:21 [[31merror[39m]: Error: listen EADDRINUSE: address already in use :::5000
    at Server.setupListenHandle [as _listen2] (node:net:1898:16)
    at listenInCluster (node:net:1946:12)
    at Server.listen (node:net:2044:7)
    at Function.listen (F:\study_material\codes\__Mega_Project\02BackEnd\node_modules\express\lib\application.js:635:24)
    at F:\study_material\codes\__Mega_Project\02BackEnd\src\index.ts:10:9
    at processTicksAndRejections (node:internal/process/task_queues:95:5)
2024-12-30 16:08:51 [[31merror[39m]: Error: listen EADDRINUSE: address already in use :::5000
    at Server.setupListenHandle [as _listen2] (node:net:1898:16)
    at listenInCluster (node:net:1946:12)
    at Server.listen (node:net:2044:7)
    at Function.listen (F:\study_material\codes\__Mega_Project\02BackEnd\node_modules\express\lib\application.js:635:24)
    at F:\study_material\codes\__Mega_Project\02BackEnd\src\index.ts:10:9
    at processTicksAndRejections (node:internal/process/task_queues:95:5)
2024-12-30 16:09:00 [[31merror[39m]: Error: listen EADDRINUSE: address already in use :::5000
    at Server.setupListenHandle [as _listen2] (node:net:1898:16)
    at listenInCluster (node:net:1946:12)
    at Server.listen (node:net:2044:7)
    at Function.listen (F:\study_material\codes\__Mega_Project\02BackEnd\node_modules\express\lib\application.js:635:24)
    at F:\study_material\codes\__Mega_Project\02BackEnd\src\index.ts:10:9
    at processTicksAndRejections (node:internal/process/task_queues:95:5)
2024-12-30 16:09:27 [[31merror[39m]: Error: listen EADDRINUSE: address already in use :::5000
    at Server.setupListenHandle [as _listen2] (node:net:1898:16)
    at listenInCluster (node:net:1946:12)
    at Server.listen (node:net:2044:7)
    at Function.listen (F:\study_material\codes\__Mega_Project\02BackEnd\node_modules\express\lib\application.js:635:24)
    at F:\study_material\codes\__Mega_Project\02BackEnd\src\index.ts:10:9
    at processTicksAndRejections (node:internal/process/task_queues:95:5)
2024-12-30 16:09:27 [[31merror[39m]: Error: listen EADDRINUSE: address already in use :::5000
    at Server.setupListenHandle [as _listen2] (node:net:1898:16)
    at listenInCluster (node:net:1946:12)
    at Server.listen (node:net:2044:7)
    at Function.listen (F:\study_material\codes\__Mega_Project\02BackEnd\node_modules\express\lib\application.js:635:24)
    at F:\study_material\codes\__Mega_Project\02BackEnd\src\index.ts:10:9
    at processTicksAndRejections (node:internal/process/task_queues:95:5)
2024-12-30 16:09:47 [[31merror[39m]: Error: listen EADDRINUSE: address already in use :::5000
    at Server.setupListenHandle [as _listen2] (node:net:1898:16)
    at listenInCluster (node:net:1946:12)
    at Server.listen (node:net:2044:7)
    at Function.listen (F:\study_material\codes\__Mega_Project\02BackEnd\node_modules\express\lib\application.js:635:24)
    at F:\study_material\codes\__Mega_Project\02BackEnd\src\index.ts:10:9
    at processTicksAndRejections (node:internal/process/task_queues:95:5)
2024-12-30 16:09:47 [[31merror[39m]: Error: listen EADDRINUSE: address already in use :::5000
    at Server.setupListenHandle [as _listen2] (node:net:1898:16)
    at listenInCluster (node:net:1946:12)
    at Server.listen (node:net:2044:7)
    at Function.listen (F:\study_material\codes\__Mega_Project\02BackEnd\node_modules\express\lib\application.js:635:24)
    at F:\study_material\codes\__Mega_Project\02BackEnd\src\index.ts:10:9
    at processTicksAndRejections (node:internal/process/task_queues:95:5)
2024-12-30 16:12:46 [[31merror[39m]: Error: listen EADDRINUSE: address already in use :::5000
    at Server.setupListenHandle [as _listen2] (node:net:1898:16)
    at listenInCluster (node:net:1946:12)
    at Server.listen (node:net:2044:7)
    at Function.listen (F:\study_material\codes\__Mega_Project\02BackEnd\node_modules\express\lib\application.js:635:24)
    at F:\study_material\codes\__Mega_Project\02BackEnd\src\index.ts:10:9
    at processTicksAndRejections (node:internal/process/task_queues:95:5)
2024-12-30 16:18:00 [[31merror[39m]: TSError: тип Unable to compile TypeScript:
[96msrc/controllers/question.controller.ts[0m:[93m103[0m:[93m32[0m - [91merror[0m[90m TS18046: [0m'validatedRow.topics' is of type 'unknown'.

[7m103[0m             const topicsList = validatedRow.topics.split(',').map(topic => topic.trim()); // Split comma separated topics
[7m   [0m [91m                               ~~~~~~~~~~~~~~~~~~~[0m
[96msrc/controllers/question.controller.ts[0m:[93m103[0m:[93m67[0m - [91merror[0m[90m TS7006: [0mParameter 'topic' implicitly has an 'any' type.

[7m103[0m             const topicsList = validatedRow.topics.split(',').map(topic => topic.trim()); // Split comma separated topics
[7m   [0m [91m                                                                  ~~~~~[0m
[96msrc/controllers/question.controller.ts[0m:[93m106[0m:[93m71[0m - [91merror[0m[90m TS2345: [0mArgument of type 'unknown' is not assignable to parameter of type 'string'.

[7m106[0m                 const {topicId} = await getOrCreateTopicId(topicName, validatedRow.subject,"juniorCollege");
[7m   [0m [91m                                                                      ~~~~~~~~~~~~~~~~~~~~[0m
[96msrc/controllers/question.controller.ts[0m:[93m130[0m:[93m45[0m - [91merror[0m[90m TS2345: [0mArgument of type '{ questionText: unknown; options: unknown[]; correctOption: unknown; topicIds: any[]; explanation: unknown; }[]' is not assignable to parameter of type '{ questionText: string; options: string[]; correctOption: number; topicIds: ObjectId[]; explanation: string | undefined; }[]'.
  Type '{ questionText: unknown; options: unknown[]; correctOption: unknown; topicIds: any[]; explanation: unknown; }' is not assignable to type '{ questionText: string; options: string[]; correctOption: number; topicIds: ObjectId[]; explanation: string | undefined; }'.
    Types of property 'questionText' are incompatible.
      Type 'unknown' is not assignable to type 'string'.

[7m130[0m         await createQuestionsUpdateDatabase(questions);
[7m   [0m [91m                                            ~~~~~~~~~[0m

    at createTSError (F:\study_material\codes\__Mega_Project\02BackEnd\node_modules\ts-node\src\index.ts:859:12)
    at reportTSError (F:\study_material\codes\__Mega_Project\02BackEnd\node_modules\ts-node\src\index.ts:863:19)
    at getOutput (F:\study_material\codes\__Mega_Project\02BackEnd\node_modules\ts-node\src\index.ts:1077:36)
    at Object.compile (F:\study_material\codes\__Mega_Project\02BackEnd\node_modules\ts-node\src\index.ts:1433:41)
    at Module.m._compile (F:\study_material\codes\__Mega_Project\02BackEnd\node_modules\ts-node\src\index.ts:1617:30)
    at Module._extensions..js (node:internal/modules/cjs/loader:1416:10)
    at Object.require.extensions.<computed> [as .ts] (F:\study_material\codes\__Mega_Project\02BackEnd\node_modules\ts-node\src\index.ts:1621:12)
    at Module.load (node:internal/modules/cjs/loader:1208:32)
    at Function.Module._load (node:internal/modules/cjs/loader:1024:12)
    at Module.require (node:internal/modules/cjs/loader:1233:19)
2024-12-30 16:18:00 [[31merror[39m]: TSError: тип Unable to compile TypeScript:
[96msrc/controllers/question.controller.ts[0m:[93m103[0m:[93m32[0m - [91merror[0m[90m TS18046: [0m'validatedRow.topics' is of type 'unknown'.

[7m103[0m             const topicsList = validatedRow.topics.split(',').map(topic => topic.trim()); // Split comma separated topics
[7m   [0m [91m                               ~~~~~~~~~~~~~~~~~~~[0m
[96msrc/controllers/question.controller.ts[0m:[93m103[0m:[93m67[0m - [91merror[0m[90m TS7006: [0mParameter 'topic' implicitly has an 'any' type.

[7m103[0m             const topicsList = validatedRow.topics.split(',').map(topic => topic.trim()); // Split comma separated topics
[7m   [0m [91m                                                                  ~~~~~[0m
[96msrc/controllers/question.controller.ts[0m:[93m106[0m:[93m71[0m - [91merror[0m[90m TS2345: [0mArgument of type 'unknown' is not assignable to parameter of type 'string'.

[7m106[0m                 const {topicId} = await getOrCreateTopicId(topicName, validatedRow.subject,"juniorCollege");
[7m   [0m [91m                                                                      ~~~~~~~~~~~~~~~~~~~~[0m
[96msrc/controllers/question.controller.ts[0m:[93m130[0m:[93m45[0m - [91merror[0m[90m TS2345: [0mArgument of type '{ questionText: unknown; options: unknown[]; correctOption: unknown; topicIds: any[]; explanation: unknown; }[]' is not assignable to parameter of type '{ questionText: string; options: string[]; correctOption: number; topicIds: ObjectId[]; explanation: string | undefined; }[]'.
  Type '{ questionText: unknown; options: unknown[]; correctOption: unknown; topicIds: any[]; explanation: unknown; }' is not assignable to type '{ questionText: string; options: string[]; correctOption: number; topicIds: ObjectId[]; explanation: string | undefined; }'.
    Types of property 'questionText' are incompatible.
      Type 'unknown' is not assignable to type 'string'.

[7m130[0m         await createQuestionsUpdateDatabase(questions);
[7m   [0m [91m                                            ~~~~~~~~~[0m

    at createTSError (F:\study_material\codes\__Mega_Project\02BackEnd\node_modules\ts-node\src\index.ts:859:12)
    at reportTSError (F:\study_material\codes\__Mega_Project\02BackEnd\node_modules\ts-node\src\index.ts:863:19)
    at getOutput (F:\study_material\codes\__Mega_Project\02BackEnd\node_modules\ts-node\src\index.ts:1077:36)
    at Object.compile (F:\study_material\codes\__Mega_Project\02BackEnd\node_modules\ts-node\src\index.ts:1433:41)
    at Module.m._compile (F:\study_material\codes\__Mega_Project\02BackEnd\node_modules\ts-node\src\index.ts:1617:30)
    at Module._extensions..js (node:internal/modules/cjs/loader:1416:10)
    at Object.require.extensions.<computed> [as .ts] (F:\study_material\codes\__Mega_Project\02BackEnd\node_modules\ts-node\src\index.ts:1621:12)
    at Module.load (node:internal/modules/cjs/loader:1208:32)
    at Function.Module._load (node:internal/modules/cjs/loader:1024:12)
    at Module.require (node:internal/modules/cjs/loader:1233:19)
2024-12-30 16:18:21 [[31merror[39m]: TSError: тип Unable to compile TypeScript:
[96msrc/controllers/question.controller.ts[0m:[93m103[0m:[93m32[0m - [91merror[0m[90m TS18046: [0m'validatedRow.topics' is of type 'unknown'.

[7m103[0m             const topicsList = validatedRow.topics.split(',').map(topic => topic.trim()); // Split comma separated topics
[7m   [0m [91m                               ~~~~~~~~~~~~~~~~~~~[0m
[96msrc/controllers/question.controller.ts[0m:[93m103[0m:[93m67[0m - [91merror[0m[90m TS7006: [0mParameter 'topic' implicitly has an 'any' type.

[7m103[0m             const topicsList = validatedRow.topics.split(',').map(topic => topic.trim()); // Split comma separated topics
[7m   [0m [91m                                                                  ~~~~~[0m
[96msrc/controllers/question.controller.ts[0m:[93m106[0m:[93m71[0m - [91merror[0m[90m TS2345: [0mArgument of type 'unknown' is not assignable to parameter of type 'string'.

[7m106[0m                 const {topicId} = await getOrCreateTopicId(topicName, validatedRow.subject,"juniorCollege");
[7m   [0m [91m                                                                      ~~~~~~~~~~~~~~~~~~~~[0m
[96msrc/controllers/question.controller.ts[0m:[93m130[0m:[93m45[0m - [91merror[0m[90m TS2345: [0mArgument of type '{ questionText: unknown; options: unknown[]; correctOption: unknown; topicIds: any[]; explanation: unknown; }[]' is not assignable to parameter of type '{ questionText: string; options: string[]; correctOption: number; topicIds: ObjectId[]; explanation: string | undefined; }[]'.
  Type '{ questionText: unknown; options: unknown[]; correctOption: unknown; topicIds: any[]; explanation: unknown; }' is not assignable to type '{ questionText: string; options: string[]; correctOption: number; topicIds: ObjectId[]; explanation: string | undefined; }'.
    Types of property 'questionText' are incompatible.
      Type 'unknown' is not assignable to type 'string'.

[7m130[0m         await createQuestionsUpdateDatabase(questions);
[7m   [0m [91m                                            ~~~~~~~~~[0m

    at createTSError (F:\study_material\codes\__Mega_Project\02BackEnd\node_modules\ts-node\src\index.ts:859:12)
    at reportTSError (F:\study_material\codes\__Mega_Project\02BackEnd\node_modules\ts-node\src\index.ts:863:19)
    at getOutput (F:\study_material\codes\__Mega_Project\02BackEnd\node_modules\ts-node\src\index.ts:1077:36)
    at Object.compile (F:\study_material\codes\__Mega_Project\02BackEnd\node_modules\ts-node\src\index.ts:1433:41)
    at Module.m._compile (F:\study_material\codes\__Mega_Project\02BackEnd\node_modules\ts-node\src\index.ts:1617:30)
    at Module._extensions..js (node:internal/modules/cjs/loader:1416:10)
    at Object.require.extensions.<computed> [as .ts] (F:\study_material\codes\__Mega_Project\02BackEnd\node_modules\ts-node\src\index.ts:1621:12)
    at Module.load (node:internal/modules/cjs/loader:1208:32)
    at Function.Module._load (node:internal/modules/cjs/loader:1024:12)
    at Module.require (node:internal/modules/cjs/loader:1233:19)
2024-12-30 16:18:21 [[31merror[39m]: TSError: тип Unable to compile TypeScript:
[96msrc/controllers/question.controller.ts[0m:[93m103[0m:[93m32[0m - [91merror[0m[90m TS18046: [0m'validatedRow.topics' is of type 'unknown'.

[7m103[0m             const topicsList = validatedRow.topics.split(',').map(topic => topic.trim()); // Split comma separated topics
[7m   [0m [91m                               ~~~~~~~~~~~~~~~~~~~[0m
[96msrc/controllers/question.controller.ts[0m:[93m103[0m:[93m67[0m - [91merror[0m[90m TS7006: [0mParameter 'topic' implicitly has an 'any' type.

[7m103[0m             const topicsList = validatedRow.topics.split(',').map(topic => topic.trim()); // Split comma separated topics
[7m   [0m [91m                                                                  ~~~~~[0m
[96msrc/controllers/question.controller.ts[0m:[93m106[0m:[93m71[0m - [91merror[0m[90m TS2345: [0mArgument of type 'unknown' is not assignable to parameter of type 'string'.

[7m106[0m                 const {topicId} = await getOrCreateTopicId(topicName, validatedRow.subject,"juniorCollege");
[7m   [0m [91m                                                                      ~~~~~~~~~~~~~~~~~~~~[0m
[96msrc/controllers/question.controller.ts[0m:[93m130[0m:[93m45[0m - [91merror[0m[90m TS2345: [0mArgument of type '{ questionText: unknown; options: unknown[]; correctOption: unknown; topicIds: any[]; explanation: unknown; }[]' is not assignable to parameter of type '{ questionText: string; options: string[]; correctOption: number; topicIds: ObjectId[]; explanation: string | undefined; }[]'.
  Type '{ questionText: unknown; options: unknown[]; correctOption: unknown; topicIds: any[]; explanation: unknown; }' is not assignable to type '{ questionText: string; options: string[]; correctOption: number; topicIds: ObjectId[]; explanation: string | undefined; }'.
    Types of property 'questionText' are incompatible.
      Type 'unknown' is not assignable to type 'string'.

[7m130[0m         await createQuestionsUpdateDatabase(questions);
[7m   [0m [91m                                            ~~~~~~~~~[0m

    at createTSError (F:\study_material\codes\__Mega_Project\02BackEnd\node_modules\ts-node\src\index.ts:859:12)
    at reportTSError (F:\study_material\codes\__Mega_Project\02BackEnd\node_modules\ts-node\src\index.ts:863:19)
    at getOutput (F:\study_material\codes\__Mega_Project\02BackEnd\node_modules\ts-node\src\index.ts:1077:36)
    at Object.compile (F:\study_material\codes\__Mega_Project\02BackEnd\node_modules\ts-node\src\index.ts:1433:41)
    at Module.m._compile (F:\study_material\codes\__Mega_Project\02BackEnd\node_modules\ts-node\src\index.ts:1617:30)
    at Module._extensions..js (node:internal/modules/cjs/loader:1416:10)
    at Object.require.extensions.<computed> [as .ts] (F:\study_material\codes\__Mega_Project\02BackEnd\node_modules\ts-node\src\index.ts:1621:12)
    at Module.load (node:internal/modules/cjs/loader:1208:32)
    at Function.Module._load (node:internal/modules/cjs/loader:1024:12)
    at Module.require (node:internal/modules/cjs/loader:1233:19)
2024-12-30 16:18:49 [[31merror[39m]: TSError: тип Unable to compile TypeScript:
[96msrc/controllers/question.controller.ts[0m:[93m103[0m:[93m32[0m - [91merror[0m[90m TS18046: [0m'validatedRow.topics' is of type 'unknown'.

[7m103[0m             const topicsList = validatedRow.topics.split(',').map(topic => topic.trim()); // Split comma separated topics
[7m   [0m [91m                               ~~~~~~~~~~~~~~~~~~~[0m
[96msrc/controllers/question.controller.ts[0m:[93m103[0m:[93m67[0m - [91merror[0m[90m TS7006: [0mParameter 'topic' implicitly has an 'any' type.

[7m103[0m             const topicsList = validatedRow.topics.split(',').map(topic => topic.trim()); // Split comma separated topics
[7m   [0m [91m                                                                  ~~~~~[0m
[96msrc/controllers/question.controller.ts[0m:[93m106[0m:[93m71[0m - [91merror[0m[90m TS2345: [0mArgument of type 'unknown' is not assignable to parameter of type 'string'.

[7m106[0m                 const {topicId} = await getOrCreateTopicId(topicName, validatedRow.subject,"juniorCollege");
[7m   [0m [91m                                                                      ~~~~~~~~~~~~~~~~~~~~[0m
[96msrc/controllers/question.controller.ts[0m:[93m130[0m:[93m45[0m - [91merror[0m[90m TS2345: [0mArgument of type '{ questionText: unknown; options: unknown[]; correctOption: unknown; topicIds: any[]; explanation: unknown; }[]' is not assignable to parameter of type '{ questionText: string; options: string[]; correctOption: number; topicIds: ObjectId[]; explanation: string | undefined; }[]'.
  Type '{ questionText: unknown; options: unknown[]; correctOption: unknown; topicIds: any[]; explanation: unknown; }' is not assignable to type '{ questionText: string; options: string[]; correctOption: number; topicIds: ObjectId[]; explanation: string | undefined; }'.
    Types of property 'questionText' are incompatible.
      Type 'unknown' is not assignable to type 'string'.

[7m130[0m         await createQuestionsUpdateDatabase(questions);
[7m   [0m [91m                                            ~~~~~~~~~[0m

    at createTSError (F:\study_material\codes\__Mega_Project\02BackEnd\node_modules\ts-node\src\index.ts:859:12)
    at reportTSError (F:\study_material\codes\__Mega_Project\02BackEnd\node_modules\ts-node\src\index.ts:863:19)
    at getOutput (F:\study_material\codes\__Mega_Project\02BackEnd\node_modules\ts-node\src\index.ts:1077:36)
    at Object.compile (F:\study_material\codes\__Mega_Project\02BackEnd\node_modules\ts-node\src\index.ts:1433:41)
    at Module.m._compile (F:\study_material\codes\__Mega_Project\02BackEnd\node_modules\ts-node\src\index.ts:1617:30)
    at Module._extensions..js (node:internal/modules/cjs/loader:1416:10)
    at Object.require.extensions.<computed> [as .ts] (F:\study_material\codes\__Mega_Project\02BackEnd\node_modules\ts-node\src\index.ts:1621:12)
    at Module.load (node:internal/modules/cjs/loader:1208:32)
    at Function.Module._load (node:internal/modules/cjs/loader:1024:12)
    at Module.require (node:internal/modules/cjs/loader:1233:19)
2024-12-30 16:20:34 [[31merror[39m]: TSError: тип Unable to compile TypeScript:
[96msrc/controllers/question.controller.ts[0m:[93m103[0m:[93m32[0m - [91merror[0m[90m TS18046: [0m'validatedRow.topics' is of type 'unknown'.

[7m103[0m             const topicsList = validatedRow.topics.split(',').map(topic => topic.trim()); // Split comma separated topics
[7m   [0m [91m                               ~~~~~~~~~~~~~~~~~~~[0m
[96msrc/controllers/question.controller.ts[0m:[93m103[0m:[93m67[0m - [91merror[0m[90m TS7006: [0mParameter 'topic' implicitly has an 'any' type.

[7m103[0m             const topicsList = validatedRow.topics.split(',').map(topic => topic.trim()); // Split comma separated topics
[7m   [0m [91m                                                                  ~~~~~[0m
[96msrc/controllers/question.controller.ts[0m:[93m106[0m:[93m71[0m - [91merror[0m[90m TS2345: [0mArgument of type 'unknown' is not assignable to parameter of type 'string'.

[7m106[0m                 const {topicId} = await getOrCreateTopicId(topicName, validatedRow.subject, "juniorCollege");
[7m   [0m [91m                                                                      ~~~~~~~~~~~~~~~~~~~~[0m
[96msrc/controllers/question.controller.ts[0m:[93m130[0m:[93m45[0m - [91merror[0m[90m TS2345: [0mArgument of type '{ questionText: unknown; options: unknown[]; correctOption: unknown; topicIds: any[]; explanation: unknown; }[]' is not assignable to parameter of type '{ questionText: string; options: string[]; correctOption: number; topicIds: ObjectId[]; explanation: string | undefined; }[]'.
  Type '{ questionText: unknown; options: unknown[]; correctOption: unknown; topicIds: any[]; explanation: unknown; }' is not assignable to type '{ questionText: string; options: string[]; correctOption: number; topicIds: ObjectId[]; explanation: string | undefined; }'.
    Types of property 'questionText' are incompatible.
      Type 'unknown' is not assignable to type 'string'.

[7m130[0m         await createQuestionsUpdateDatabase(questions);
[7m   [0m [91m                                            ~~~~~~~~~[0m

    at createTSError (F:\study_material\codes\__Mega_Project\02BackEnd\node_modules\ts-node\src\index.ts:859:12)
    at reportTSError (F:\study_material\codes\__Mega_Project\02BackEnd\node_modules\ts-node\src\index.ts:863:19)
    at getOutput (F:\study_material\codes\__Mega_Project\02BackEnd\node_modules\ts-node\src\index.ts:1077:36)
    at Object.compile (F:\study_material\codes\__Mega_Project\02BackEnd\node_modules\ts-node\src\index.ts:1433:41)
    at Module.m._compile (F:\study_material\codes\__Mega_Project\02BackEnd\node_modules\ts-node\src\index.ts:1617:30)
    at Module._extensions..js (node:internal/modules/cjs/loader:1416:10)
    at Object.require.extensions.<computed> [as .ts] (F:\study_material\codes\__Mega_Project\02BackEnd\node_modules\ts-node\src\index.ts:1621:12)
    at Module.load (node:internal/modules/cjs/loader:1208:32)
    at Function.Module._load (node:internal/modules/cjs/loader:1024:12)
    at Module.require (node:internal/modules/cjs/loader:1233:19)
2024-12-30 16:20:34 [[31merror[39m]: TSError: тип Unable to compile TypeScript:
[96msrc/controllers/question.controller.ts[0m:[93m103[0m:[93m32[0m - [91merror[0m[90m TS18046: [0m'validatedRow.topics' is of type 'unknown'.

[7m103[0m             const topicsList = validatedRow.topics.split(',').map(topic => topic.trim()); // Split comma separated topics
[7m   [0m [91m                               ~~~~~~~~~~~~~~~~~~~[0m
[96msrc/controllers/question.controller.ts[0m:[93m103[0m:[93m67[0m - [91merror[0m[90m TS7006: [0mParameter 'topic' implicitly has an 'any' type.

[7m103[0m             const topicsList = validatedRow.topics.split(',').map(topic => topic.trim()); // Split comma separated topics
[7m   [0m [91m                                                                  ~~~~~[0m
[96msrc/controllers/question.controller.ts[0m:[93m106[0m:[93m71[0m - [91merror[0m[90m TS2345: [0mArgument of type 'unknown' is not assignable to parameter of type 'string'.

[7m106[0m                 const {topicId} = await getOrCreateTopicId(topicName, validatedRow.subject, "juniorCollege");
[7m   [0m [91m                                                                      ~~~~~~~~~~~~~~~~~~~~[0m
[96msrc/controllers/question.controller.ts[0m:[93m130[0m:[93m45[0m - [91merror[0m[90m TS2345: [0mArgument of type '{ questionText: unknown; options: unknown[]; correctOption: unknown; topicIds: any[]; explanation: unknown; }[]' is not assignable to parameter of type '{ questionText: string; options: string[]; correctOption: number; topicIds: ObjectId[]; explanation: string | undefined; }[]'.
  Type '{ questionText: unknown; options: unknown[]; correctOption: unknown; topicIds: any[]; explanation: unknown; }' is not assignable to type '{ questionText: string; options: string[]; correctOption: number; topicIds: ObjectId[]; explanation: string | undefined; }'.
    Types of property 'questionText' are incompatible.
      Type 'unknown' is not assignable to type 'string'.

[7m130[0m         await createQuestionsUpdateDatabase(questions);
[7m   [0m [91m                                            ~~~~~~~~~[0m

    at createTSError (F:\study_material\codes\__Mega_Project\02BackEnd\node_modules\ts-node\src\index.ts:859:12)
    at reportTSError (F:\study_material\codes\__Mega_Project\02BackEnd\node_modules\ts-node\src\index.ts:863:19)
    at getOutput (F:\study_material\codes\__Mega_Project\02BackEnd\node_modules\ts-node\src\index.ts:1077:36)
    at Object.compile (F:\study_material\codes\__Mega_Project\02BackEnd\node_modules\ts-node\src\index.ts:1433:41)
    at Module.m._compile (F:\study_material\codes\__Mega_Project\02BackEnd\node_modules\ts-node\src\index.ts:1617:30)
    at Module._extensions..js (node:internal/modules/cjs/loader:1416:10)
    at Object.require.extensions.<computed> [as .ts] (F:\study_material\codes\__Mega_Project\02BackEnd\node_modules\ts-node\src\index.ts:1621:12)
    at Module.load (node:internal/modules/cjs/loader:1208:32)
    at Function.Module._load (node:internal/modules/cjs/loader:1024:12)
    at Module.require (node:internal/modules/cjs/loader:1233:19)
2024-12-30 16:22:48 [[31merror[39m]: TSError: тип Unable to compile TypeScript:
[96msrc/controllers/question.controller.ts[0m:[93m103[0m:[93m32[0m - [91merror[0m[90m TS18046: [0m'validatedRow.topics' is of type 'unknown'.

[7m103[0m             const topicsList = validatedRow.topics.split(',').map(topic => topic.trim()); // Split comma separated topics
[7m   [0m [91m                               ~~~~~~~~~~~~~~~~~~~[0m
[96msrc/controllers/question.controller.ts[0m:[93m103[0m:[93m67[0m - [91merror[0m[90m TS7006: [0mParameter 'topic' implicitly has an 'any' type.

[7m103[0m             const topicsList = validatedRow.topics.split(',').map(topic => topic.trim()); // Split comma separated topics
[7m   [0m [91m                                                                  ~~~~~[0m
[96msrc/controllers/question.controller.ts[0m:[93m106[0m:[93m71[0m - [91merror[0m[90m TS2345: [0mArgument of type 'unknown' is not assignable to parameter of type 'string'.

[7m106[0m                 const {topicId} = await getOrCreateTopicId(topicName, validatedRow.subject, "juniorCollege");
[7m   [0m [91m                                                                      ~~~~~~~~~~~~~~~~~~~~[0m
[96msrc/controllers/question.controller.ts[0m:[93m130[0m:[93m45[0m - [91merror[0m[90m TS2345: [0mArgument of type '{ questionText: unknown; options: unknown[]; correctOption: unknown; topicIds: any[]; explanation: unknown; }[]' is not assignable to parameter of type '{ questionText: string; options: string[]; correctOption: number; topicIds: ObjectId[]; explanation: string | undefined; }[]'.
  Type '{ questionText: unknown; options: unknown[]; correctOption: unknown; topicIds: any[]; explanation: unknown; }' is not assignable to type '{ questionText: string; options: string[]; correctOption: number; topicIds: ObjectId[]; explanation: string | undefined; }'.
    Types of property 'questionText' are incompatible.
      Type 'unknown' is not assignable to type 'string'.

[7m130[0m         await createQuestionsUpdateDatabase(questions);
[7m   [0m [91m                                            ~~~~~~~~~[0m

    at createTSError (F:\study_material\codes\__Mega_Project\02BackEnd\node_modules\ts-node\src\index.ts:859:12)
    at reportTSError (F:\study_material\codes\__Mega_Project\02BackEnd\node_modules\ts-node\src\index.ts:863:19)
    at getOutput (F:\study_material\codes\__Mega_Project\02BackEnd\node_modules\ts-node\src\index.ts:1077:36)
    at Object.compile (F:\study_material\codes\__Mega_Project\02BackEnd\node_modules\ts-node\src\index.ts:1433:41)
    at Module.m._compile (F:\study_material\codes\__Mega_Project\02BackEnd\node_modules\ts-node\src\index.ts:1617:30)
    at Module._extensions..js (node:internal/modules/cjs/loader:1416:10)
    at Object.require.extensions.<computed> [as .ts] (F:\study_material\codes\__Mega_Project\02BackEnd\node_modules\ts-node\src\index.ts:1621:12)
    at Module.load (node:internal/modules/cjs/loader:1208:32)
    at Function.Module._load (node:internal/modules/cjs/loader:1024:12)
    at Module.require (node:internal/modules/cjs/loader:1233:19)
2024-12-30 16:22:48 [[31merror[39m]: TSError: тип Unable to compile TypeScript:
[96msrc/controllers/question.controller.ts[0m:[93m103[0m:[93m32[0m - [91merror[0m[90m TS18046: [0m'validatedRow.topics' is of type 'unknown'.

[7m103[0m             const topicsList = validatedRow.topics.split(',').map(topic => topic.trim()); // Split comma separated topics
[7m   [0m [91m                               ~~~~~~~~~~~~~~~~~~~[0m
[96msrc/controllers/question.controller.ts[0m:[93m103[0m:[93m67[0m - [91merror[0m[90m TS7006: [0mParameter 'topic' implicitly has an 'any' type.

[7m103[0m             const topicsList = validatedRow.topics.split(',').map(topic => topic.trim()); // Split comma separated topics
[7m   [0m [91m                                                                  ~~~~~[0m
[96msrc/controllers/question.controller.ts[0m:[93m106[0m:[93m71[0m - [91merror[0m[90m TS2345: [0mArgument of type 'unknown' is not assignable to parameter of type 'string'.

[7m106[0m                 const {topicId} = await getOrCreateTopicId(topicName, validatedRow.subject, "juniorCollege");
[7m   [0m [91m                                                                      ~~~~~~~~~~~~~~~~~~~~[0m
[96msrc/controllers/question.controller.ts[0m:[93m130[0m:[93m45[0m - [91merror[0m[90m TS2345: [0mArgument of type '{ questionText: unknown; options: unknown[]; correctOption: unknown; topicIds: any[]; explanation: unknown; }[]' is not assignable to parameter of type '{ questionText: string; options: string[]; correctOption: number; topicIds: ObjectId[]; explanation: string | undefined; }[]'.
  Type '{ questionText: unknown; options: unknown[]; correctOption: unknown; topicIds: any[]; explanation: unknown; }' is not assignable to type '{ questionText: string; options: string[]; correctOption: number; topicIds: ObjectId[]; explanation: string | undefined; }'.
    Types of property 'questionText' are incompatible.
      Type 'unknown' is not assignable to type 'string'.

[7m130[0m         await createQuestionsUpdateDatabase(questions);
[7m   [0m [91m                                            ~~~~~~~~~[0m

    at createTSError (F:\study_material\codes\__Mega_Project\02BackEnd\node_modules\ts-node\src\index.ts:859:12)
    at reportTSError (F:\study_material\codes\__Mega_Project\02BackEnd\node_modules\ts-node\src\index.ts:863:19)
    at getOutput (F:\study_material\codes\__Mega_Project\02BackEnd\node_modules\ts-node\src\index.ts:1077:36)
    at Object.compile (F:\study_material\codes\__Mega_Project\02BackEnd\node_modules\ts-node\src\index.ts:1433:41)
    at Module.m._compile (F:\study_material\codes\__Mega_Project\02BackEnd\node_modules\ts-node\src\index.ts:1617:30)
    at Module._extensions..js (node:internal/modules/cjs/loader:1416:10)
    at Object.require.extensions.<computed> [as .ts] (F:\study_material\codes\__Mega_Project\02BackEnd\node_modules\ts-node\src\index.ts:1621:12)
    at Module.load (node:internal/modules/cjs/loader:1208:32)
    at Function.Module._load (node:internal/modules/cjs/loader:1024:12)
    at Module.require (node:internal/modules/cjs/loader:1233:19)
2024-12-30 16:24:11 [[31merror[39m]: Error: listen EADDRINUSE: address already in use :::5000
    at Server.setupListenHandle [as _listen2] (node:net:1898:16)
    at listenInCluster (node:net:1946:12)
    at Server.listen (node:net:2044:7)
    at Function.listen (F:\study_material\codes\__Mega_Project\02BackEnd\node_modules\express\lib\application.js:635:24)
    at F:\study_material\codes\__Mega_Project\02BackEnd\src\index.ts:10:9
    at processTicksAndRejections (node:internal/process/task_queues:95:5)
2024-12-30 16:25:33 [[31merror[39m]: Error: listen EADDRINUSE: address already in use :::5000
    at Server.setupListenHandle [as _listen2] (node:net:1898:16)
    at listenInCluster (node:net:1946:12)
    at Server.listen (node:net:2044:7)
    at Function.listen (F:\study_material\codes\__Mega_Project\02BackEnd\node_modules\express\lib\application.js:635:24)
    at F:\study_material\codes\__Mega_Project\02BackEnd\src\index.ts:10:9
    at processTicksAndRejections (node:internal/process/task_queues:95:5)
2024-12-30 16:26:25 [[31merror[39m]: Error: listen EADDRINUSE: address already in use :::5000
    at Server.setupListenHandle [as _listen2] (node:net:1898:16)
    at listenInCluster (node:net:1946:12)
    at Server.listen (node:net:2044:7)
    at Function.listen (F:\study_material\codes\__Mega_Project\02BackEnd\node_modules\express\lib\application.js:635:24)
    at F:\study_material\codes\__Mega_Project\02BackEnd\src\index.ts:10:9
    at processTicksAndRejections (node:internal/process/task_queues:95:5)
2024-12-30 16:26:59 [[31merror[39m]: Error: listen EADDRINUSE: address already in use :::5000
    at Server.setupListenHandle [as _listen2] (node:net:1898:16)
    at listenInCluster (node:net:1946:12)
    at Server.listen (node:net:2044:7)
    at Function.listen (F:\study_material\codes\__Mega_Project\02BackEnd\node_modules\express\lib\application.js:635:24)
    at F:\study_material\codes\__Mega_Project\02BackEnd\src\index.ts:10:9
    at processTicksAndRejections (node:internal/process/task_queues:95:5)
2024-12-30 16:34:29 [[31merror[39m]: Error: listen EADDRINUSE: address already in use :::5000
    at Server.setupListenHandle [as _listen2] (node:net:1898:16)
    at listenInCluster (node:net:1946:12)
    at Server.listen (node:net:2044:7)
    at Function.listen (F:\study_material\codes\__Mega_Project\02BackEnd\node_modules\express\lib\application.js:635:24)
    at F:\study_material\codes\__Mega_Project\02BackEnd\src\index.ts:10:9
    at processTicksAndRejections (node:internal/process/task_queues:95:5)
2024-12-30 16:35:12 [[31merror[39m]: Error: listen EADDRINUSE: address already in use :::5000
    at Server.setupListenHandle [as _listen2] (node:net:1898:16)
    at listenInCluster (node:net:1946:12)
    at Server.listen (node:net:2044:7)
    at Function.listen (F:\study_material\codes\__Mega_Project\02BackEnd\node_modules\express\lib\application.js:635:24)
    at F:\study_material\codes\__Mega_Project\02BackEnd\src\index.ts:10:9
    at processTicksAndRejections (node:internal/process/task_queues:95:5)
2024-12-30 16:48:17 [[31merror[39m]: TSError: тип Unable to compile TypeScript:
[96msrc/ZodSchema/excelSchema.ts[0m:[93m14[0m:[93m4[0m - [91merror[0m[90m TS1128: [0mDeclaration or statement expected.

[7m14[0m });});
[7m  [0m [91m   ~[0m
[96msrc/ZodSchema/excelSchema.ts[0m:[93m14[0m:[93m5[0m - [91merror[0m[90m TS1128: [0mDeclaration or statement expected.

[7m14[0m });});
[7m  [0m [91m    ~[0m

    at createTSError (F:\study_material\codes\__Mega_Project\02BackEnd\node_modules\ts-node\src\index.ts:859:12)
    at reportTSError (F:\study_material\codes\__Mega_Project\02BackEnd\node_modules\ts-node\src\index.ts:863:19)
    at getOutput (F:\study_material\codes\__Mega_Project\02BackEnd\node_modules\ts-node\src\index.ts:1077:36)
    at Object.compile (F:\study_material\codes\__Mega_Project\02BackEnd\node_modules\ts-node\src\index.ts:1433:41)
    at Module.m._compile (F:\study_material\codes\__Mega_Project\02BackEnd\node_modules\ts-node\src\index.ts:1617:30)
    at Module._extensions..js (node:internal/modules/cjs/loader:1416:10)
    at Object.require.extensions.<computed> [as .ts] (F:\study_material\codes\__Mega_Project\02BackEnd\node_modules\ts-node\src\index.ts:1621:12)
    at Module.load (node:internal/modules/cjs/loader:1208:32)
    at Function.Module._load (node:internal/modules/cjs/loader:1024:12)
    at Module.require (node:internal/modules/cjs/loader:1233:19)
2024-12-30 17:00:05 [[31merror[39m]: TSError: тип Unable to compile TypeScript:
[96msrc/controllers/question.controller.ts[0m:[93m48[0m:[93m22[0m - [91merror[0m[90m TS18047: [0m'domain' is possibly 'null'.

[7m48[0m     const domainId = domain.id;
[7m  [0m [91m                     ~~~~~~[0m
[96msrc/controllers/question.controller.ts[0m:[93m55[0m:[93m15[0m - [91merror[0m[90m TS18047: [0m'subject' is possibly 'null'.

[7m55[0m         await subject.save();
[7m  [0m [91m              ~~~~~~~[0m
[96msrc/controllers/question.controller.ts[0m:[93m62[0m:[93m24[0m - [91merror[0m[90m TS18047: [0m'subject' is possibly 'null'.

[7m62[0m             subjectId: subject.id,
[7m  [0m [91m                       ~~~~~~~[0m
[96msrc/controllers/question.controller.ts[0m:[93m64[0m:[93m15[0m - [91merror[0m[90m TS18047: [0m'topic' is possibly 'null'.

[7m64[0m         await topic.save();
[7m  [0m [91m              ~~~~~[0m
[96msrc/controllers/question.controller.ts[0m:[93m67[0m:[93m12[0m - [91merror[0m[90m TS18047: [0m'topic' is possibly 'null'.

[7m67[0m     return topic.id;
[7m  [0m [91m           ~~~~~[0m

    at createTSError (F:\study_material\codes\__Mega_Project\02BackEnd\node_modules\ts-node\src\index.ts:859:12)
    at reportTSError (F:\study_material\codes\__Mega_Project\02BackEnd\node_modules\ts-node\src\index.ts:863:19)
    at getOutput (F:\study_material\codes\__Mega_Project\02BackEnd\node_modules\ts-node\src\index.ts:1077:36)
    at Object.compile (F:\study_material\codes\__Mega_Project\02BackEnd\node_modules\ts-node\src\index.ts:1433:41)
    at Module.m._compile (F:\study_material\codes\__Mega_Project\02BackEnd\node_modules\ts-node\src\index.ts:1617:30)
    at Module._extensions..js (node:internal/modules/cjs/loader:1416:10)
    at Object.require.extensions.<computed> [as .ts] (F:\study_material\codes\__Mega_Project\02BackEnd\node_modules\ts-node\src\index.ts:1621:12)
    at Module.load (node:internal/modules/cjs/loader:1208:32)
    at Function.Module._load (node:internal/modules/cjs/loader:1024:12)
    at Module.require (node:internal/modules/cjs/loader:1233:19)
2024-12-30 17:01:58 [[31merror[39m]: TSError: тип Unable to compile TypeScript:
[96msrc/controllers/question.controller.ts[0m:[93m39[0m:[93m16[0m - [91merror[0m[90m TS18047: [0m'topic' is possibly 'null'.

[7m39[0m         return topic.id;
[7m  [0m [91m               ~~~~~[0m

    at createTSError (F:\study_material\codes\__Mega_Project\02BackEnd\node_modules\ts-node\src\index.ts:859:12)
    at reportTSError (F:\study_material\codes\__Mega_Project\02BackEnd\node_modules\ts-node\src\index.ts:863:19)
    at getOutput (F:\study_material\codes\__Mega_Project\02BackEnd\node_modules\ts-node\src\index.ts:1077:36)
    at Object.compile (F:\study_material\codes\__Mega_Project\02BackEnd\node_modules\ts-node\src\index.ts:1433:41)
    at Module.m._compile (F:\study_material\codes\__Mega_Project\02BackEnd\node_modules\ts-node\src\index.ts:1617:30)
    at Module._extensions..js (node:internal/modules/cjs/loader:1416:10)
    at Object.require.extensions.<computed> [as .ts] (F:\study_material\codes\__Mega_Project\02BackEnd\node_modules\ts-node\src\index.ts:1621:12)
    at Module.load (node:internal/modules/cjs/loader:1208:32)
    at Function.Module._load (node:internal/modules/cjs/loader:1024:12)
    at Module.require (node:internal/modules/cjs/loader:1233:19)
2024-12-30 17:34:44 [[31merror[39m]: TSError: тип Unable to compile TypeScript:
[96msrc/controllers/question.controller.ts[0m:[93m10[0m:[93m34[0m - [91merror[0m[90m TS2307: [0mCannot find module '../utils/excelProcessor' or its corresponding type declarations.

[7m10[0m import { processExcelData } from "../utils/excelProcessor";
[7m  [0m [91m                                 ~~~~~~~~~~~~~~~~~~~~~~~~~[0m

    at createTSError (F:\study_material\codes\__Mega_Project\02BackEnd\node_modules\ts-node\src\index.ts:859:12)
    at reportTSError (F:\study_material\codes\__Mega_Project\02BackEnd\node_modules\ts-node\src\index.ts:863:19)
    at getOutput (F:\study_material\codes\__Mega_Project\02BackEnd\node_modules\ts-node\src\index.ts:1077:36)
    at Object.compile (F:\study_material\codes\__Mega_Project\02BackEnd\node_modules\ts-node\src\index.ts:1433:41)
    at Module.m._compile (F:\study_material\codes\__Mega_Project\02BackEnd\node_modules\ts-node\src\index.ts:1617:30)
    at Module._extensions..js (node:internal/modules/cjs/loader:1416:10)
    at Object.require.extensions.<computed> [as .ts] (F:\study_material\codes\__Mega_Project\02BackEnd\node_modules\ts-node\src\index.ts:1621:12)
    at Module.load (node:internal/modules/cjs/loader:1208:32)
    at Function.Module._load (node:internal/modules/cjs/loader:1024:12)
    at Module.require (node:internal/modules/cjs/loader:1233:19)
2024-12-30 17:35:08 [[31merror[39m]: TSError: тип Unable to compile TypeScript:
[96msrc/controllers/question.controller.ts[0m:[93m10[0m:[93m34[0m - [91merror[0m[90m TS2306: [0mFile 'F:/study_material/codes/__Mega_Project/02BackEnd/src/utils/excelProcessor.ts' is not a module.

[7m10[0m import { processExcelData } from "../utils/excelProcessor";
[7m  [0m [91m                                 ~~~~~~~~~~~~~~~~~~~~~~~~~[0m

    at createTSError (F:\study_material\codes\__Mega_Project\02BackEnd\node_modules\ts-node\src\index.ts:859:12)
    at reportTSError (F:\study_material\codes\__Mega_Project\02BackEnd\node_modules\ts-node\src\index.ts:863:19)
    at getOutput (F:\study_material\codes\__Mega_Project\02BackEnd\node_modules\ts-node\src\index.ts:1077:36)
    at Object.compile (F:\study_material\codes\__Mega_Project\02BackEnd\node_modules\ts-node\src\index.ts:1433:41)
    at Module.m._compile (F:\study_material\codes\__Mega_Project\02BackEnd\node_modules\ts-node\src\index.ts:1617:30)
    at Module._extensions..js (node:internal/modules/cjs/loader:1416:10)
    at Object.require.extensions.<computed> [as .ts] (F:\study_material\codes\__Mega_Project\02BackEnd\node_modules\ts-node\src\index.ts:1621:12)
    at Module.load (node:internal/modules/cjs/loader:1208:32)
    at Function.Module._load (node:internal/modules/cjs/loader:1024:12)
    at Module.require (node:internal/modules/cjs/loader:1233:19)
2024-12-30 20:21:52 [[31merror[39m]: Error: listen EADDRINUSE: address already in use :::5000
    at Server.setupListenHandle [as _listen2] (node:net:1898:16)
    at listenInCluster (node:net:1946:12)
    at Server.listen (node:net:2044:7)
    at Function.listen (F:\study_material\codes\__Mega_Project\02BackEnd\node_modules\express\lib\application.js:635:24)
    at F:\study_material\codes\__Mega_Project\02BackEnd\src\index.ts:10:9
    at processTicksAndRejections (node:internal/process/task_queues:95:5)
2024-12-30 20:24:03 [[31merror[39m]: Error: listen EADDRINUSE: address already in use :::5000
    at Server.setupListenHandle [as _listen2] (node:net:1898:16)
    at listenInCluster (node:net:1946:12)
    at Server.listen (node:net:2044:7)
    at Function.listen (F:\study_material\codes\__Mega_Project\02BackEnd\node_modules\express\lib\application.js:635:24)
    at F:\study_material\codes\__Mega_Project\02BackEnd\src\index.ts:10:9
    at processTicksAndRejections (node:internal/process/task_queues:95:5)
2024-12-30 21:46:53 [[31merror[39m]: Error: listen EADDRINUSE: address already in use :::5000
    at Server.setupListenHandle [as _listen2] (node:net:1898:16)
    at listenInCluster (node:net:1946:12)
    at Server.listen (node:net:2044:7)
    at Function.listen (F:\study_material\codes\__Mega_Project\02BackEnd\node_modules\express\lib\application.js:635:24)
    at F:\study_material\codes\__Mega_Project\02BackEnd\src\index.ts:10:9
    at processTicksAndRejections (node:internal/process/task_queues:95:5)
2024-12-30 21:59:48 [[31merror[39m]: TSError: тип Unable to compile TypeScript:
[96msrc/router/test.routes.ts[0m:[93m43[0m:[93m35[0m - [91merror[0m[90m TS2304: [0mCannot find name 'createCETTest'.

[7m43[0m router.post('/juniorcollege/cet', createCETTest);
[7m  [0m [91m                                  ~~~~~~~~~~~~~[0m

    at createTSError (F:\study_material\codes\__Mega_Project\02BackEnd\node_modules\ts-node\src\index.ts:859:12)
    at reportTSError (F:\study_material\codes\__Mega_Project\02BackEnd\node_modules\ts-node\src\index.ts:863:19)
    at getOutput (F:\study_material\codes\__Mega_Project\02BackEnd\node_modules\ts-node\src\index.ts:1077:36)
    at Object.compile (F:\study_material\codes\__Mega_Project\02BackEnd\node_modules\ts-node\src\index.ts:1433:41)
    at Module.m._compile (F:\study_material\codes\__Mega_Project\02BackEnd\node_modules\ts-node\src\index.ts:1617:30)
    at Module._extensions..js (node:internal/modules/cjs/loader:1416:10)
    at Object.require.extensions.<computed> [as .ts] (F:\study_material\codes\__Mega_Project\02BackEnd\node_modules\ts-node\src\index.ts:1621:12)
    at Module.load (node:internal/modules/cjs/loader:1208:32)
    at Function.Module._load (node:internal/modules/cjs/loader:1024:12)
    at Module.require (node:internal/modules/cjs/loader:1233:19)
2024-12-30 22:16:07 [[31merror[39m]: TSError: тип Unable to compile TypeScript:
[96msrc/controllers/test.controller.ts[0m:[93m123[0m:[93m30[0m - [91merror[0m[90m TS2339: [0mProperty 'correctOption' does not exist on type 'IQuestion'.

[7m123[0m             correctOption: q.correctOption,
[7m   [0m [91m                             ~~~~~~~~~~~~~[0m

    at createTSError (F:\study_material\codes\__Mega_Project\02BackEnd\node_modules\ts-node\src\index.ts:859:12)
    at reportTSError (F:\study_material\codes\__Mega_Project\02BackEnd\node_modules\ts-node\src\index.ts:863:19)
    at getOutput (F:\study_material\codes\__Mega_Project\02BackEnd\node_modules\ts-node\src\index.ts:1077:36)
    at Object.compile (F:\study_material\codes\__Mega_Project\02BackEnd\node_modules\ts-node\src\index.ts:1433:41)
    at Module.m._compile (F:\study_material\codes\__Mega_Project\02BackEnd\node_modules\ts-node\src\index.ts:1617:30)
    at Module._extensions..js (node:internal/modules/cjs/loader:1416:10)
    at Object.require.extensions.<computed> [as .ts] (F:\study_material\codes\__Mega_Project\02BackEnd\node_modules\ts-node\src\index.ts:1621:12)
    at Module.load (node:internal/modules/cjs/loader:1208:32)
    at Function.Module._load (node:internal/modules/cjs/loader:1024:12)
    at Module.require (node:internal/modules/cjs/loader:1233:19)
2024-12-30 22:36:40 [[31merror[39m]: Error: listen EADDRINUSE: address already in use :::5000
    at Server.setupListenHandle [as _listen2] (node:net:1898:16)
    at listenInCluster (node:net:1946:12)
    at Server.listen (node:net:2044:7)
    at Function.listen (F:\study_material\codes\__Mega_Project\02BackEnd\node_modules\express\lib\application.js:635:24)
    at F:\study_material\codes\__Mega_Project\02BackEnd\src\index.ts:10:9
    at processTicksAndRejections (node:internal/process/task_queues:95:5)
2024-12-30 22:42:54 [[31merror[39m]: Error: listen EADDRINUSE: address already in use :::5000
    at Server.setupListenHandle [as _listen2] (node:net:1898:16)
    at listenInCluster (node:net:1946:12)
    at Server.listen (node:net:2044:7)
    at Function.listen (F:\study_material\codes\__Mega_Project\02BackEnd\node_modules\express\lib\application.js:635:24)
    at F:\study_material\codes\__Mega_Project\02BackEnd\src\index.ts:10:9
    at processTicksAndRejections (node:internal/process/task_queues:95:5)
2024-12-30 22:45:15 [[31merror[39m]: Error: listen EADDRINUSE: address already in use :::5000
    at Server.setupListenHandle [as _listen2] (node:net:1898:16)
    at listenInCluster (node:net:1946:12)
    at Server.listen (node:net:2044:7)
    at Function.listen (F:\study_material\codes\__Mega_Project\02BackEnd\node_modules\express\lib\application.js:635:24)
    at F:\study_material\codes\__Mega_Project\02BackEnd\src\index.ts:10:9
    at processTicksAndRejections (node:internal/process/task_queues:95:5)
2024-12-30 23:02:34 [[31merror[39m]: TSError: тип Unable to compile TypeScript:
[96msrc/controllers/test.controller.ts[0m:[93m169[0m:[93m36[0m - [91merror[0m[90m TS2345: [0mArgument of type '(req: AuthenticatedRequest, res: Response) => Promise<{ testDetails: { test: Document<unknown, {}, ITest> & ITest & Required<{ _id: unknown; }> & { __v?: number; }; questions: { ...; }[]; }; }>' is not assignable to parameter of type '(req: Request<ParamsDictionary, any, any, ParsedQs, Record<string, any>>, res: Response<any, Record<string, any>>, next: NextFunction) => Promise<...>'.
  Type 'Promise<{ testDetails: { test: Document<unknown, {}, ITest> & ITest & Required<{ _id: unknown; }> & { __v?: number | undefined; }; questions: { question: any; options: any; answer: any; }[]; }; }>' is not assignable to type 'Promise<void>'.
    Type '{ testDetails: { test: Document<unknown, {}, ITest> & ITest & Required<{ _id: unknown; }> & { __v?: number; }; questions: { question: any; options: any; answer: any; }[]; }; }' is not assignable to type 'void'.

[7m169[0m const createCETTest = asyncHandler(async (req: AuthenticatedRequest, res: Response) => {
[7m   [0m [91m                                   ~~~~~~~~~~~~~~~~~~~~~~~~~~~~~~~~~~~~~~~~~~~~~~~~~~~~~[0m

    at createTSError (F:\study_material\codes\__Mega_Project\02BackEnd\node_modules\ts-node\src\index.ts:859:12)
    at reportTSError (F:\study_material\codes\__Mega_Project\02BackEnd\node_modules\ts-node\src\index.ts:863:19)
    at getOutput (F:\study_material\codes\__Mega_Project\02BackEnd\node_modules\ts-node\src\index.ts:1077:36)
    at Object.compile (F:\study_material\codes\__Mega_Project\02BackEnd\node_modules\ts-node\src\index.ts:1433:41)
    at Module.m._compile (F:\study_material\codes\__Mega_Project\02BackEnd\node_modules\ts-node\src\index.ts:1617:30)
    at Module._extensions..js (node:internal/modules/cjs/loader:1416:10)
    at Object.require.extensions.<computed> [as .ts] (F:\study_material\codes\__Mega_Project\02BackEnd\node_modules\ts-node\src\index.ts:1621:12)
    at Module.load (node:internal/modules/cjs/loader:1208:32)
    at Function.Module._load (node:internal/modules/cjs/loader:1024:12)
    at Module.require (node:internal/modules/cjs/loader:1233:19)
2024-12-30 23:04:41 [[31merror[39m]: TSError: тип Unable to compile TypeScript:
[96msrc/controllers/test.controller.ts[0m:[93m172[0m:[93m6[0m - [91merror[0m[90m TS1005: [0m')' expected.

[7m172[0m     );
[7m   [0m [91m     ~[0m

    at createTSError (F:\study_material\codes\__Mega_Project\02BackEnd\node_modules\ts-node\src\index.ts:859:12)
    at reportTSError (F:\study_material\codes\__Mega_Project\02BackEnd\node_modules\ts-node\src\index.ts:863:19)
    at getOutput (F:\study_material\codes\__Mega_Project\02BackEnd\node_modules\ts-node\src\index.ts:1077:36)
    at Object.compile (F:\study_material\codes\__Mega_Project\02BackEnd\node_modules\ts-node\src\index.ts:1433:41)
    at Module.m._compile (F:\study_material\codes\__Mega_Project\02BackEnd\node_modules\ts-node\src\index.ts:1617:30)
    at Module._extensions..js (node:internal/modules/cjs/loader:1416:10)
    at Object.require.extensions.<computed> [as .ts] (F:\study_material\codes\__Mega_Project\02BackEnd\node_modules\ts-node\src\index.ts:1621:12)
    at Module.load (node:internal/modules/cjs/loader:1208:32)
    at Function.Module._load (node:internal/modules/cjs/loader:1024:12)
    at Module.require (node:internal/modules/cjs/loader:1233:19)
2024-12-30 23:09:42 [[31merror[39m]: TSError: тип Unable to compile TypeScript:
[96msrc/utils/excelProcessor.ts[0m:[93m79[0m:[93m37[0m - [91merror[0m[90m TS2345: [0mArgument of type '{ questionText: string; options: string[]; answer: number; topicIds: string[]; explanation: string; }' is not assignable to parameter of type 'ProcessedRow'.
  Property 'standard' is missing in type '{ questionText: string; options: string[]; answer: number; topicIds: string[]; explanation: string; }' but required in type 'ProcessedRow'.

[7m 79[0m             processedQuestions.push({
[7m   [0m [91m                                    ~[0m
[7m 80[0m                 questionText: validatedRow.question,
[7m   [0m [91m~~~~~~~~~~~~~~~~~~~~~~~~~~~~~~~~~~~~~~~~~~~~~~~~~~~~[0m
[7m...[0m 
[7m 89[0m                 explanation: validatedRow.explanation
[7m   [0m [91m~~~~~~~~~~~~~~~~~~~~~~~~~~~~~~~~~~~~~~~~~~~~~~~~~~~~~[0m
[7m 90[0m             });
[7m   [0m [91m~~~~~~~~~~~~~[0m

  [96msrc/utils/excelProcessor.ts[0m:[93m15[0m:[93m5[0m
    [7m15[0m     standard: number;
    [7m  [0m [96m    ~~~~~~~~[0m
    'standard' is declared here.

    at createTSError (F:\study_material\codes\__Mega_Project\02BackEnd\node_modules\ts-node\src\index.ts:859:12)
    at reportTSError (F:\study_material\codes\__Mega_Project\02BackEnd\node_modules\ts-node\src\index.ts:863:19)
    at getOutput (F:\study_material\codes\__Mega_Project\02BackEnd\node_modules\ts-node\src\index.ts:1077:36)
    at Object.compile (F:\study_material\codes\__Mega_Project\02BackEnd\node_modules\ts-node\src\index.ts:1433:41)
    at Module.m._compile (F:\study_material\codes\__Mega_Project\02BackEnd\node_modules\ts-node\src\index.ts:1617:30)
    at Module._extensions..js (node:internal/modules/cjs/loader:1416:10)
    at Object.require.extensions.<computed> [as .ts] (F:\study_material\codes\__Mega_Project\02BackEnd\node_modules\ts-node\src\index.ts:1621:12)
    at Module.load (node:internal/modules/cjs/loader:1208:32)
    at Function.Module._load (node:internal/modules/cjs/loader:1024:12)
    at Module.require (node:internal/modules/cjs/loader:1233:19)
2024-12-30 23:23:23 [[31merror[39m]: TSError: тип Unable to compile TypeScript:
[96msrc/controllers/test.controller.ts[0m:[93m211[0m:[93m32[0m - [91merror[0m[90m TS18004: [0mNo value exists in scope for the shorthand property 'testDetails'. Either declare one or provide an initializer.

[7m211[0m         new ApiResponse(201, { testDetails }, "CET Test created successfully")
[7m   [0m [91m                               ~~~~~~~~~~~[0m

    at createTSError (F:\study_material\codes\__Mega_Project\02BackEnd\node_modules\ts-node\src\index.ts:859:12)
    at reportTSError (F:\study_material\codes\__Mega_Project\02BackEnd\node_modules\ts-node\src\index.ts:863:19)
    at getOutput (F:\study_material\codes\__Mega_Project\02BackEnd\node_modules\ts-node\src\index.ts:1077:36)
    at Object.compile (F:\study_material\codes\__Mega_Project\02BackEnd\node_modules\ts-node\src\index.ts:1433:41)
    at Module.m._compile (F:\study_material\codes\__Mega_Project\02BackEnd\node_modules\ts-node\src\index.ts:1617:30)
    at Module._extensions..js (node:internal/modules/cjs/loader:1416:10)
    at Object.require.extensions.<computed> [as .ts] (F:\study_material\codes\__Mega_Project\02BackEnd\node_modules\ts-node\src\index.ts:1621:12)
    at Module.load (node:internal/modules/cjs/loader:1208:32)
    at Function.Module._load (node:internal/modules/cjs/loader:1024:12)
    at Module.require (node:internal/modules/cjs/loader:1233:19)
2024-12-30 23:23:32 [[31merror[39m]: TSError: тип Unable to compile TypeScript:
[96msrc/controllers/test.controller.ts[0m:[93m213[0m:[93m32[0m - [91merror[0m[90m TS18004: [0mNo value exists in scope for the shorthand property 'testDetails'. Either declare one or provide an initializer.

[7m213[0m         new ApiResponse(201, { testDetails }, "CET Test created successfully")
[7m   [0m [91m                               ~~~~~~~~~~~[0m

    at createTSError (F:\study_material\codes\__Mega_Project\02BackEnd\node_modules\ts-node\src\index.ts:859:12)
    at reportTSError (F:\study_material\codes\__Mega_Project\02BackEnd\node_modules\ts-node\src\index.ts:863:19)
    at getOutput (F:\study_material\codes\__Mega_Project\02BackEnd\node_modules\ts-node\src\index.ts:1077:36)
    at Object.compile (F:\study_material\codes\__Mega_Project\02BackEnd\node_modules\ts-node\src\index.ts:1433:41)
    at Module.m._compile (F:\study_material\codes\__Mega_Project\02BackEnd\node_modules\ts-node\src\index.ts:1617:30)
    at Module._extensions..js (node:internal/modules/cjs/loader:1416:10)
    at Object.require.extensions.<computed> [as .ts] (F:\study_material\codes\__Mega_Project\02BackEnd\node_modules\ts-node\src\index.ts:1621:12)
    at Module.load (node:internal/modules/cjs/loader:1208:32)
    at Function.Module._load (node:internal/modules/cjs/loader:1024:12)
    at Module.require (node:internal/modules/cjs/loader:1233:19)
2024-12-30 23:23:50 [[31merror[39m]: TSError: тип Unable to compile TypeScript:
[96msrc/controllers/test.controller.ts[0m:[93m213[0m:[93m32[0m - [91merror[0m[90m TS2448: [0mBlock-scoped variable 'testDetails' used before its declaration.

[7m213[0m         new ApiResponse(201, { testDetails }, "CET Test created successfully")
[7m   [0m [91m                               ~~~~~~~~~~~[0m

  [96msrc/controllers/test.controller.ts[0m:[93m208[0m:[93m11[0m
    [7m208[0m     const testDetails =
    [7m   [0m [96m          ~~~~~~~~~~~[0m
    'testDetails' is declared here.
[96msrc/controllers/test.controller.ts[0m:[93m213[0m:[93m32[0m - [91merror[0m[90m TS2454: [0mVariable 'testDetails' is used before being assigned.

[7m213[0m         new ApiResponse(201, { testDetails }, "CET Test created successfully")
[7m   [0m [91m                               ~~~~~~~~~~~[0m

    at createTSError (F:\study_material\codes\__Mega_Project\02BackEnd\node_modules\ts-node\src\index.ts:859:12)
    at reportTSError (F:\study_material\codes\__Mega_Project\02BackEnd\node_modules\ts-node\src\index.ts:863:19)
    at getOutput (F:\study_material\codes\__Mega_Project\02BackEnd\node_modules\ts-node\src\index.ts:1077:36)
    at Object.compile (F:\study_material\codes\__Mega_Project\02BackEnd\node_modules\ts-node\src\index.ts:1433:41)
    at Module.m._compile (F:\study_material\codes\__Mega_Project\02BackEnd\node_modules\ts-node\src\index.ts:1617:30)
    at Module._extensions..js (node:internal/modules/cjs/loader:1416:10)
    at Object.require.extensions.<computed> [as .ts] (F:\study_material\codes\__Mega_Project\02BackEnd\node_modules\ts-node\src\index.ts:1621:12)
    at Module.load (node:internal/modules/cjs/loader:1208:32)
    at Function.Module._load (node:internal/modules/cjs/loader:1024:12)
    at Module.require (node:internal/modules/cjs/loader:1233:19)
2024-12-30 23:23:54 [[31merror[39m]: TSError: тип Unable to compile TypeScript:
[96msrc/controllers/test.controller.ts[0m:[93m213[0m:[93m32[0m - [91merror[0m[90m TS2448: [0mBlock-scoped variable 'testDetails' used before its declaration.

[7m213[0m         new ApiResponse(201, { testDetails }, "CET Test created successfully")
[7m   [0m [91m                               ~~~~~~~~~~~[0m

  [96msrc/controllers/test.controller.ts[0m:[93m208[0m:[93m11[0m
    [7m208[0m     const testDetails =
    [7m   [0m [96m          ~~~~~~~~~~~[0m
    'testDetails' is declared here.
[96msrc/controllers/test.controller.ts[0m:[93m213[0m:[93m32[0m - [91merror[0m[90m TS2454: [0mVariable 'testDetails' is used before being assigned.

[7m213[0m         new ApiResponse(201, { testDetails }, "CET Test created successfully")
[7m   [0m [91m                               ~~~~~~~~~~~[0m

    at createTSError (F:\study_material\codes\__Mega_Project\02BackEnd\node_modules\ts-node\src\index.ts:859:12)
    at reportTSError (F:\study_material\codes\__Mega_Project\02BackEnd\node_modules\ts-node\src\index.ts:863:19)
    at getOutput (F:\study_material\codes\__Mega_Project\02BackEnd\node_modules\ts-node\src\index.ts:1077:36)
    at Object.compile (F:\study_material\codes\__Mega_Project\02BackEnd\node_modules\ts-node\src\index.ts:1433:41)
    at Module.m._compile (F:\study_material\codes\__Mega_Project\02BackEnd\node_modules\ts-node\src\index.ts:1617:30)
    at Module._extensions..js (node:internal/modules/cjs/loader:1416:10)
    at Object.require.extensions.<computed> [as .ts] (F:\study_material\codes\__Mega_Project\02BackEnd\node_modules\ts-node\src\index.ts:1621:12)
    at Module.load (node:internal/modules/cjs/loader:1208:32)
    at Function.Module._load (node:internal/modules/cjs/loader:1024:12)
    at Module.require (node:internal/modules/cjs/loader:1233:19)
2024-12-30 23:24:10 [[31merror[39m]: TSError: тип Unable to compile TypeScript:
[96msrc/controllers/test.controller.ts[0m:[93m208[0m:[93m31[0m - [91merror[0m[90m TS2554: [0mExpected 2 arguments, but got 0.

[7m208[0m     const testDetails = await createCustomTest()
[7m   [0m [91m                              ~~~~~~~~~~~~~~~~[0m

  [96msrc/controllers/test.controller.ts[0m:[93m19[0m:[93m33[0m
    [7m19[0m const createCustomTest = async (user: IUser, body: any) => {
    [7m  [0m [96m                                ~~~~~~~~~~~[0m
    An argument for 'user' was not provided.

    at createTSError (F:\study_material\codes\__Mega_Project\02BackEnd\node_modules\ts-node\src\index.ts:859:12)
    at reportTSError (F:\study_material\codes\__Mega_Project\02BackEnd\node_modules\ts-node\src\index.ts:863:19)
    at getOutput (F:\study_material\codes\__Mega_Project\02BackEnd\node_modules\ts-node\src\index.ts:1077:36)
    at Object.compile (F:\study_material\codes\__Mega_Project\02BackEnd\node_modules\ts-node\src\index.ts:1433:41)
    at Module.m._compile (F:\study_material\codes\__Mega_Project\02BackEnd\node_modules\ts-node\src\index.ts:1617:30)
    at Module._extensions..js (node:internal/modules/cjs/loader:1416:10)
    at Object.require.extensions.<computed> [as .ts] (F:\study_material\codes\__Mega_Project\02BackEnd\node_modules\ts-node\src\index.ts:1621:12)
    at Module.load (node:internal/modules/cjs/loader:1208:32)
    at Function.Module._load (node:internal/modules/cjs/loader:1024:12)
    at Module.require (node:internal/modules/cjs/loader:1233:19)
2024-12-30 23:24:36 [[31merror[39m]: TSError: тип Unable to compile TypeScript:
[96msrc/controllers/test.controller.ts[0m:[93m207[0m:[93m68[0m - [91merror[0m[90m TS2304: [0mCannot find name 'body'.

[7m207[0m     const { time, numberOfQuestions, topicList, educationLevel } = body;
[7m   [0m [91m                                                                   ~~~~[0m
[96msrc/controllers/test.controller.ts[0m:[93m209[0m:[93m31[0m - [91merror[0m[90m TS2554: [0mExpected 2 arguments, but got 0.

[7m209[0m     const testDetails = await createCustomTest()
[7m   [0m [91m                              ~~~~~~~~~~~~~~~~[0m

  [96msrc/controllers/test.controller.ts[0m:[93m19[0m:[93m33[0m
    [7m19[0m const createCustomTest = async (user: IUser, body: any) => {
    [7m  [0m [96m                                ~~~~~~~~~~~[0m
    An argument for 'user' was not provided.

    at createTSError (F:\study_material\codes\__Mega_Project\02BackEnd\node_modules\ts-node\src\index.ts:859:12)
    at reportTSError (F:\study_material\codes\__Mega_Project\02BackEnd\node_modules\ts-node\src\index.ts:863:19)
    at getOutput (F:\study_material\codes\__Mega_Project\02BackEnd\node_modules\ts-node\src\index.ts:1077:36)
    at Object.compile (F:\study_material\codes\__Mega_Project\02BackEnd\node_modules\ts-node\src\index.ts:1433:41)
    at Module.m._compile (F:\study_material\codes\__Mega_Project\02BackEnd\node_modules\ts-node\src\index.ts:1617:30)
    at Module._extensions..js (node:internal/modules/cjs/loader:1416:10)
    at Object.require.extensions.<computed> [as .ts] (F:\study_material\codes\__Mega_Project\02BackEnd\node_modules\ts-node\src\index.ts:1621:12)
    at Module.load (node:internal/modules/cjs/loader:1208:32)
    at Function.Module._load (node:internal/modules/cjs/loader:1024:12)
    at Module.require (node:internal/modules/cjs/loader:1233:19)
2024-12-30 23:24:40 [[31merror[39m]: TSError: тип Unable to compile TypeScript:
[96msrc/controllers/test.controller.ts[0m:[93m207[0m:[93m68[0m - [91merror[0m[90m TS2304: [0mCannot find name 'body'.

[7m207[0m     const { time, numberOfQuestions, topicList, educationLevel } = body;
[7m   [0m [91m                                                                   ~~~~[0m
[96msrc/controllers/test.controller.ts[0m:[93m209[0m:[93m31[0m - [91merror[0m[90m TS2554: [0mExpected 2 arguments, but got 1.

[7m209[0m     const testDetails = await createCustomTest(user, )
[7m   [0m [91m                              ~~~~~~~~~~~~~~~~[0m

  [96msrc/controllers/test.controller.ts[0m:[93m19[0m:[93m46[0m
    [7m19[0m const createCustomTest = async (user: IUser, body: any) => {
    [7m  [0m [96m                                             ~~~~~~~~~[0m
    An argument for 'body' was not provided.

    at createTSError (F:\study_material\codes\__Mega_Project\02BackEnd\node_modules\ts-node\src\index.ts:859:12)
    at reportTSError (F:\study_material\codes\__Mega_Project\02BackEnd\node_modules\ts-node\src\index.ts:863:19)
    at getOutput (F:\study_material\codes\__Mega_Project\02BackEnd\node_modules\ts-node\src\index.ts:1077:36)
    at Object.compile (F:\study_material\codes\__Mega_Project\02BackEnd\node_modules\ts-node\src\index.ts:1433:41)
    at Module.m._compile (F:\study_material\codes\__Mega_Project\02BackEnd\node_modules\ts-node\src\index.ts:1617:30)
    at Module._extensions..js (node:internal/modules/cjs/loader:1416:10)
    at Object.require.extensions.<computed> [as .ts] (F:\study_material\codes\__Mega_Project\02BackEnd\node_modules\ts-node\src\index.ts:1621:12)
    at Module.load (node:internal/modules/cjs/loader:1208:32)
    at Function.Module._load (node:internal/modules/cjs/loader:1024:12)
    at Module.require (node:internal/modules/cjs/loader:1233:19)
2024-12-30 23:24:49 [[31merror[39m]: TSError: тип Unable to compile TypeScript:
[96msrc/controllers/test.controller.ts[0m:[93m207[0m:[93m68[0m - [91merror[0m[90m TS2304: [0mCannot find name 'body'.

[7m207[0m     const { time, numberOfQuestions, topicList, educationLevel } = body;
[7m   [0m [91m                                                                   ~~~~[0m
[96msrc/controllers/test.controller.ts[0m:[93m209[0m:[93m58[0m - [91merror[0m[90m TS1005: [0m':' expected.

[7m209[0m     const testDetails = await createCustomTest(user, {180})
[7m   [0m [91m                                                         ~[0m

    at createTSError (F:\study_material\codes\__Mega_Project\02BackEnd\node_modules\ts-node\src\index.ts:859:12)
    at reportTSError (F:\study_material\codes\__Mega_Project\02BackEnd\node_modules\ts-node\src\index.ts:863:19)
    at getOutput (F:\study_material\codes\__Mega_Project\02BackEnd\node_modules\ts-node\src\index.ts:1077:36)
    at Object.compile (F:\study_material\codes\__Mega_Project\02BackEnd\node_modules\ts-node\src\index.ts:1433:41)
    at Module.m._compile (F:\study_material\codes\__Mega_Project\02BackEnd\node_modules\ts-node\src\index.ts:1617:30)
    at Module._extensions..js (node:internal/modules/cjs/loader:1416:10)
    at Object.require.extensions.<computed> [as .ts] (F:\study_material\codes\__Mega_Project\02BackEnd\node_modules\ts-node\src\index.ts:1621:12)
    at Module.load (node:internal/modules/cjs/loader:1208:32)
    at Function.Module._load (node:internal/modules/cjs/loader:1024:12)
    at Module.require (node:internal/modules/cjs/loader:1233:19)
2024-12-30 23:25:06 [[31merror[39m]: TSError: тип Unable to compile TypeScript:
[96msrc/controllers/test.controller.ts[0m:[93m207[0m:[93m68[0m - [91merror[0m[90m TS2304: [0mCannot find name 'body'.

[7m207[0m     const { time, numberOfQuestions, topicList, educationLevel } = body;
[7m   [0m [91m                                                                   ~~~~[0m

    at createTSError (F:\study_material\codes\__Mega_Project\02BackEnd\node_modules\ts-node\src\index.ts:859:12)
    at reportTSError (F:\study_material\codes\__Mega_Project\02BackEnd\node_modules\ts-node\src\index.ts:863:19)
    at getOutput (F:\study_material\codes\__Mega_Project\02BackEnd\node_modules\ts-node\src\index.ts:1077:36)
    at Object.compile (F:\study_material\codes\__Mega_Project\02BackEnd\node_modules\ts-node\src\index.ts:1433:41)
    at Module.m._compile (F:\study_material\codes\__Mega_Project\02BackEnd\node_modules\ts-node\src\index.ts:1617:30)
    at Module._extensions..js (node:internal/modules/cjs/loader:1416:10)
    at Object.require.extensions.<computed> [as .ts] (F:\study_material\codes\__Mega_Project\02BackEnd\node_modules\ts-node\src\index.ts:1621:12)
    at Module.load (node:internal/modules/cjs/loader:1208:32)
    at Function.Module._load (node:internal/modules/cjs/loader:1024:12)
    at Module.require (node:internal/modules/cjs/loader:1233:19)
2024-12-30 23:25:11 [[31merror[39m]: TSError: тип Unable to compile TypeScript:
[96msrc/controllers/test.controller.ts[0m:[93m207[0m:[93m68[0m - [91merror[0m[90m TS2304: [0mCannot find name 'body'.

[7m207[0m     const { time, numberOfQuestions, topicList, educationLevel } = body;
[7m   [0m [91m                                                                   ~~~~[0m

    at createTSError (F:\study_material\codes\__Mega_Project\02BackEnd\node_modules\ts-node\src\index.ts:859:12)
    at reportTSError (F:\study_material\codes\__Mega_Project\02BackEnd\node_modules\ts-node\src\index.ts:863:19)
    at getOutput (F:\study_material\codes\__Mega_Project\02BackEnd\node_modules\ts-node\src\index.ts:1077:36)
    at Object.compile (F:\study_material\codes\__Mega_Project\02BackEnd\node_modules\ts-node\src\index.ts:1433:41)
    at Module.m._compile (F:\study_material\codes\__Mega_Project\02BackEnd\node_modules\ts-node\src\index.ts:1617:30)
    at Module._extensions..js (node:internal/modules/cjs/loader:1416:10)
    at Object.require.extensions.<computed> [as .ts] (F:\study_material\codes\__Mega_Project\02BackEnd\node_modules\ts-node\src\index.ts:1621:12)
    at Module.load (node:internal/modules/cjs/loader:1208:32)
    at Function.Module._load (node:internal/modules/cjs/loader:1024:12)
    at Module.require (node:internal/modules/cjs/loader:1233:19)
2024-12-30 23:25:17 [[31merror[39m]: TSError: тип Unable to compile TypeScript:
[96msrc/controllers/test.controller.ts[0m:[93m207[0m:[93m68[0m - [91merror[0m[90m TS2304: [0mCannot find name 'body'.

[7m207[0m     const { time, numberOfQuestions, topicList, educationLevel } = body;
[7m   [0m [91m                                                                   ~~~~[0m
[96msrc/controllers/test.controller.ts[0m:[93m209[0m:[93m99[0m - [91merror[0m[90m TS1109: [0mExpression expected.

[7m209[0m     const testDetails = await createCustomTest(user, {time:180, numberOfQuestions: 100, topicList:, educationLevel: "juniorcollege"});
[7m   [0m [91m                                                                                                  ~[0m

    at createTSError (F:\study_material\codes\__Mega_Project\02BackEnd\node_modules\ts-node\src\index.ts:859:12)
    at reportTSError (F:\study_material\codes\__Mega_Project\02BackEnd\node_modules\ts-node\src\index.ts:863:19)
    at getOutput (F:\study_material\codes\__Mega_Project\02BackEnd\node_modules\ts-node\src\index.ts:1077:36)
    at Object.compile (F:\study_material\codes\__Mega_Project\02BackEnd\node_modules\ts-node\src\index.ts:1433:41)
    at Module.m._compile (F:\study_material\codes\__Mega_Project\02BackEnd\node_modules\ts-node\src\index.ts:1617:30)
    at Module._extensions..js (node:internal/modules/cjs/loader:1416:10)
    at Object.require.extensions.<computed> [as .ts] (F:\study_material\codes\__Mega_Project\02BackEnd\node_modules\ts-node\src\index.ts:1621:12)
    at Module.load (node:internal/modules/cjs/loader:1208:32)
    at Function.Module._load (node:internal/modules/cjs/loader:1024:12)
    at Module.require (node:internal/modules/cjs/loader:1233:19)
2024-12-30 23:25:35 [[31merror[39m]: TSError: тип Unable to compile TypeScript:
[96msrc/controllers/test.controller.ts[0m:[93m211[0m:[93m99[0m - [91merror[0m[90m TS1109: [0mExpression expected.

[7m211[0m     const testDetails = await createCustomTest(user, {time:180, numberOfQuestions: 100, topicList:, educationLevel: "juniorcollege"});
[7m   [0m [91m                                                                                                  ~[0m

    at createTSError (F:\study_material\codes\__Mega_Project\02BackEnd\node_modules\ts-node\src\index.ts:859:12)
    at reportTSError (F:\study_material\codes\__Mega_Project\02BackEnd\node_modules\ts-node\src\index.ts:863:19)
    at getOutput (F:\study_material\codes\__Mega_Project\02BackEnd\node_modules\ts-node\src\index.ts:1077:36)
    at Object.compile (F:\study_material\codes\__Mega_Project\02BackEnd\node_modules\ts-node\src\index.ts:1433:41)
    at Module.m._compile (F:\study_material\codes\__Mega_Project\02BackEnd\node_modules\ts-node\src\index.ts:1617:30)
    at Module._extensions..js (node:internal/modules/cjs/loader:1416:10)
    at Object.require.extensions.<computed> [as .ts] (F:\study_material\codes\__Mega_Project\02BackEnd\node_modules\ts-node\src\index.ts:1621:12)
    at Module.load (node:internal/modules/cjs/loader:1208:32)
    at Function.Module._load (node:internal/modules/cjs/loader:1024:12)
    at Module.require (node:internal/modules/cjs/loader:1233:19)
2024-12-30 23:26:40 [[31merror[39m]: TSError: тип Unable to compile TypeScript:
[96msrc/controllers/test.controller.ts[0m:[93m43[0m:[93m21[0m - [91merror[0m[90m TS18046: [0m'validatedTopicList' is of type 'unknown'.

[7m43[0m   const allTopics = validatedTopicList.subjects
[7m  [0m [91m                    ~~~~~~~~~~~~~~~~~~[0m
[96msrc/controllers/test.controller.ts[0m:[93m44[0m:[93m15[0m - [91merror[0m[90m TS7006: [0mParameter 'subject' implicitly has an 'any' type.

[7m44[0m     .flatMap((subject) => subject.topics)
[7m  [0m [91m              ~~~~~~~[0m
[96msrc/controllers/test.controller.ts[0m:[93m51[0m:[93m40[0m - [91merror[0m[90m TS18046: [0m'totalQuestions' is of type 'unknown'.

[7m51[0m   const questionsPerTopic = Math.floor(totalQuestions / allTopics.length);
[7m  [0m [91m                                       ~~~~~~~~~~~~~~[0m
[96msrc/controllers/test.controller.ts[0m:[93m52[0m:[93m30[0m - [91merror[0m[90m TS18046: [0m'totalQuestions' is of type 'unknown'.

[7m52[0m   const remainingQuestions = totalQuestions % allTopics.length;
[7m  [0m [91m                             ~~~~~~~~~~~~~~[0m
[96msrc/controllers/test.controller.ts[0m:[93m63[0m:[93m56[0m - [91merror[0m[90m TS7006: [0mParameter 'facets' implicitly has an 'any' type.

[7m63[0m       $facet: allTopics.reduce<Record<string, any[]>>((facets, topic) => {
[7m  [0m [91m                                                       ~~~~~~[0m
[96msrc/controllers/test.controller.ts[0m:[93m63[0m:[93m64[0m - [91merror[0m[90m TS7006: [0mParameter 'topic' implicitly has an 'any' type.

[7m63[0m       $facet: allTopics.reduce<Record<string, any[]>>((facets, topic) => {
[7m  [0m [91m                                                               ~~~~~[0m
[96msrc/controllers/test.controller.ts[0m:[93m87[0m:[93m36[0m - [91merror[0m[90m TS18046: [0m'totalQuestions' is of type 'unknown'.

[7m87[0m   if (aggregatedQuestions.length < totalQuestions) {
[7m  [0m [91m                                   ~~~~~~~~~~~~~~[0m

    at createTSError (F:\study_material\codes\__Mega_Project\02BackEnd\node_modules\ts-node\src\index.ts:859:12)
    at reportTSError (F:\study_material\codes\__Mega_Project\02BackEnd\node_modules\ts-node\src\index.ts:863:19)
    at getOutput (F:\study_material\codes\__Mega_Project\02BackEnd\node_modules\ts-node\src\index.ts:1077:36)
    at Object.compile (F:\study_material\codes\__Mega_Project\02BackEnd\node_modules\ts-node\src\index.ts:1433:41)
    at Module.m._compile (F:\study_material\codes\__Mega_Project\02BackEnd\node_modules\ts-node\src\index.ts:1617:30)
    at Module._extensions..js (node:internal/modules/cjs/loader:1416:10)
    at Object.require.extensions.<computed> [as .ts] (F:\study_material\codes\__Mega_Project\02BackEnd\node_modules\ts-node\src\index.ts:1621:12)
    at Module.load (node:internal/modules/cjs/loader:1208:32)
    at Function.Module._load (node:internal/modules/cjs/loader:1024:12)
    at Module.require (node:internal/modules/cjs/loader:1233:19)
2024-12-30 23:26:47 [[31merror[39m]: TSError: тип Unable to compile TypeScript:
[96msrc/controllers/test.controller.ts[0m:[93m43[0m:[93m40[0m - [91merror[0m[90m TS2339: [0mProperty 'subjects' does not exist on type 'any[]'.

[7m43[0m   const allTopics = validatedTopicList.subjects
[7m  [0m [91m                                       ~~~~~~~~[0m
[96msrc/controllers/test.controller.ts[0m:[93m44[0m:[93m15[0m - [91merror[0m[90m TS7006: [0mParameter 'subject' implicitly has an 'any' type.

[7m44[0m     .flatMap((subject) => subject.topics)
[7m  [0m [91m              ~~~~~~~[0m
[96msrc/controllers/test.controller.ts[0m:[93m63[0m:[93m56[0m - [91merror[0m[90m TS7006: [0mParameter 'facets' implicitly has an 'any' type.

[7m63[0m       $facet: allTopics.reduce<Record<string, any[]>>((facets, topic) => {
[7m  [0m [91m                                                       ~~~~~~[0m
[96msrc/controllers/test.controller.ts[0m:[93m63[0m:[93m64[0m - [91merror[0m[90m TS7006: [0mParameter 'topic' implicitly has an 'any' type.

[7m63[0m       $facet: allTopics.reduce<Record<string, any[]>>((facets, topic) => {
[7m  [0m [91m                                                               ~~~~~[0m

    at createTSError (F:\study_material\codes\__Mega_Project\02BackEnd\node_modules\ts-node\src\index.ts:859:12)
    at reportTSError (F:\study_material\codes\__Mega_Project\02BackEnd\node_modules\ts-node\src\index.ts:863:19)
    at getOutput (F:\study_material\codes\__Mega_Project\02BackEnd\node_modules\ts-node\src\index.ts:1077:36)
    at Object.compile (F:\study_material\codes\__Mega_Project\02BackEnd\node_modules\ts-node\src\index.ts:1433:41)
    at Module.m._compile (F:\study_material\codes\__Mega_Project\02BackEnd\node_modules\ts-node\src\index.ts:1617:30)
    at Module._extensions..js (node:internal/modules/cjs/loader:1416:10)
    at Object.require.extensions.<computed> [as .ts] (F:\study_material\codes\__Mega_Project\02BackEnd\node_modules\ts-node\src\index.ts:1621:12)
    at Module.load (node:internal/modules/cjs/loader:1208:32)
    at Function.Module._load (node:internal/modules/cjs/loader:1024:12)
    at Module.require (node:internal/modules/cjs/loader:1233:19)
2024-12-30 23:26:54 [[31merror[39m]: TSError: тип Unable to compile TypeScript:
[96msrc/controllers/test.controller.ts[0m:[93m43[0m:[93m40[0m - [91merror[0m[90m TS2339: [0mProperty 'subjects' does not exist on type 'string[]'.

[7m43[0m   const allTopics = validatedTopicList.subjects
[7m  [0m [91m                                       ~~~~~~~~[0m
[96msrc/controllers/test.controller.ts[0m:[93m44[0m:[93m15[0m - [91merror[0m[90m TS7006: [0mParameter 'subject' implicitly has an 'any' type.

[7m44[0m     .flatMap((subject) => subject.topics)
[7m  [0m [91m              ~~~~~~~[0m
[96msrc/controllers/test.controller.ts[0m:[93m63[0m:[93m56[0m - [91merror[0m[90m TS7006: [0mParameter 'facets' implicitly has an 'any' type.

[7m63[0m       $facet: allTopics.reduce<Record<string, any[]>>((facets, topic) => {
[7m  [0m [91m                                                       ~~~~~~[0m
[96msrc/controllers/test.controller.ts[0m:[93m63[0m:[93m64[0m - [91merror[0m[90m TS7006: [0mParameter 'topic' implicitly has an 'any' type.

[7m63[0m       $facet: allTopics.reduce<Record<string, any[]>>((facets, topic) => {
[7m  [0m [91m                                                               ~~~~~[0m

    at createTSError (F:\study_material\codes\__Mega_Project\02BackEnd\node_modules\ts-node\src\index.ts:859:12)
    at reportTSError (F:\study_material\codes\__Mega_Project\02BackEnd\node_modules\ts-node\src\index.ts:863:19)
    at getOutput (F:\study_material\codes\__Mega_Project\02BackEnd\node_modules\ts-node\src\index.ts:1077:36)
    at Object.compile (F:\study_material\codes\__Mega_Project\02BackEnd\node_modules\ts-node\src\index.ts:1433:41)
    at Module.m._compile (F:\study_material\codes\__Mega_Project\02BackEnd\node_modules\ts-node\src\index.ts:1617:30)
    at Module._extensions..js (node:internal/modules/cjs/loader:1416:10)
    at Object.require.extensions.<computed> [as .ts] (F:\study_material\codes\__Mega_Project\02BackEnd\node_modules\ts-node\src\index.ts:1621:12)
    at Module.load (node:internal/modules/cjs/loader:1208:32)
    at Function.Module._load (node:internal/modules/cjs/loader:1024:12)
    at Module.require (node:internal/modules/cjs/loader:1233:19)
2024-12-30 23:27:02 [[31merror[39m]: TSError: тип Unable to compile TypeScript:
[96msrc/controllers/test.controller.ts[0m:[93m43[0m:[93m40[0m - [91merror[0m[90m TS2339: [0mProperty 'subjects' does not exist on type 'string[]'.

[7m43[0m   const allTopics = validatedTopicList.subjects
[7m  [0m [91m                                       ~~~~~~~~[0m
[96msrc/controllers/test.controller.ts[0m:[93m44[0m:[93m15[0m - [91merror[0m[90m TS7006: [0mParameter 'subject' implicitly has an 'any' type.

[7m44[0m     .flatMap((subject) => subject.topics)
[7m  [0m [91m              ~~~~~~~[0m
[96msrc/controllers/test.controller.ts[0m:[93m63[0m:[93m56[0m - [91merror[0m[90m TS7006: [0mParameter 'facets' implicitly has an 'any' type.

[7m63[0m       $facet: allTopics.reduce<Record<string, any[]>>((facets, topic) => {
[7m  [0m [91m                                                       ~~~~~~[0m
[96msrc/controllers/test.controller.ts[0m:[93m63[0m:[93m64[0m - [91merror[0m[90m TS7006: [0mParameter 'topic' implicitly has an 'any' type.

[7m63[0m       $facet: allTopics.reduce<Record<string, any[]>>((facets, topic) => {
[7m  [0m [91m                                                               ~~~~~[0m

    at createTSError (F:\study_material\codes\__Mega_Project\02BackEnd\node_modules\ts-node\src\index.ts:859:12)
    at reportTSError (F:\study_material\codes\__Mega_Project\02BackEnd\node_modules\ts-node\src\index.ts:863:19)
    at getOutput (F:\study_material\codes\__Mega_Project\02BackEnd\node_modules\ts-node\src\index.ts:1077:36)
    at Object.compile (F:\study_material\codes\__Mega_Project\02BackEnd\node_modules\ts-node\src\index.ts:1433:41)
    at Module.m._compile (F:\study_material\codes\__Mega_Project\02BackEnd\node_modules\ts-node\src\index.ts:1617:30)
    at Module._extensions..js (node:internal/modules/cjs/loader:1416:10)
    at Object.require.extensions.<computed> [as .ts] (F:\study_material\codes\__Mega_Project\02BackEnd\node_modules\ts-node\src\index.ts:1621:12)
    at Module.load (node:internal/modules/cjs/loader:1208:32)
    at Function.Module._load (node:internal/modules/cjs/loader:1024:12)
    at Module.require (node:internal/modules/cjs/loader:1233:19)
2024-12-30 23:27:06 [[31merror[39m]: TSError: тип Unable to compile TypeScript:
[96msrc/controllers/test.controller.ts[0m:[93m43[0m:[93m40[0m - [91merror[0m[90m TS2339: [0mProperty 'subjects' does not exist on type 'string[]'.

[7m43[0m   const allTopics = validatedTopicList.subjects
[7m  [0m [91m                                       ~~~~~~~~[0m
[96msrc/controllers/test.controller.ts[0m:[93m44[0m:[93m15[0m - [91merror[0m[90m TS7006: [0mParameter 'subject' implicitly has an 'any' type.

[7m44[0m     .flatMap((subject) => subject.topics)
[7m  [0m [91m              ~~~~~~~[0m
[96msrc/controllers/test.controller.ts[0m:[93m63[0m:[93m56[0m - [91merror[0m[90m TS7006: [0mParameter 'facets' implicitly has an 'any' type.

[7m63[0m       $facet: allTopics.reduce<Record<string, any[]>>((facets, topic) => {
[7m  [0m [91m                                                       ~~~~~~[0m
[96msrc/controllers/test.controller.ts[0m:[93m63[0m:[93m64[0m - [91merror[0m[90m TS7006: [0mParameter 'topic' implicitly has an 'any' type.

[7m63[0m       $facet: allTopics.reduce<Record<string, any[]>>((facets, topic) => {
[7m  [0m [91m                                                               ~~~~~[0m

    at createTSError (F:\study_material\codes\__Mega_Project\02BackEnd\node_modules\ts-node\src\index.ts:859:12)
    at reportTSError (F:\study_material\codes\__Mega_Project\02BackEnd\node_modules\ts-node\src\index.ts:863:19)
    at getOutput (F:\study_material\codes\__Mega_Project\02BackEnd\node_modules\ts-node\src\index.ts:1077:36)
    at Object.compile (F:\study_material\codes\__Mega_Project\02BackEnd\node_modules\ts-node\src\index.ts:1433:41)
    at Module.m._compile (F:\study_material\codes\__Mega_Project\02BackEnd\node_modules\ts-node\src\index.ts:1617:30)
    at Module._extensions..js (node:internal/modules/cjs/loader:1416:10)
    at Object.require.extensions.<computed> [as .ts] (F:\study_material\codes\__Mega_Project\02BackEnd\node_modules\ts-node\src\index.ts:1621:12)
    at Module.load (node:internal/modules/cjs/loader:1208:32)
    at Function.Module._load (node:internal/modules/cjs/loader:1024:12)
    at Module.require (node:internal/modules/cjs/loader:1233:19)
2024-12-30 23:27:11 [[31merror[39m]: TSError: тип Unable to compile TypeScript:
[96msrc/controllers/test.controller.ts[0m:[93m43[0m:[93m40[0m - [91merror[0m[90m TS2339: [0mProperty 'subjects' does not exist on type 'string[]'.

[7m43[0m   const allTopics = validatedTopicList.subjects
[7m  [0m [91m                                       ~~~~~~~~[0m
[96msrc/controllers/test.controller.ts[0m:[93m44[0m:[93m15[0m - [91merror[0m[90m TS7006: [0mParameter 'subject' implicitly has an 'any' type.

[7m44[0m     .flatMap((subject) => subject.topics)
[7m  [0m [91m              ~~~~~~~[0m
[96msrc/controllers/test.controller.ts[0m:[93m63[0m:[93m56[0m - [91merror[0m[90m TS7006: [0mParameter 'facets' implicitly has an 'any' type.

[7m63[0m       $facet: allTopics.reduce<Record<string, any[]>>((facets, topic) => {
[7m  [0m [91m                                                       ~~~~~~[0m
[96msrc/controllers/test.controller.ts[0m:[93m63[0m:[93m64[0m - [91merror[0m[90m TS7006: [0mParameter 'topic' implicitly has an 'any' type.

[7m63[0m       $facet: allTopics.reduce<Record<string, any[]>>((facets, topic) => {
[7m  [0m [91m                                                               ~~~~~[0m

    at createTSError (F:\study_material\codes\__Mega_Project\02BackEnd\node_modules\ts-node\src\index.ts:859:12)
    at reportTSError (F:\study_material\codes\__Mega_Project\02BackEnd\node_modules\ts-node\src\index.ts:863:19)
    at getOutput (F:\study_material\codes\__Mega_Project\02BackEnd\node_modules\ts-node\src\index.ts:1077:36)
    at Object.compile (F:\study_material\codes\__Mega_Project\02BackEnd\node_modules\ts-node\src\index.ts:1433:41)
    at Module.m._compile (F:\study_material\codes\__Mega_Project\02BackEnd\node_modules\ts-node\src\index.ts:1617:30)
    at Module._extensions..js (node:internal/modules/cjs/loader:1416:10)
    at Object.require.extensions.<computed> [as .ts] (F:\study_material\codes\__Mega_Project\02BackEnd\node_modules\ts-node\src\index.ts:1621:12)
    at Module.load (node:internal/modules/cjs/loader:1208:32)
    at Function.Module._load (node:internal/modules/cjs/loader:1024:12)
    at Module.require (node:internal/modules/cjs/loader:1233:19)
2024-12-30 23:27:20 [[31merror[39m]: TSError: тип Unable to compile TypeScript:
[96msrc/controllers/test.controller.ts[0m:[93m43[0m:[93m40[0m - [91merror[0m[90m TS2339: [0mProperty 'subjects' does not exist on type 'string[]'.

[7m43[0m   const allTopics = validatedTopicList.subjects
[7m  [0m [91m                                       ~~~~~~~~[0m
[96msrc/controllers/test.controller.ts[0m:[93m44[0m:[93m15[0m - [91merror[0m[90m TS7006: [0mParameter 'subject' implicitly has an 'any' type.

[7m44[0m     .flatMap((subject) => subject.topics)
[7m  [0m [91m              ~~~~~~~[0m
[96msrc/controllers/test.controller.ts[0m:[93m63[0m:[93m56[0m - [91merror[0m[90m TS7006: [0mParameter 'facets' implicitly has an 'any' type.

[7m63[0m       $facet: allTopics.reduce<Record<string, any[]>>((facets, topic) => {
[7m  [0m [91m                                                       ~~~~~~[0m
[96msrc/controllers/test.controller.ts[0m:[93m63[0m:[93m64[0m - [91merror[0m[90m TS7006: [0mParameter 'topic' implicitly has an 'any' type.

[7m63[0m       $facet: allTopics.reduce<Record<string, any[]>>((facets, topic) => {
[7m  [0m [91m                                                               ~~~~~[0m

    at createTSError (F:\study_material\codes\__Mega_Project\02BackEnd\node_modules\ts-node\src\index.ts:859:12)
    at reportTSError (F:\study_material\codes\__Mega_Project\02BackEnd\node_modules\ts-node\src\index.ts:863:19)
    at getOutput (F:\study_material\codes\__Mega_Project\02BackEnd\node_modules\ts-node\src\index.ts:1077:36)
    at Object.compile (F:\study_material\codes\__Mega_Project\02BackEnd\node_modules\ts-node\src\index.ts:1433:41)
    at Module.m._compile (F:\study_material\codes\__Mega_Project\02BackEnd\node_modules\ts-node\src\index.ts:1617:30)
    at Module._extensions..js (node:internal/modules/cjs/loader:1416:10)
    at Object.require.extensions.<computed> [as .ts] (F:\study_material\codes\__Mega_Project\02BackEnd\node_modules\ts-node\src\index.ts:1621:12)
    at Module.load (node:internal/modules/cjs/loader:1208:32)
    at Function.Module._load (node:internal/modules/cjs/loader:1024:12)
    at Module.require (node:internal/modules/cjs/loader:1233:19)
2024-12-30 23:27:35 [[31merror[39m]: TSError: тип Unable to compile TypeScript:
[96msrc/controllers/test.controller.ts[0m:[93m64[0m:[93m16[0m - [91merror[0m[90m TS2538: [0mType 'Document<unknown, {}, ITopic> & ITopic & Required<{ _id: unknown; }> & { __v?: number | undefined; }' cannot be used as an index type.

[7m64[0m         facets[topic] = [
[7m  [0m [91m               ~~~~~[0m

    at createTSError (F:\study_material\codes\__Mega_Project\02BackEnd\node_modules\ts-node\src\index.ts:859:12)
    at reportTSError (F:\study_material\codes\__Mega_Project\02BackEnd\node_modules\ts-node\src\index.ts:863:19)
    at getOutput (F:\study_material\codes\__Mega_Project\02BackEnd\node_modules\ts-node\src\index.ts:1077:36)
    at Object.compile (F:\study_material\codes\__Mega_Project\02BackEnd\node_modules\ts-node\src\index.ts:1433:41)
    at Module.m._compile (F:\study_material\codes\__Mega_Project\02BackEnd\node_modules\ts-node\src\index.ts:1617:30)
    at Module._extensions..js (node:internal/modules/cjs/loader:1416:10)
    at Object.require.extensions.<computed> [as .ts] (F:\study_material\codes\__Mega_Project\02BackEnd\node_modules\ts-node\src\index.ts:1621:12)
    at Module.load (node:internal/modules/cjs/loader:1208:32)
    at Function.Module._load (node:internal/modules/cjs/loader:1024:12)
    at Module.require (node:internal/modules/cjs/loader:1233:19)
2024-12-30 23:27:49 [[31merror[39m]: TSError: тип Unable to compile TypeScript:
[96msrc/controllers/test.controller.ts[0m:[93m63[0m:[93m56[0m - [91merror[0m[90m TS7006: [0mParameter 'facets' implicitly has an 'any' type.

[7m63[0m       $facet: allTopics.reduce<Record<string, any[]>>((facets, topic) => {
[7m  [0m [91m                                                       ~~~~~~[0m
[96msrc/controllers/test.controller.ts[0m:[93m63[0m:[93m64[0m - [91merror[0m[90m TS7006: [0mParameter 'topic' implicitly has an 'any' type.

[7m63[0m       $facet: allTopics.reduce<Record<string, any[]>>((facets, topic) => {
[7m  [0m [91m                                                               ~~~~~[0m
[96msrc/controllers/test.controller.ts[0m:[93m45[0m:[93m6[0m - [91merror[0m[90m TS1003: [0mIdentifier expected.

[7m45[0m   }).;
[7m  [0m [91m     ~[0m

    at createTSError (F:\study_material\codes\__Mega_Project\02BackEnd\node_modules\ts-node\src\index.ts:859:12)
    at reportTSError (F:\study_material\codes\__Mega_Project\02BackEnd\node_modules\ts-node\src\index.ts:863:19)
    at getOutput (F:\study_material\codes\__Mega_Project\02BackEnd\node_modules\ts-node\src\index.ts:1077:36)
    at Object.compile (F:\study_material\codes\__Mega_Project\02BackEnd\node_modules\ts-node\src\index.ts:1433:41)
    at Module.m._compile (F:\study_material\codes\__Mega_Project\02BackEnd\node_modules\ts-node\src\index.ts:1617:30)
    at Module._extensions..js (node:internal/modules/cjs/loader:1416:10)
    at Object.require.extensions.<computed> [as .ts] (F:\study_material\codes\__Mega_Project\02BackEnd\node_modules\ts-node\src\index.ts:1621:12)
    at Module.load (node:internal/modules/cjs/loader:1208:32)
    at Function.Module._load (node:internal/modules/cjs/loader:1024:12)
    at Module.require (node:internal/modules/cjs/loader:1233:19)
2024-12-30 23:28:07 [[31merror[39m]: TSError: тип Unable to compile TypeScript:
[96msrc/controllers/test.controller.ts[0m:[93m64[0m:[93m16[0m - [91merror[0m[90m TS2538: [0mType 'Document<unknown, {}, ITopic> & ITopic & Required<{ _id: unknown; }> & { __v?: number | undefined; }' cannot be used as an index type.

[7m64[0m         facets[topic] = [
[7m  [0m [91m               ~~~~~[0m

    at createTSError (F:\study_material\codes\__Mega_Project\02BackEnd\node_modules\ts-node\src\index.ts:859:12)
    at reportTSError (F:\study_material\codes\__Mega_Project\02BackEnd\node_modules\ts-node\src\index.ts:863:19)
    at getOutput (F:\study_material\codes\__Mega_Project\02BackEnd\node_modules\ts-node\src\index.ts:1077:36)
    at Object.compile (F:\study_material\codes\__Mega_Project\02BackEnd\node_modules\ts-node\src\index.ts:1433:41)
    at Module.m._compile (F:\study_material\codes\__Mega_Project\02BackEnd\node_modules\ts-node\src\index.ts:1617:30)
    at Module._extensions..js (node:internal/modules/cjs/loader:1416:10)
    at Object.require.extensions.<computed> [as .ts] (F:\study_material\codes\__Mega_Project\02BackEnd\node_modules\ts-node\src\index.ts:1621:12)
    at Module.load (node:internal/modules/cjs/loader:1208:32)
    at Function.Module._load (node:internal/modules/cjs/loader:1024:12)
    at Module.require (node:internal/modules/cjs/loader:1233:19)
2024-12-30 23:31:16 [[31merror[39m]: TSError: тип Unable to compile TypeScript:
[96msrc/controllers/test.controller.ts[0m:[93m210[0m:[93m27[0m - [91merror[0m[90m TS1003: [0mIdentifier expected.

[7m210[0m     console.log(topicList.)
[7m   [0m [91m                          ~[0m

    at createTSError (F:\study_material\codes\__Mega_Project\02BackEnd\node_modules\ts-node\src\index.ts:859:12)
    at reportTSError (F:\study_material\codes\__Mega_Project\02BackEnd\node_modules\ts-node\src\index.ts:863:19)
    at getOutput (F:\study_material\codes\__Mega_Project\02BackEnd\node_modules\ts-node\src\index.ts:1077:36)
    at Object.compile (F:\study_material\codes\__Mega_Project\02BackEnd\node_modules\ts-node\src\index.ts:1433:41)
    at Module.m._compile (F:\study_material\codes\__Mega_Project\02BackEnd\node_modules\ts-node\src\index.ts:1617:30)
    at Module._extensions..js (node:internal/modules/cjs/loader:1416:10)
    at Object.require.extensions.<computed> [as .ts] (F:\study_material\codes\__Mega_Project\02BackEnd\node_modules\ts-node\src\index.ts:1621:12)
    at Module.load (node:internal/modules/cjs/loader:1208:32)
    at Function.Module._load (node:internal/modules/cjs/loader:1024:12)
    at Module.require (node:internal/modules/cjs/loader:1233:19)
2024-12-30 23:33:00 [[31merror[39m]: TSError: тип Unable to compile TypeScript:
[96msrc/controllers/test.controller.ts[0m:[93m210[0m:[93m5[0m - [91merror[0m[90m TS2322: [0mType 'string[]' is not assignable to type '(Document<unknown, {}, ITopic> & ITopic & Required<{ _id: unknown; }> & { __v?: number | undefined; })[]'.
  Type 'string' is not assignable to type 'Document<unknown, {}, ITopic> & ITopic & Required<{ _id: unknown; }> & { __v?: number | undefined; }'.
    Type 'string' is not assignable to type 'Document<unknown, {}, ITopic>'.

[7m210[0m     topicList = topicList.map((topic) => topic.topicName);
[7m   [0m [91m    ~~~~~~~~~[0m

    at createTSError (F:\study_material\codes\__Mega_Project\02BackEnd\node_modules\ts-node\src\index.ts:859:12)
    at reportTSError (F:\study_material\codes\__Mega_Project\02BackEnd\node_modules\ts-node\src\index.ts:863:19)
    at getOutput (F:\study_material\codes\__Mega_Project\02BackEnd\node_modules\ts-node\src\index.ts:1077:36)
    at Object.compile (F:\study_material\codes\__Mega_Project\02BackEnd\node_modules\ts-node\src\index.ts:1433:41)
    at Module.m._compile (F:\study_material\codes\__Mega_Project\02BackEnd\node_modules\ts-node\src\index.ts:1617:30)
    at Module._extensions..js (node:internal/modules/cjs/loader:1416:10)
    at Object.require.extensions.<computed> [as .ts] (F:\study_material\codes\__Mega_Project\02BackEnd\node_modules\ts-node\src\index.ts:1621:12)
    at Module.load (node:internal/modules/cjs/loader:1208:32)
    at Function.Module._load (node:internal/modules/cjs/loader:1024:12)
    at Module.require (node:internal/modules/cjs/loader:1233:19)
2024-12-30 23:37:13 [[31merror[39m]: TSError: тип Unable to compile TypeScript:
[96msrc/controllers/test.controller.ts[0m:[93m117[0m:[93m21[0m - [91merror[0m[90m TS2304: [0mCannot find name 'aggregatedQuestions'.

[7m117[0m     totalQuestions: aggregatedQuestions.length,
[7m   [0m [91m                    ~~~~~~~~~~~~~~~~~~~[0m
[96msrc/controllers/test.controller.ts[0m:[93m118[0m:[93m20[0m - [91merror[0m[90m TS2304: [0mCannot find name 'aggregatedQuestions'.

[7m118[0m     testQuestions: aggregatedQuestions.map((q) => q._id),
[7m   [0m [91m                   ~~~~~~~~~~~~~~~~~~~[0m
[96msrc/controllers/test.controller.ts[0m:[93m118[0m:[93m45[0m - [91merror[0m[90m TS7006: [0mParameter 'q' implicitly has an 'any' type.

[7m118[0m     testQuestions: aggregatedQuestions.map((q) => q._id),
[7m   [0m [91m                                            ~[0m
[96msrc/controllers/test.controller.ts[0m:[93m119[0m:[93m16[0m - [91merror[0m[90m TS2552: [0mCannot find name 'userId'. Did you mean 'user'?

[7m119[0m     createdBy: userId,
[7m   [0m [91m               ~~~~~~[0m

  [96msrc/controllers/test.controller.ts[0m:[93m20[0m:[93m33[0m
    [7m20[0m const createCustomTest = async (user: IUser, body: any) => {
    [7m  [0m [96m                                ~~~~~~~~~~~[0m
    'user' is declared here.
[96msrc/controllers/test.controller.ts[0m:[93m123[0m:[93m52[0m - [91merror[0m[90m TS2552: [0mCannot find name 'userId'. Did you mean 'user'?

[7m123[0m     logger.error("Failed to create test by user ", userId);
[7m   [0m [91m                                                   ~~~~~~[0m

  [96msrc/controllers/test.controller.ts[0m:[93m20[0m:[93m33[0m
    [7m20[0m const createCustomTest = async (user: IUser, body: any) => {
    [7m  [0m [96m                                ~~~~~~~~~~~[0m
    'user' is declared here.
[96msrc/controllers/test.controller.ts[0m:[93m129[0m:[93m16[0m - [91merror[0m[90m TS2304: [0mCannot find name 'aggregatedQuestions'.

[7m129[0m     questions: aggregatedQuestions.map((q) => ({
[7m   [0m [91m               ~~~~~~~~~~~~~~~~~~~[0m
[96msrc/controllers/test.controller.ts[0m:[93m129[0m:[93m41[0m - [91merror[0m[90m TS7006: [0mParameter 'q' implicitly has an 'any' type.

[7m129[0m     questions: aggregatedQuestions.map((q) => ({
[7m   [0m [91m                                        ~[0m

    at createTSError (F:\study_material\codes\__Mega_Project\02BackEnd\node_modules\ts-node\src\index.ts:859:12)
    at reportTSError (F:\study_material\codes\__Mega_Project\02BackEnd\node_modules\ts-node\src\index.ts:863:19)
    at getOutput (F:\study_material\codes\__Mega_Project\02BackEnd\node_modules\ts-node\src\index.ts:1077:36)
    at Object.compile (F:\study_material\codes\__Mega_Project\02BackEnd\node_modules\ts-node\src\index.ts:1433:41)
    at Module.m._compile (F:\study_material\codes\__Mega_Project\02BackEnd\node_modules\ts-node\src\index.ts:1617:30)
    at Module._extensions..js (node:internal/modules/cjs/loader:1416:10)
    at Object.require.extensions.<computed> [as .ts] (F:\study_material\codes\__Mega_Project\02BackEnd\node_modules\ts-node\src\index.ts:1621:12)
    at Module.load (node:internal/modules/cjs/loader:1208:32)
    at Function.Module._load (node:internal/modules/cjs/loader:1024:12)
    at Module.require (node:internal/modules/cjs/loader:1233:19)
2024-12-30 23:37:23 [[31merror[39m]: TSError: тип Unable to compile TypeScript:
[96msrc/controllers/test.controller.ts[0m:[93m143[0m:[93m11[0m - [91merror[0m[90m TS2339: [0mProperty 'testDetails' does not exist on type 'void'.

[7m143[0m   const { testDetails } = await createCustomTest(req.user, req.body);
[7m   [0m [91m          ~~~~~~~~~~~[0m
[96msrc/controllers/test.controller.ts[0m:[93m177[0m:[93m13[0m - [91merror[0m[90m TS2339: [0mProperty 'testDetails' does not exist on type 'void'.

[7m177[0m     const { testDetails: customTestDetails } = await createCustomTest(
[7m   [0m [91m            ~~~~~~~~~~~[0m

    at createTSError (F:\study_material\codes\__Mega_Project\02BackEnd\node_modules\ts-node\src\index.ts:859:12)
    at reportTSError (F:\study_material\codes\__Mega_Project\02BackEnd\node_modules\ts-node\src\index.ts:863:19)
    at getOutput (F:\study_material\codes\__Mega_Project\02BackEnd\node_modules\ts-node\src\index.ts:1077:36)
    at Object.compile (F:\study_material\codes\__Mega_Project\02BackEnd\node_modules\ts-node\src\index.ts:1433:41)
    at Module.m._compile (F:\study_material\codes\__Mega_Project\02BackEnd\node_modules\ts-node\src\index.ts:1617:30)
    at Module._extensions..js (node:internal/modules/cjs/loader:1416:10)
    at Object.require.extensions.<computed> [as .ts] (F:\study_material\codes\__Mega_Project\02BackEnd\node_modules\ts-node\src\index.ts:1621:12)
    at Module.load (node:internal/modules/cjs/loader:1208:32)
    at Function.Module._load (node:internal/modules/cjs/loader:1024:12)
    at Module.require (node:internal/modules/cjs/loader:1233:19)
2024-12-30 23:37:28 [[31merror[39m]: TSError: тип Unable to compile TypeScript:
[96msrc/controllers/test.controller.ts[0m:[93m148[0m:[93m11[0m - [91merror[0m[90m TS2339: [0mProperty 'testDetails' does not exist on type 'void'.

[7m148[0m   const { testDetails } = await createCustomTest(req.user, req.body);
[7m   [0m [91m          ~~~~~~~~~~~[0m
[96msrc/controllers/test.controller.ts[0m:[93m182[0m:[93m13[0m - [91merror[0m[90m TS2339: [0mProperty 'testDetails' does not exist on type 'void'.

[7m182[0m     const { testDetails: customTestDetails } = await createCustomTest(
[7m   [0m [91m            ~~~~~~~~~~~[0m

    at createTSError (F:\study_material\codes\__Mega_Project\02BackEnd\node_modules\ts-node\src\index.ts:859:12)
    at reportTSError (F:\study_material\codes\__Mega_Project\02BackEnd\node_modules\ts-node\src\index.ts:863:19)
    at getOutput (F:\study_material\codes\__Mega_Project\02BackEnd\node_modules\ts-node\src\index.ts:1077:36)
    at Object.compile (F:\study_material\codes\__Mega_Project\02BackEnd\node_modules\ts-node\src\index.ts:1433:41)
    at Module.m._compile (F:\study_material\codes\__Mega_Project\02BackEnd\node_modules\ts-node\src\index.ts:1617:30)
    at Module._extensions..js (node:internal/modules/cjs/loader:1416:10)
    at Object.require.extensions.<computed> [as .ts] (F:\study_material\codes\__Mega_Project\02BackEnd\node_modules\ts-node\src\index.ts:1621:12)
    at Module.load (node:internal/modules/cjs/loader:1208:32)
    at Function.Module._load (node:internal/modules/cjs/loader:1024:12)
    at Module.require (node:internal/modules/cjs/loader:1233:19)
2024-12-30 23:38:00 [[31merror[39m]: TSError: тип Unable to compile TypeScript:
[96msrc/controllers/test.controller.ts[0m:[93m58[0m:[93m11[0m - [91merror[0m[90m TS2339: [0mProperty 'testDetails' does not exist on type 'void'.

[7m58[0m   const { testDetails } = await createCustomTest(req.user, req.body);
[7m  [0m [91m          ~~~~~~~~~~~[0m
[96msrc/controllers/test.controller.ts[0m:[93m92[0m:[93m13[0m - [91merror[0m[90m TS2339: [0mProperty 'testDetails' does not exist on type 'void'.

[7m92[0m     const { testDetails: customTestDetails } = await createCustomTest(
[7m  [0m [91m            ~~~~~~~~~~~[0m

    at createTSError (F:\study_material\codes\__Mega_Project\02BackEnd\node_modules\ts-node\src\index.ts:859:12)
    at reportTSError (F:\study_material\codes\__Mega_Project\02BackEnd\node_modules\ts-node\src\index.ts:863:19)
    at getOutput (F:\study_material\codes\__Mega_Project\02BackEnd\node_modules\ts-node\src\index.ts:1077:36)
    at Object.compile (F:\study_material\codes\__Mega_Project\02BackEnd\node_modules\ts-node\src\index.ts:1433:41)
    at Module.m._compile (F:\study_material\codes\__Mega_Project\02BackEnd\node_modules\ts-node\src\index.ts:1617:30)
    at Module._extensions..js (node:internal/modules/cjs/loader:1416:10)
    at Object.require.extensions.<computed> [as .ts] (F:\study_material\codes\__Mega_Project\02BackEnd\node_modules\ts-node\src\index.ts:1621:12)
    at Module.load (node:internal/modules/cjs/loader:1208:32)
    at Function.Module._load (node:internal/modules/cjs/loader:1024:12)
    at Module.require (node:internal/modules/cjs/loader:1233:19)
2024-12-30 23:38:21 [[31merror[39m]: TSError: тип Unable to compile TypeScript:
[96msrc/controllers/test.controller.ts[0m:[93m81[0m:[93m5[0m - [91merror[0m[90m TS2561: [0mObject literal may only specify known properties, but 'testId' does not exist in type 'TCreateTestResponse'. Did you mean to write 'test'?

[7m81[0m     testId: test._id,
[7m  [0m [91m    ~~~~~~[0m

    at createTSError (F:\study_material\codes\__Mega_Project\02BackEnd\node_modules\ts-node\src\index.ts:859:12)
    at reportTSError (F:\study_material\codes\__Mega_Project\02BackEnd\node_modules\ts-node\src\index.ts:863:19)
    at getOutput (F:\study_material\codes\__Mega_Project\02BackEnd\node_modules\ts-node\src\index.ts:1077:36)
    at Object.compile (F:\study_material\codes\__Mega_Project\02BackEnd\node_modules\ts-node\src\index.ts:1433:41)
    at Module.m._compile (F:\study_material\codes\__Mega_Project\02BackEnd\node_modules\ts-node\src\index.ts:1617:30)
    at Module._extensions..js (node:internal/modules/cjs/loader:1416:10)
    at Object.require.extensions.<computed> [as .ts] (F:\study_material\codes\__Mega_Project\02BackEnd\node_modules\ts-node\src\index.ts:1621:12)
    at Module.load (node:internal/modules/cjs/loader:1208:32)
    at Function.Module._load (node:internal/modules/cjs/loader:1024:12)
    at Module.require (node:internal/modules/cjs/loader:1233:19)
2024-12-30 23:38:37 [[31merror[39m]: TSError: тип Unable to compile TypeScript:
[96msrc/controllers/test.controller.ts[0m:[93m80[0m:[93m5[0m - [91merror[0m[90m TS2561: [0mObject literal may only specify known properties, but 'testId' does not exist in type 'TCreateTestResponse'. Did you mean to write 'test'?

[7m80[0m     testId: test._id,
[7m  [0m [91m    ~~~~~~[0m

    at createTSError (F:\study_material\codes\__Mega_Project\02BackEnd\node_modules\ts-node\src\index.ts:859:12)
    at reportTSError (F:\study_material\codes\__Mega_Project\02BackEnd\node_modules\ts-node\src\index.ts:863:19)
    at getOutput (F:\study_material\codes\__Mega_Project\02BackEnd\node_modules\ts-node\src\index.ts:1077:36)
    at Object.compile (F:\study_material\codes\__Mega_Project\02BackEnd\node_modules\ts-node\src\index.ts:1433:41)
    at Module.m._compile (F:\study_material\codes\__Mega_Project\02BackEnd\node_modules\ts-node\src\index.ts:1617:30)
    at Module._extensions..js (node:internal/modules/cjs/loader:1416:10)
    at Object.require.extensions.<computed> [as .ts] (F:\study_material\codes\__Mega_Project\02BackEnd\node_modules\ts-node\src\index.ts:1621:12)
    at Module.load (node:internal/modules/cjs/loader:1208:32)
    at Function.Module._load (node:internal/modules/cjs/loader:1024:12)
    at Module.require (node:internal/modules/cjs/loader:1233:19)
2024-12-30 23:38:51 [[31merror[39m]: TSError: тип Unable to compile TypeScript:
[96msrc/controllers/test.controller.ts[0m:[93m171[0m:[93m5[0m - [91merror[0m[90m TS2561: [0mObject literal may only specify known properties, but 'testId' does not exist in type 'TCreateTestResponse'. Did you mean to write 'test'?

[7m171[0m     testId: test._id,
[7m   [0m [91m    ~~~~~~[0m

    at createTSError (F:\study_material\codes\__Mega_Project\02BackEnd\node_modules\ts-node\src\index.ts:859:12)
    at reportTSError (F:\study_material\codes\__Mega_Project\02BackEnd\node_modules\ts-node\src\index.ts:863:19)
    at getOutput (F:\study_material\codes\__Mega_Project\02BackEnd\node_modules\ts-node\src\index.ts:1077:36)
    at Object.compile (F:\study_material\codes\__Mega_Project\02BackEnd\node_modules\ts-node\src\index.ts:1433:41)
    at Module.m._compile (F:\study_material\codes\__Mega_Project\02BackEnd\node_modules\ts-node\src\index.ts:1617:30)
    at Module._extensions..js (node:internal/modules/cjs/loader:1416:10)
    at Object.require.extensions.<computed> [as .ts] (F:\study_material\codes\__Mega_Project\02BackEnd\node_modules\ts-node\src\index.ts:1621:12)
    at Module.load (node:internal/modules/cjs/loader:1208:32)
    at Function.Module._load (node:internal/modules/cjs/loader:1024:12)
    at Module.require (node:internal/modules/cjs/loader:1233:19)
2024-12-30 23:38:58 [[31merror[39m]: TSError: тип Unable to compile TypeScript:
[96msrc/controllers/test.controller.ts[0m:[93m171[0m:[93m5[0m - [91merror[0m[90m TS2561: [0mObject literal may only specify known properties, but 'testId' does not exist in type 'TCreateTestResponse'. Did you mean to write 'test'?

[7m171[0m     testId: test.id,
[7m   [0m [91m    ~~~~~~[0m

    at createTSError (F:\study_material\codes\__Mega_Project\02BackEnd\node_modules\ts-node\src\index.ts:859:12)
    at reportTSError (F:\study_material\codes\__Mega_Project\02BackEnd\node_modules\ts-node\src\index.ts:863:19)
    at getOutput (F:\study_material\codes\__Mega_Project\02BackEnd\node_modules\ts-node\src\index.ts:1077:36)
    at Object.compile (F:\study_material\codes\__Mega_Project\02BackEnd\node_modules\ts-node\src\index.ts:1433:41)
    at Module.m._compile (F:\study_material\codes\__Mega_Project\02BackEnd\node_modules\ts-node\src\index.ts:1617:30)
    at Module._extensions..js (node:internal/modules/cjs/loader:1416:10)
    at Object.require.extensions.<computed> [as .ts] (F:\study_material\codes\__Mega_Project\02BackEnd\node_modules\ts-node\src\index.ts:1621:12)
    at Module.load (node:internal/modules/cjs/loader:1208:32)
    at Function.Module._load (node:internal/modules/cjs/loader:1024:12)
    at Module.require (node:internal/modules/cjs/loader:1233:19)
2024-12-30 23:39:05 [[31merror[39m]: TSError: тип Unable to compile TypeScript:
[96msrc/controllers/test.controller.ts[0m:[93m172[0m:[93m5[0m - [91merror[0m[90m TS2353: [0mObject literal may only specify known properties, and 'time' does not exist in type 'TCreateTestResponse'.

[7m172[0m     time: validatedTime,
[7m   [0m [91m    ~~~~[0m

    at createTSError (F:\study_material\codes\__Mega_Project\02BackEnd\node_modules\ts-node\src\index.ts:859:12)
    at reportTSError (F:\study_material\codes\__Mega_Project\02BackEnd\node_modules\ts-node\src\index.ts:863:19)
    at getOutput (F:\study_material\codes\__Mega_Project\02BackEnd\node_modules\ts-node\src\index.ts:1077:36)
    at Object.compile (F:\study_material\codes\__Mega_Project\02BackEnd\node_modules\ts-node\src\index.ts:1433:41)
    at Module.m._compile (F:\study_material\codes\__Mega_Project\02BackEnd\node_modules\ts-node\src\index.ts:1617:30)
    at Module._extensions..js (node:internal/modules/cjs/loader:1416:10)
    at Object.require.extensions.<computed> [as .ts] (F:\study_material\codes\__Mega_Project\02BackEnd\node_modules\ts-node\src\index.ts:1621:12)
    at Module.load (node:internal/modules/cjs/loader:1208:32)
    at Function.Module._load (node:internal/modules/cjs/loader:1024:12)
    at Module.require (node:internal/modules/cjs/loader:1233:19)
2024-12-30 23:39:16 [[31merror[39m]: TSError: тип Unable to compile TypeScript:
[96msrc/controllers/test.controller.ts[0m:[93m172[0m:[93m5[0m - [91merror[0m[90m TS2353: [0mObject literal may only specify known properties, and 'time' does not exist in type 'TCreateTestResponse'.

[7m172[0m     time: validatedTime,
[7m   [0m [91m    ~~~~[0m
[96msrc/controllers/test.controller.ts[0m:[93m172[0m:[93m5[0m - [91merror[0m[90m TS1005: [0m',' expected.

[7m172[0m     time: validatedTime,
[7m   [0m [91m    ~~~~[0m

    at createTSError (F:\study_material\codes\__Mega_Project\02BackEnd\node_modules\ts-node\src\index.ts:859:12)
    at reportTSError (F:\study_material\codes\__Mega_Project\02BackEnd\node_modules\ts-node\src\index.ts:863:19)
    at getOutput (F:\study_material\codes\__Mega_Project\02BackEnd\node_modules\ts-node\src\index.ts:1077:36)
    at Object.compile (F:\study_material\codes\__Mega_Project\02BackEnd\node_modules\ts-node\src\index.ts:1433:41)
    at Module.m._compile (F:\study_material\codes\__Mega_Project\02BackEnd\node_modules\ts-node\src\index.ts:1617:30)
    at Module._extensions..js (node:internal/modules/cjs/loader:1416:10)
    at Object.require.extensions.<computed> [as .ts] (F:\study_material\codes\__Mega_Project\02BackEnd\node_modules\ts-node\src\index.ts:1621:12)
    at Module.load (node:internal/modules/cjs/loader:1208:32)
    at Function.Module._load (node:internal/modules/cjs/loader:1024:12)
    at Module.require (node:internal/modules/cjs/loader:1233:19)
2024-12-30 23:39:24 [[31merror[39m]: TSError: тип Unable to compile TypeScript:
[96msrc/controllers/test.controller.ts[0m:[93m172[0m:[93m5[0m - [91merror[0m[90m TS2353: [0mObject literal may only specify known properties, and 'numberOfQuestions' does not exist in type 'TCreateTestResponse'.

[7m172[0m     numberOfQuestions: totalQuestions,
[7m   [0m [91m    ~~~~~~~~~~~~~~~~~[0m

    at createTSError (F:\study_material\codes\__Mega_Project\02BackEnd\node_modules\ts-node\src\index.ts:859:12)
    at reportTSError (F:\study_material\codes\__Mega_Project\02BackEnd\node_modules\ts-node\src\index.ts:863:19)
    at getOutput (F:\study_material\codes\__Mega_Project\02BackEnd\node_modules\ts-node\src\index.ts:1077:36)
    at Object.compile (F:\study_material\codes\__Mega_Project\02BackEnd\node_modules\ts-node\src\index.ts:1433:41)
    at Module.m._compile (F:\study_material\codes\__Mega_Project\02BackEnd\node_modules\ts-node\src\index.ts:1617:30)
    at Module._extensions..js (node:internal/modules/cjs/loader:1416:10)
    at Object.require.extensions.<computed> [as .ts] (F:\study_material\codes\__Mega_Project\02BackEnd\node_modules\ts-node\src\index.ts:1621:12)
    at Module.load (node:internal/modules/cjs/loader:1208:32)
    at Function.Module._load (node:internal/modules/cjs/loader:1024:12)
    at Module.require (node:internal/modules/cjs/loader:1233:19)
2024-12-30 23:40:26 [[31merror[39m]: TSError: тип Unable to compile TypeScript:
[96msrc/controllers/test.controller.ts[0m:[93m244[0m:[93m5[0m - [91merror[0m[90m TS1109: [0mExpression expected.

[7m244[0m     if (!req.user) {
[7m   [0m [91m    ~~[0m

    at createTSError (F:\study_material\codes\__Mega_Project\02BackEnd\node_modules\ts-node\src\index.ts:859:12)
    at reportTSError (F:\study_material\codes\__Mega_Project\02BackEnd\node_modules\ts-node\src\index.ts:863:19)
    at getOutput (F:\study_material\codes\__Mega_Project\02BackEnd\node_modules\ts-node\src\index.ts:1077:36)
    at Object.compile (F:\study_material\codes\__Mega_Project\02BackEnd\node_modules\ts-node\src\index.ts:1433:41)
    at Module.m._compile (F:\study_material\codes\__Mega_Project\02BackEnd\node_modules\ts-node\src\index.ts:1617:30)
    at Module._extensions..js (node:internal/modules/cjs/loader:1416:10)
    at Object.require.extensions.<computed> [as .ts] (F:\study_material\codes\__Mega_Project\02BackEnd\node_modules\ts-node\src\index.ts:1621:12)
    at Module.load (node:internal/modules/cjs/loader:1208:32)
    at Function.Module._load (node:internal/modules/cjs/loader:1024:12)
    at Module.require (node:internal/modules/cjs/loader:1233:19)
2024-12-30 23:42:03 [[31merror[39m]: TSError: тип Unable to compile TypeScript:
[96msrc/controllers/test.controller.ts[0m:[93m89[0m:[93m17[0m - [91merror[0m[90m TS2339: [0mProperty 'correctOption' does not exist on type 'IQuestion'.

[7m89[0m       answer: q.correctOption,
[7m  [0m [91m                ~~~~~~~~~~~~~[0m
[96msrc/controllers/test.controller.ts[0m:[93m96[0m:[93m8[0m - [91merror[0m[90m TS2304: [0mCannot find name 'req'.

[7m96[0m   if (!req.user) {
[7m  [0m [91m       ~~~[0m
[96msrc/controllers/test.controller.ts[0m:[93m99[0m:[93m50[0m - [91merror[0m[90m TS2304: [0mCannot find name 'req'.

[7m99[0m   const { testDetails } = await createCustomTest(req.user, req.body);
[7m  [0m [91m                                                 ~~~[0m
[96msrc/controllers/test.controller.ts[0m:[93m99[0m:[93m60[0m - [91merror[0m[90m TS2304: [0mCannot find name 'req'.

[7m99[0m   const { testDetails } = await createCustomTest(req.user, req.body);
[7m  [0m [91m                                                           ~~~[0m
[96msrc/controllers/test.controller.ts[0m:[93m100[0m:[93m3[0m - [91merror[0m[90m TS2304: [0mCannot find name 'res'.

[7m100[0m   res
[7m   [0m [91m  ~~~[0m
[96msrc/controllers/test.controller.ts[0m:[93m176[0m:[93m10[0m - [91merror[0m[90m TS2552: [0mCannot find name 'getCustomTest'. Did you mean 'createCustomTest'?

[7m176[0m export { getCustomTest, getCompanySpecificTest, createCETTest };
[7m   [0m [91m         ~~~~~~~~~~~~~[0m

  [96msrc/controllers/test.controller.ts[0m:[93m20[0m:[93m7[0m
    [7m20[0m const createCustomTest = async (user: IUser, body: any) => {
    [7m  [0m [96m      ~~~~~~~~~~~~~~~~[0m
    'createCustomTest' is declared here.
[96msrc/controllers/test.controller.ts[0m:[93m103[0m:[93m1[0m - [91merror[0m[90m TS1128: [0mDeclaration or statement expected.

[7m103[0m });
[7m   [0m [91m~[0m
[96msrc/controllers/test.controller.ts[0m:[93m103[0m:[93m2[0m - [91merror[0m[90m TS1128: [0mDeclaration or statement expected.

[7m103[0m });
[7m   [0m [91m ~[0m

    at createTSError (F:\study_material\codes\__Mega_Project\02BackEnd\node_modules\ts-node\src\index.ts:859:12)
    at reportTSError (F:\study_material\codes\__Mega_Project\02BackEnd\node_modules\ts-node\src\index.ts:863:19)
    at getOutput (F:\study_material\codes\__Mega_Project\02BackEnd\node_modules\ts-node\src\index.ts:1077:36)
    at Object.compile (F:\study_material\codes\__Mega_Project\02BackEnd\node_modules\ts-node\src\index.ts:1433:41)
    at Module.m._compile (F:\study_material\codes\__Mega_Project\02BackEnd\node_modules\ts-node\src\index.ts:1617:30)
    at Module._extensions..js (node:internal/modules/cjs/loader:1416:10)
    at Object.require.extensions.<computed> [as .ts] (F:\study_material\codes\__Mega_Project\02BackEnd\node_modules\ts-node\src\index.ts:1621:12)
    at Module.load (node:internal/modules/cjs/loader:1208:32)
    at Function.Module._load (node:internal/modules/cjs/loader:1024:12)
    at Module.require (node:internal/modules/cjs/loader:1233:19)
2024-12-30 23:44:08 [[31merror[39m]: TSError: тип Unable to compile TypeScript:
[96msrc/controllers/test.controller.ts[0m:[93m89[0m:[93m17[0m - [91merror[0m[90m TS2339: [0mProperty 'correctOption' does not exist on type 'IQuestion'.

[7m89[0m       answer: q.correctOption,
[7m  [0m [91m                ~~~~~~~~~~~~~[0m
[96msrc/controllers/test.controller.ts[0m:[93m96[0m:[93m8[0m - [91merror[0m[90m TS2304: [0mCannot find name 'req'.

[7m96[0m   if (!req.user) {
[7m  [0m [91m       ~~~[0m
[96msrc/controllers/test.controller.ts[0m:[93m99[0m:[93m50[0m - [91merror[0m[90m TS2304: [0mCannot find name 'req'.

[7m99[0m   const { testDetails } = await createCustomTest(req.user, req.body);
[7m  [0m [91m                                                 ~~~[0m
[96msrc/controllers/test.controller.ts[0m:[93m99[0m:[93m60[0m - [91merror[0m[90m TS2304: [0mCannot find name 'req'.

[7m99[0m   const { testDetails } = await createCustomTest(req.user, req.body);
[7m  [0m [91m                                                           ~~~[0m
[96msrc/controllers/test.controller.ts[0m:[93m100[0m:[93m3[0m - [91merror[0m[90m TS2304: [0mCannot find name 'res'.

[7m100[0m   res
[7m   [0m [91m  ~~~[0m
[96msrc/controllers/test.controller.ts[0m:[93m176[0m:[93m10[0m - [91merror[0m[90m TS2552: [0mCannot find name 'getCustomTest'. Did you mean 'createCustomTest'?

[7m176[0m export { getCustomTest, getCompanySpecificTest, createCETTest };
[7m   [0m [91m         ~~~~~~~~~~~~~[0m

  [96msrc/controllers/test.controller.ts[0m:[93m20[0m:[93m7[0m
    [7m20[0m const createCustomTest = async (user: IUser, body: any) => {
    [7m  [0m [96m      ~~~~~~~~~~~~~~~~[0m
    'createCustomTest' is declared here.
[96msrc/controllers/test.controller.ts[0m:[93m103[0m:[93m1[0m - [91merror[0m[90m TS1128: [0mDeclaration or statement expected.

[7m103[0m });
[7m   [0m [91m~[0m
[96msrc/controllers/test.controller.ts[0m:[93m103[0m:[93m2[0m - [91merror[0m[90m TS1128: [0mDeclaration or statement expected.

[7m103[0m });
[7m   [0m [91m ~[0m

    at createTSError (F:\study_material\codes\__Mega_Project\02BackEnd\node_modules\ts-node\src\index.ts:859:12)
    at reportTSError (F:\study_material\codes\__Mega_Project\02BackEnd\node_modules\ts-node\src\index.ts:863:19)
    at getOutput (F:\study_material\codes\__Mega_Project\02BackEnd\node_modules\ts-node\src\index.ts:1077:36)
    at Object.compile (F:\study_material\codes\__Mega_Project\02BackEnd\node_modules\ts-node\src\index.ts:1433:41)
    at Module.m._compile (F:\study_material\codes\__Mega_Project\02BackEnd\node_modules\ts-node\src\index.ts:1617:30)
    at Module._extensions..js (node:internal/modules/cjs/loader:1416:10)
    at Object.require.extensions.<computed> [as .ts] (F:\study_material\codes\__Mega_Project\02BackEnd\node_modules\ts-node\src\index.ts:1621:12)
    at Module.load (node:internal/modules/cjs/loader:1208:32)
    at Function.Module._load (node:internal/modules/cjs/loader:1024:12)
    at Module.require (node:internal/modules/cjs/loader:1233:19)
2024-12-30 23:45:37 [[31merror[39m]: TSError: тип Unable to compile TypeScript:
[96msrc/controllers/test.controller.ts[0m:[93m95[0m:[93m8[0m - [91merror[0m[90m TS2304: [0mCannot find name 'req'.

[7m95[0m   if (!req.user) {
[7m  [0m [91m       ~~~[0m
[96msrc/controllers/test.controller.ts[0m:[93m98[0m:[93m50[0m - [91merror[0m[90m TS2304: [0mCannot find name 'req'.

[7m98[0m   const { testDetails } = await createCustomTest(req.user, req.body);
[7m  [0m [91m                                                 ~~~[0m
[96msrc/controllers/test.controller.ts[0m:[93m98[0m:[93m60[0m - [91merror[0m[90m TS2304: [0mCannot find name 'req'.

[7m98[0m   const { testDetails } = await createCustomTest(req.user, req.body);
[7m  [0m [91m                                                           ~~~[0m
[96msrc/controllers/test.controller.ts[0m:[93m99[0m:[93m3[0m - [91merror[0m[90m TS2304: [0mCannot find name 'res'.

[7m99[0m   res
[7m  [0m [91m  ~~~[0m
[96msrc/controllers/test.controller.ts[0m:[93m175[0m:[93m10[0m - [91merror[0m[90m TS2552: [0mCannot find name 'getCustomTest'. Did you mean 'createCustomTest'?

[7m175[0m export { getCustomTest, getCompanySpecificTest, createCETTest };
[7m   [0m [91m         ~~~~~~~~~~~~~[0m

  [96msrc/controllers/test.controller.ts[0m:[93m20[0m:[93m7[0m
    [7m20[0m const createCustomTest = async (user: IUser, body: any) => {
    [7m  [0m [96m      ~~~~~~~~~~~~~~~~[0m
    'createCustomTest' is declared here.
[96msrc/controllers/test.controller.ts[0m:[93m102[0m:[93m1[0m - [91merror[0m[90m TS1128: [0mDeclaration or statement expected.

[7m102[0m });
[7m   [0m [91m~[0m
[96msrc/controllers/test.controller.ts[0m:[93m102[0m:[93m2[0m - [91merror[0m[90m TS1128: [0mDeclaration or statement expected.

[7m102[0m });
[7m   [0m [91m ~[0m

    at createTSError (F:\study_material\codes\__Mega_Project\02BackEnd\node_modules\ts-node\src\index.ts:859:12)
    at reportTSError (F:\study_material\codes\__Mega_Project\02BackEnd\node_modules\ts-node\src\index.ts:863:19)
    at getOutput (F:\study_material\codes\__Mega_Project\02BackEnd\node_modules\ts-node\src\index.ts:1077:36)
    at Object.compile (F:\study_material\codes\__Mega_Project\02BackEnd\node_modules\ts-node\src\index.ts:1433:41)
    at Module.m._compile (F:\study_material\codes\__Mega_Project\02BackEnd\node_modules\ts-node\src\index.ts:1617:30)
    at Module._extensions..js (node:internal/modules/cjs/loader:1416:10)
    at Object.require.extensions.<computed> [as .ts] (F:\study_material\codes\__Mega_Project\02BackEnd\node_modules\ts-node\src\index.ts:1621:12)
    at Module.load (node:internal/modules/cjs/loader:1208:32)
    at Function.Module._load (node:internal/modules/cjs/loader:1024:12)
    at Module.require (node:internal/modules/cjs/loader:1233:19)
2024-12-30 23:46:37 [[31merror[39m]: TSError: тип Unable to compile TypeScript:
[96msrc/controllers/test.controller.ts[0m:[93m56[0m:[93m16[0m - [91merror[0m[90m TS2304: [0mCannot find name 'selectedQuestions'.

[7m56[0m     questions: selectedQuestions,
[7m  [0m [91m               ~~~~~~~~~~~~~~~~~[0m
[96msrc/controllers/test.controller.ts[0m:[93m65[0m:[93m16[0m - [91merror[0m[90m TS2304: [0mCannot find name 'selectedQuestions'.

[7m65[0m     questions: selectedQuestions.map((q) => ({
[7m  [0m [91m               ~~~~~~~~~~~~~~~~~[0m
[96msrc/controllers/test.controller.ts[0m:[93m65[0m:[93m39[0m - [91merror[0m[90m TS7006: [0mParameter 'q' implicitly has an 'any' type.

[7m65[0m     questions: selectedQuestions.map((q) => ({
[7m  [0m [91m                                      ~[0m

    at createTSError (F:\study_material\codes\__Mega_Project\02BackEnd\node_modules\ts-node\src\index.ts:859:12)
    at reportTSError (F:\study_material\codes\__Mega_Project\02BackEnd\node_modules\ts-node\src\index.ts:863:19)
    at getOutput (F:\study_material\codes\__Mega_Project\02BackEnd\node_modules\ts-node\src\index.ts:1077:36)
    at Object.compile (F:\study_material\codes\__Mega_Project\02BackEnd\node_modules\ts-node\src\index.ts:1433:41)
    at Module.m._compile (F:\study_material\codes\__Mega_Project\02BackEnd\node_modules\ts-node\src\index.ts:1617:30)
    at Module._extensions..js (node:internal/modules/cjs/loader:1416:10)
    at Object.require.extensions.<computed> [as .ts] (F:\study_material\codes\__Mega_Project\02BackEnd\node_modules\ts-node\src\index.ts:1621:12)
    at Module.load (node:internal/modules/cjs/loader:1208:32)
    at Function.Module._load (node:internal/modules/cjs/loader:1024:12)
    at Module.require (node:internal/modules/cjs/loader:1233:19)
2024-12-31 00:02:01 [[31merror[39m]: TSError: тип Unable to compile TypeScript:
[96msrc/controllers/test.controller.ts[0m:[93m147[0m:[93m48[0m - [91merror[0m[90m TS2345: [0mArgument of type '(Document<unknown, {}, IUser> & IUser) | undefined' is not assignable to parameter of type 'IUser'.
  Type 'undefined' is not assignable to type 'IUser'.

[7m147[0m     const testDetails = await createCustomTest(user, {time:180, numberOfQuestions: 100, topicList:topicListName, educationLevel: "juniorCollege"});
[7m   [0m [91m                                               ~~~~[0m

    at createTSError (F:\study_material\codes\__Mega_Project\02BackEnd\node_modules\ts-node\src\index.ts:859:12)
    at reportTSError (F:\study_material\codes\__Mega_Project\02BackEnd\node_modules\ts-node\src\index.ts:863:19)
    at getOutput (F:\study_material\codes\__Mega_Project\02BackEnd\node_modules\ts-node\src\index.ts:1077:36)
    at Object.compile (F:\study_material\codes\__Mega_Project\02BackEnd\node_modules\ts-node\src\index.ts:1433:41)
    at Module.m._compile (F:\study_material\codes\__Mega_Project\02BackEnd\node_modules\ts-node\src\index.ts:1617:30)
    at Module._extensions..js (node:internal/modules/cjs/loader:1416:10)
    at Object.require.extensions.<computed> [as .ts] (F:\study_material\codes\__Mega_Project\02BackEnd\node_modules\ts-node\src\index.ts:1621:12)
    at Module.load (node:internal/modules/cjs/loader:1208:32)
    at Function.Module._load (node:internal/modules/cjs/loader:1024:12)
    at Module.require (node:internal/modules/cjs/loader:1233:19)
2024-12-31 00:04:06 [[31merror[39m]: TSError: тип Unable to compile TypeScript:
[96msrc/controllers/test.controller.ts[0m:[93m150[0m:[93m48[0m - [91merror[0m[90m TS2345: [0mArgument of type '(Document<unknown, {}, IUser> & IUser) | undefined' is not assignable to parameter of type 'IUser'.
  Type 'undefined' is not assignable to type 'IUser'.

[7m150[0m     const testDetails = await createCustomTest(user, {time:180, numberOfQuestions: 100, topicList:topicListName, educationLevel: "juniorCollege"});
[7m   [0m [91m                                               ~~~~[0m

    at createTSError (F:\study_material\codes\__Mega_Project\02BackEnd\node_modules\ts-node\src\index.ts:859:12)
    at reportTSError (F:\study_material\codes\__Mega_Project\02BackEnd\node_modules\ts-node\src\index.ts:863:19)
    at getOutput (F:\study_material\codes\__Mega_Project\02BackEnd\node_modules\ts-node\src\index.ts:1077:36)
    at Object.compile (F:\study_material\codes\__Mega_Project\02BackEnd\node_modules\ts-node\src\index.ts:1433:41)
    at Module.m._compile (F:\study_material\codes\__Mega_Project\02BackEnd\node_modules\ts-node\src\index.ts:1617:30)
    at Module._extensions..js (node:internal/modules/cjs/loader:1416:10)
    at Object.require.extensions.<computed> [as .ts] (F:\study_material\codes\__Mega_Project\02BackEnd\node_modules\ts-node\src\index.ts:1621:12)
    at Module.load (node:internal/modules/cjs/loader:1208:32)
    at Function.Module._load (node:internal/modules/cjs/loader:1024:12)
    at Module.require (node:internal/modules/cjs/loader:1233:19)
2024-12-31 00:04:12 [[31merror[39m]: TSError: тип Unable to compile TypeScript:
[96msrc/controllers/test.controller.ts[0m:[93m150[0m:[93m48[0m - [91merror[0m[90m TS2345: [0mArgument of type '(Document<unknown, {}, IUser> & IUser) | undefined' is not assignable to parameter of type 'IUser'.
  Type 'undefined' is not assignable to type 'IUser'.

[7m150[0m     const testDetails = await createCustomTest(user, {time:180, numberOfQuestions: 100, topicList:topicListName, educationLevel: "juniorCollege"});
[7m   [0m [91m                                               ~~~~[0m
[96msrc/controllers/test.controller.ts[0m:[93m143[0m:[93m5[0m - [91merror[0m[90m TS1109: [0mExpression expected.

[7m143[0m     }
[7m   [0m [91m    ~[0m

    at createTSError (F:\study_material\codes\__Mega_Project\02BackEnd\node_modules\ts-node\src\index.ts:859:12)
    at reportTSError (F:\study_material\codes\__Mega_Project\02BackEnd\node_modules\ts-node\src\index.ts:863:19)
    at getOutput (F:\study_material\codes\__Mega_Project\02BackEnd\node_modules\ts-node\src\index.ts:1077:36)
    at Object.compile (F:\study_material\codes\__Mega_Project\02BackEnd\node_modules\ts-node\src\index.ts:1433:41)
    at Module.m._compile (F:\study_material\codes\__Mega_Project\02BackEnd\node_modules\ts-node\src\index.ts:1617:30)
    at Module._extensions..js (node:internal/modules/cjs/loader:1416:10)
    at Object.require.extensions.<computed> [as .ts] (F:\study_material\codes\__Mega_Project\02BackEnd\node_modules\ts-node\src\index.ts:1621:12)
    at Module.load (node:internal/modules/cjs/loader:1208:32)
    at Function.Module._load (node:internal/modules/cjs/loader:1024:12)
    at Module.require (node:internal/modules/cjs/loader:1233:19)
2024-12-31 00:04:35 [[31merror[39m]: TSError: тип Unable to compile TypeScript:
[96msrc/controllers/test.controller.ts[0m:[93m146[0m:[93m18[0m - [91merror[0m[90m TS2304: [0mCannot find name 'req'.

[7m146[0m     const user = req.user;
[7m   [0m [91m                 ~~~[0m
[96msrc/controllers/test.controller.ts[0m:[93m153[0m:[93m5[0m - [91merror[0m[90m TS2304: [0mCannot find name 'res'.

[7m153[0m     res
[7m   [0m [91m    ~~~[0m
[96msrc/controllers/test.controller.ts[0m:[93m142[0m:[93m10[0m - [91merror[0m[90m TS1128: [0mDeclaration or statement expected.

[7m142[0m          = await User.find({})
[7m   [0m [91m         ~[0m
[96msrc/controllers/test.controller.ts[0m:[93m146[0m:[93m5[0m - [91merror[0m[90m TS1005: [0m',' expected.

[7m146[0m     const user = req.user;
[7m   [0m [91m    ~~~~~[0m
[96msrc/controllers/test.controller.ts[0m:[93m158[0m:[93m3[0m - [91merror[0m[90m TS1128: [0mDeclaration or statement expected.

[7m158[0m   }
[7m   [0m [91m  ~[0m
[96msrc/controllers/test.controller.ts[0m:[93m159[0m:[93m1[0m - [91merror[0m[90m TS1128: [0mDeclaration or statement expected.

[7m159[0m );
[7m   [0m [91m~[0m

    at createTSError (F:\study_material\codes\__Mega_Project\02BackEnd\node_modules\ts-node\src\index.ts:859:12)
    at reportTSError (F:\study_material\codes\__Mega_Project\02BackEnd\node_modules\ts-node\src\index.ts:863:19)
    at getOutput (F:\study_material\codes\__Mega_Project\02BackEnd\node_modules\ts-node\src\index.ts:1077:36)
    at Object.compile (F:\study_material\codes\__Mega_Project\02BackEnd\node_modules\ts-node\src\index.ts:1433:41)
    at Module.m._compile (F:\study_material\codes\__Mega_Project\02BackEnd\node_modules\ts-node\src\index.ts:1617:30)
    at Module._extensions..js (node:internal/modules/cjs/loader:1416:10)
    at Object.require.extensions.<computed> [as .ts] (F:\study_material\codes\__Mega_Project\02BackEnd\node_modules\ts-node\src\index.ts:1621:12)
    at Module.load (node:internal/modules/cjs/loader:1208:32)
    at Function.Module._load (node:internal/modules/cjs/loader:1024:12)
    at Module.require (node:internal/modules/cjs/loader:1233:19)
2024-12-31 00:04:42 [[31merror[39m]: TSError: тип Unable to compile TypeScript:
[96msrc/controllers/test.controller.ts[0m:[93m152[0m:[93m48[0m - [91merror[0m[90m TS2345: [0mArgument of type '(Document<unknown, {}, IUser> & IUser) | undefined' is not assignable to parameter of type 'IUser'.
  Type 'undefined' is not assignable to type 'IUser'.

[7m152[0m     const testDetails = await createCustomTest(user, {time:180, numberOfQuestions: 100, topicList:topicListName, educationLevel: "juniorCollege"});
[7m   [0m [91m                                               ~~~~[0m

    at createTSError (F:\study_material\codes\__Mega_Project\02BackEnd\node_modules\ts-node\src\index.ts:859:12)
    at reportTSError (F:\study_material\codes\__Mega_Project\02BackEnd\node_modules\ts-node\src\index.ts:863:19)
    at getOutput (F:\study_material\codes\__Mega_Project\02BackEnd\node_modules\ts-node\src\index.ts:1077:36)
    at Object.compile (F:\study_material\codes\__Mega_Project\02BackEnd\node_modules\ts-node\src\index.ts:1433:41)
    at Module.m._compile (F:\study_material\codes\__Mega_Project\02BackEnd\node_modules\ts-node\src\index.ts:1617:30)
    at Module._extensions..js (node:internal/modules/cjs/loader:1416:10)
    at Object.require.extensions.<computed> [as .ts] (F:\study_material\codes\__Mega_Project\02BackEnd\node_modules\ts-node\src\index.ts:1621:12)
    at Module.load (node:internal/modules/cjs/loader:1208:32)
    at Function.Module._load (node:internal/modules/cjs/loader:1024:12)
    at Module.require (node:internal/modules/cjs/loader:1233:19)
2024-12-31 15:58:30 [[31merror[39m]: TSError: тип Unable to compile TypeScript:
[96msrc/controllers/test.controller.ts[0m:[93m173[0m:[93m38[0m - [91merror[0m[90m TS2552: [0mCannot find name 'testId'. Did you mean 'test'?

[7m173[0m     const test = await Test.findById(testId);
[7m   [0m [91m                                     ~~~~~~[0m

  [96msrc/controllers/test.controller.ts[0m:[93m173[0m:[93m11[0m
    [7m173[0m     const test = await Test.findById(testId);
    [7m   [0m [96m          ~~~~[0m
    'test' is declared here.

    at createTSError (F:\study_material\codes\__Mega_Project\02BackEnd\node_modules\ts-node\src\index.ts:859:12)
    at reportTSError (F:\study_material\codes\__Mega_Project\02BackEnd\node_modules\ts-node\src\index.ts:863:19)
    at getOutput (F:\study_material\codes\__Mega_Project\02BackEnd\node_modules\ts-node\src\index.ts:1077:36)
    at Object.compile (F:\study_material\codes\__Mega_Project\02BackEnd\node_modules\ts-node\src\index.ts:1433:41)
    at Module.m._compile (F:\study_material\codes\__Mega_Project\02BackEnd\node_modules\ts-node\src\index.ts:1617:30)
    at Module._extensions..js (node:internal/modules/cjs/loader:1416:10)
    at Object.require.extensions.<computed> [as .ts] (F:\study_material\codes\__Mega_Project\02BackEnd\node_modules\ts-node\src\index.ts:1621:12)
    at Module.load (node:internal/modules/cjs/loader:1208:32)
    at Function.Module._load (node:internal/modules/cjs/loader:1024:12)
    at Module.require (node:internal/modules/cjs/loader:1233:19)
2025-01-01 16:28:33 [[31merror[39m]: TSError: тип Unable to compile TypeScript:
[96msrc/utils/excelProcessor.ts[0m:[93m97[0m:[93m52[0m - [91merror[0m[90m TS1005: [0m')' expected.

[7m97[0m             logger.error("Validation error:", error;
[7m  [0m [91m                                                   ~[0m

    at createTSError (F:\study_material\codes\__Mega_Project\02BackEnd\node_modules\ts-node\src\index.ts:859:12)
    at reportTSError (F:\study_material\codes\__Mega_Project\02BackEnd\node_modules\ts-node\src\index.ts:863:19)
    at getOutput (F:\study_material\codes\__Mega_Project\02BackEnd\node_modules\ts-node\src\index.ts:1077:36)
    at Object.compile (F:\study_material\codes\__Mega_Project\02BackEnd\node_modules\ts-node\src\index.ts:1433:41)
    at Module.m._compile (F:\study_material\codes\__Mega_Project\02BackEnd\node_modules\ts-node\src\index.ts:1617:30)
    at Module._extensions..js (node:internal/modules/cjs/loader:1416:10)
    at Object.require.extensions.<computed> [as .ts] (F:\study_material\codes\__Mega_Project\02BackEnd\node_modules\ts-node\src\index.ts:1621:12)
    at Module.load (node:internal/modules/cjs/loader:1208:32)
    at Function.Module._load (node:internal/modules/cjs/loader:1024:12)
    at Module.require (node:internal/modules/cjs/loader:1233:19)
2025-01-01 16:29:25 [[31merror[39m]: TSError: тип Unable to compile TypeScript:
[96msrc/utils/excelProcessor.ts[0m:[93m54[0m:[93m41[0m - [91merror[0m[90m TS2551: [0mProperty 'topics' does not exist on type '{ answer: number; explanation: string; standard: number; question: string; option_1: string; option_2: string; option_3: string; option_4: string; subject: string; topic: string; }'. Did you mean 'topic'?

[7m54[0m             const topics = validatedRow.topics.split(',').map(t => t.trim());
[7m  [0m [91m                                        ~~~~~~[0m
[96msrc/utils/excelProcessor.ts[0m:[93m54[0m:[93m63[0m - [91merror[0m[90m TS7006: [0mParameter 't' implicitly has an 'any' type.

[7m54[0m             const topics = validatedRow.topics.split(',').map(t => t.trim());
[7m  [0m [91m                                                              ~[0m

    at createTSError (F:\study_material\codes\__Mega_Project\02BackEnd\node_modules\ts-node\src\index.ts:859:12)
    at reportTSError (F:\study_material\codes\__Mega_Project\02BackEnd\node_modules\ts-node\src\index.ts:863:19)
    at getOutput (F:\study_material\codes\__Mega_Project\02BackEnd\node_modules\ts-node\src\index.ts:1077:36)
    at Object.compile (F:\study_material\codes\__Mega_Project\02BackEnd\node_modules\ts-node\src\index.ts:1433:41)
    at Module.m._compile (F:\study_material\codes\__Mega_Project\02BackEnd\node_modules\ts-node\src\index.ts:1617:30)
    at Module._extensions..js (node:internal/modules/cjs/loader:1416:10)
    at Object.require.extensions.<computed> [as .ts] (F:\study_material\codes\__Mega_Project\02BackEnd\node_modules\ts-node\src\index.ts:1621:12)
    at Module.load (node:internal/modules/cjs/loader:1208:32)
    at Function.Module._load (node:internal/modules/cjs/loader:1024:12)
    at Module.require (node:internal/modules/cjs/loader:1233:19)
2025-01-02 00:07:35 [[31merror[39m]: TSError: тип Unable to compile TypeScript:
[96msrc/controllers/test.controller.ts[0m:[93m214[0m:[93m5[0m - [91merror[0m[90m TS2552: [0mCannot find name 'response'. Did you mean 'Response'?

[7m214[0m     response = {
[7m   [0m [91m    ~~~~~~~~[0m

  [96mnode_modules/typescript/lib/lib.dom.d.ts[0m:[93m18577[0m:[93m13[0m
    [7m18577[0m declare var Response: {
    [7m     [0m [96m            ~~~~~~~~[0m
    'Response' is declared here.

    at createTSError (F:\study_material\codes\__Mega_Project\02BackEnd\node_modules\ts-node\src\index.ts:859:12)
    at reportTSError (F:\study_material\codes\__Mega_Project\02BackEnd\node_modules\ts-node\src\index.ts:863:19)
    at getOutput (F:\study_material\codes\__Mega_Project\02BackEnd\node_modules\ts-node\src\index.ts:1077:36)
    at Object.compile (F:\study_material\codes\__Mega_Project\02BackEnd\node_modules\ts-node\src\index.ts:1433:41)
    at Module.m._compile (F:\study_material\codes\__Mega_Project\02BackEnd\node_modules\ts-node\src\index.ts:1617:30)
    at Module._extensions..js (node:internal/modules/cjs/loader:1416:10)
    at Object.require.extensions.<computed> [as .ts] (F:\study_material\codes\__Mega_Project\02BackEnd\node_modules\ts-node\src\index.ts:1621:12)
    at Module.load (node:internal/modules/cjs/loader:1208:32)
    at Function.Module._load (node:internal/modules/cjs/loader:1024:12)
    at Module.require (node:internal/modules/cjs/loader:1233:19)
2025-01-02 00:20:39 [[31merror[39m]: TSError: тип Unable to compile TypeScript:
[96msrc/controllers/test.controller.ts[0m:[93m247[0m:[93m35[0m - [91merror[0m[90m TS7006: [0mParameter 'q' implicitly has an 'any' type.

[7m247[0m         testResult.questions.map((q) => [q._id.toString(), q.answer])
[7m   [0m [91m                                  ~[0m

    at createTSError (F:\study_material\codes\__Mega_Project\02BackEnd\node_modules\ts-node\src\index.ts:859:12)
    at reportTSError (F:\study_material\codes\__Mega_Project\02BackEnd\node_modules\ts-node\src\index.ts:863:19)
    at getOutput (F:\study_material\codes\__Mega_Project\02BackEnd\node_modules\ts-node\src\index.ts:1077:36)
    at Object.compile (F:\study_material\codes\__Mega_Project\02BackEnd\node_modules\ts-node\src\index.ts:1433:41)
    at Module.m._compile (F:\study_material\codes\__Mega_Project\02BackEnd\node_modules\ts-node\src\index.ts:1617:30)
    at Module._extensions..js (node:internal/modules/cjs/loader:1416:10)
    at Object.require.extensions.<computed> [as .ts] (F:\study_material\codes\__Mega_Project\02BackEnd\node_modules\ts-node\src\index.ts:1621:12)
    at Module.load (node:internal/modules/cjs/loader:1208:32)
    at Function.Module._load (node:internal/modules/cjs/loader:1024:12)
    at Module.require (node:internal/modules/cjs/loader:1233:19)
2025-01-02 00:25:10 [[31merror[39m]: TSError: тип Unable to compile TypeScript:
[96msrc/controllers/test.controller.ts[0m:[93m214[0m:[93m36[0m - [91merror[0m[90m TS2345: [0mArgument of type '(req: Request, res: Response) => Promise<Response<any, Record<string, any>>>' is not assignable to parameter of type '(req: Request<ParamsDictionary, any, any, ParsedQs, Record<string, any>>, res: Response<any, Record<string, any>>, next: NextFunction) => Promise<...>'.
  Type 'Promise<Response<any, Record<string, any>>>' is not assignable to type 'Promise<void>'.
    Type 'Response<any, Record<string, any>>' is not assignable to type 'void'.

[7m214[0m const getTestResult = asyncHandler(async (req: Request, res: Response) => {
[7m   [0m [91m                                   ~~~~~~~~~~~~~~~~~~~~~~~~~~~~~~~~~~~~~~~~[0m
[96msrc/controllers/test.controller.ts[0m:[93m291[0m:[93m14[0m - [91merror[0m[90m TS7006: [0mParameter 'sum' implicitly has an 'any' type.

[7m291[0m             (sum, { isCorrect }) => isCorrect ? sum + 1 : sum,
[7m   [0m [91m             ~~~[0m
[96msrc/controllers/test.controller.ts[0m:[93m291[0m:[93m21[0m - [91merror[0m[90m TS7031: [0mBinding element 'isCorrect' implicitly has an 'any' type.

[7m291[0m             (sum, { isCorrect }) => isCorrect ? sum + 1 : sum,
[7m   [0m [91m                    ~~~~~~~~~[0m

    at createTSError (F:\study_material\codes\__Mega_Project\02BackEnd\node_modules\ts-node\src\index.ts:859:12)
    at reportTSError (F:\study_material\codes\__Mega_Project\02BackEnd\node_modules\ts-node\src\index.ts:863:19)
    at getOutput (F:\study_material\codes\__Mega_Project\02BackEnd\node_modules\ts-node\src\index.ts:1077:36)
    at Object.compile (F:\study_material\codes\__Mega_Project\02BackEnd\node_modules\ts-node\src\index.ts:1433:41)
    at Module.m._compile (F:\study_material\codes\__Mega_Project\02BackEnd\node_modules\ts-node\src\index.ts:1617:30)
    at Module._extensions..js (node:internal/modules/cjs/loader:1416:10)
    at Object.require.extensions.<computed> [as .ts] (F:\study_material\codes\__Mega_Project\02BackEnd\node_modules\ts-node\src\index.ts:1621:12)
    at Module.load (node:internal/modules/cjs/loader:1208:32)
    at Function.Module._load (node:internal/modules/cjs/loader:1024:12)
    at Module.require (node:internal/modules/cjs/loader:1233:19)
2025-01-02 00:26:22 [[31merror[39m]: TSError: тип Unable to compile TypeScript:
[96msrc/controllers/test.controller.ts[0m:[93m214[0m:[93m36[0m - [91merror[0m[90m TS2345: [0mArgument of type '(req: Request, res: Response) => Promise<Response<any, Record<string, any>>>' is not assignable to parameter of type '(req: Request<ParamsDictionary, any, any, ParsedQs, Record<string, any>>, res: Response<any, Record<string, any>>, next: NextFunction) => Promise<...>'.
  Type 'Promise<Response<any, Record<string, any>>>' is not assignable to type 'Promise<void>'.
    Type 'Response<any, Record<string, any>>' is not assignable to type 'void'.

[7m214[0m const getTestResult = asyncHandler(async (req: Request, res: Response) => {
[7m   [0m [91m                                   ~~~~~~~~~~~~~~~~~~~~~~~~~~~~~~~~~~~~~~~~[0m
[96msrc/controllers/test.controller.ts[0m:[93m291[0m:[93m14[0m - [91merror[0m[90m TS7006: [0mParameter 'sum' implicitly has an 'any' type.

[7m291[0m             (sum, { isCorrect }) => isCorrect ? sum + 1 : sum,
[7m   [0m [91m             ~~~[0m
[96msrc/controllers/test.controller.ts[0m:[93m291[0m:[93m21[0m - [91merror[0m[90m TS7031: [0mBinding element 'isCorrect' implicitly has an 'any' type.

[7m291[0m             (sum, { isCorrect }) => isCorrect ? sum + 1 : sum,
[7m   [0m [91m                    ~~~~~~~~~[0m

    at createTSError (F:\study_material\codes\__Mega_Project\02BackEnd\node_modules\ts-node\src\index.ts:859:12)
    at reportTSError (F:\study_material\codes\__Mega_Project\02BackEnd\node_modules\ts-node\src\index.ts:863:19)
    at getOutput (F:\study_material\codes\__Mega_Project\02BackEnd\node_modules\ts-node\src\index.ts:1077:36)
    at Object.compile (F:\study_material\codes\__Mega_Project\02BackEnd\node_modules\ts-node\src\index.ts:1433:41)
    at Module.m._compile (F:\study_material\codes\__Mega_Project\02BackEnd\node_modules\ts-node\src\index.ts:1617:30)
    at Module._extensions..js (node:internal/modules/cjs/loader:1416:10)
    at Object.require.extensions.<computed> [as .ts] (F:\study_material\codes\__Mega_Project\02BackEnd\node_modules\ts-node\src\index.ts:1621:12)
    at Module.load (node:internal/modules/cjs/loader:1208:32)
    at Function.Module._load (node:internal/modules/cjs/loader:1024:12)
    at Module.require (node:internal/modules/cjs/loader:1233:19)
2025-01-02 00:28:35 [[31merror[39m]: TSError: тип Unable to compile TypeScript:
[96msrc/controllers/test.controller.ts[0m:[93m206[0m:[93m36[0m - [91merror[0m[90m TS2345: [0mArgument of type '(req: Request, res: Response) => Promise<Response<any, Record<string, any>>>' is not assignable to parameter of type '(req: Request<ParamsDictionary, any, any, ParsedQs, Record<string, any>>, res: Response<any, Record<string, any>>, next: NextFunction) => Promise<...>'.
  Type 'Promise<Response<any, Record<string, any>>>' is not assignable to type 'Promise<void>'.
    Type 'Response<any, Record<string, any>>' is not assignable to type 'void'.

[7m206[0m const getTestResult = asyncHandler(async (req: Request, res: Response) => {
[7m   [0m [91m                                   ~~~~~~~~~~~~~~~~~~~~~~~~~~~~~~~~~~~~~~~~[0m
[96msrc/controllers/test.controller.ts[0m:[93m259[0m:[93m63[0m - [91merror[0m[90m TS7006: [0mParameter 'count' implicitly has an 'any' type.

[7m259[0m     const correctAnswers = testResult.selectedAnswers.reduce((count, answer) => {
[7m   [0m [91m                                                              ~~~~~[0m
[96msrc/controllers/test.controller.ts[0m:[93m259[0m:[93m70[0m - [91merror[0m[90m TS7006: [0mParameter 'answer' implicitly has an 'any' type.

[7m259[0m     const correctAnswers = testResult.selectedAnswers.reduce((count, answer) => {
[7m   [0m [91m                                                                     ~~~~~~[0m
[96msrc/controllers/test.controller.ts[0m:[93m261[0m:[93m13[0m - [91merror[0m[90m TS7006: [0mParameter 'q' implicitly has an 'any' type.

[7m261[0m             q => q._id.toString() === answer.questionId.toString()
[7m   [0m [91m            ~[0m

    at createTSError (F:\study_material\codes\__Mega_Project\02BackEnd\node_modules\ts-node\src\index.ts:859:12)
    at reportTSError (F:\study_material\codes\__Mega_Project\02BackEnd\node_modules\ts-node\src\index.ts:863:19)
    at getOutput (F:\study_material\codes\__Mega_Project\02BackEnd\node_modules\ts-node\src\index.ts:1077:36)
    at Object.compile (F:\study_material\codes\__Mega_Project\02BackEnd\node_modules\ts-node\src\index.ts:1433:41)
    at Module.m._compile (F:\study_material\codes\__Mega_Project\02BackEnd\node_modules\ts-node\src\index.ts:1617:30)
    at Module._extensions..js (node:internal/modules/cjs/loader:1416:10)
    at Object.require.extensions.<computed> [as .ts] (F:\study_material\codes\__Mega_Project\02BackEnd\node_modules\ts-node\src\index.ts:1621:12)
    at Module.load (node:internal/modules/cjs/loader:1208:32)
    at Function.Module._load (node:internal/modules/cjs/loader:1024:12)
    at Module.require (node:internal/modules/cjs/loader:1233:19)
2025-01-02 00:31:55 [[31merror[39m]: TSError: тип Unable to compile TypeScript:
[96msrc/controllers/test.controller.ts[0m:[93m206[0m:[93m36[0m - [91merror[0m[90m TS2345: [0mArgument of type '(req: Request, res: Response) => Promise<Response<any, Record<string, any>>>' is not assignable to parameter of type '(req: Request<ParamsDictionary, any, any, ParsedQs, Record<string, any>>, res: Response<any, Record<string, any>>, next: NextFunction) => Promise<...>'.
  Type 'Promise<Response<any, Record<string, any>>>' is not assignable to type 'Promise<void>'.
    Type 'Response<any, Record<string, any>>' is not assignable to type 'void'.

[7m206[0m const getTestResult = asyncHandler(async (req: Request, res: Response) => {
[7m   [0m [91m                                   ~~~~~~~~~~~~~~~~~~~~~~~~~~~~~~~~~~~~~~~~[0m
[96msrc/controllers/test.controller.ts[0m:[93m258[0m:[93m63[0m - [91merror[0m[90m TS7006: [0mParameter 'count' implicitly has an 'any' type.

[7m258[0m     const correctAnswers = testResult.selectedAnswers.reduce((count, answer) => {
[7m   [0m [91m                                                              ~~~~~[0m
[96msrc/controllers/test.controller.ts[0m:[93m258[0m:[93m70[0m - [91merror[0m[90m TS7006: [0mParameter 'answer' implicitly has an 'any' type.

[7m258[0m     const correctAnswers = testResult.selectedAnswers.reduce((count, answer) => {
[7m   [0m [91m                                                                     ~~~~~~[0m
[96msrc/controllers/test.controller.ts[0m:[93m260[0m:[93m14[0m - [91merror[0m[90m TS7006: [0mParameter 'q' implicitly has an 'any' type.

[7m260[0m             (q) => q._id.toString() === answer.questionId.toString()
[7m   [0m [91m             ~[0m

    at createTSError (F:\study_material\codes\__Mega_Project\02BackEnd\node_modules\ts-node\src\index.ts:859:12)
    at reportTSError (F:\study_material\codes\__Mega_Project\02BackEnd\node_modules\ts-node\src\index.ts:863:19)
    at getOutput (F:\study_material\codes\__Mega_Project\02BackEnd\node_modules\ts-node\src\index.ts:1077:36)
    at Object.compile (F:\study_material\codes\__Mega_Project\02BackEnd\node_modules\ts-node\src\index.ts:1433:41)
    at Module.m._compile (F:\study_material\codes\__Mega_Project\02BackEnd\node_modules\ts-node\src\index.ts:1617:30)
    at Module._extensions..js (node:internal/modules/cjs/loader:1416:10)
    at Object.require.extensions.<computed> [as .ts] (F:\study_material\codes\__Mega_Project\02BackEnd\node_modules\ts-node\src\index.ts:1621:12)
    at Module.load (node:internal/modules/cjs/loader:1208:32)
    at Function.Module._load (node:internal/modules/cjs/loader:1024:12)
    at Module.require (node:internal/modules/cjs/loader:1233:19)
2025-01-02 00:32:20 [[31merror[39m]: TSError: тип Unable to compile TypeScript:
[96msrc/controllers/test.controller.ts[0m:[93m258[0m:[93m63[0m - [91merror[0m[90m TS7006: [0mParameter 'count' implicitly has an 'any' type.

[7m258[0m     const correctAnswers = testResult.selectedAnswers.reduce((count, answer) => {
[7m   [0m [91m                                                              ~~~~~[0m
[96msrc/controllers/test.controller.ts[0m:[93m258[0m:[93m70[0m - [91merror[0m[90m TS7006: [0mParameter 'answer' implicitly has an 'any' type.

[7m258[0m     const correctAnswers = testResult.selectedAnswers.reduce((count, answer) => {
[7m   [0m [91m                                                                     ~~~~~~[0m
[96msrc/controllers/test.controller.ts[0m:[93m260[0m:[93m14[0m - [91merror[0m[90m TS7006: [0mParameter 'q' implicitly has an 'any' type.

[7m260[0m             (q) => q._id.toString() === answer.questionId.toString()
[7m   [0m [91m             ~[0m

    at createTSError (F:\study_material\codes\__Mega_Project\02BackEnd\node_modules\ts-node\src\index.ts:859:12)
    at reportTSError (F:\study_material\codes\__Mega_Project\02BackEnd\node_modules\ts-node\src\index.ts:863:19)
    at getOutput (F:\study_material\codes\__Mega_Project\02BackEnd\node_modules\ts-node\src\index.ts:1077:36)
    at Object.compile (F:\study_material\codes\__Mega_Project\02BackEnd\node_modules\ts-node\src\index.ts:1433:41)
    at Module.m._compile (F:\study_material\codes\__Mega_Project\02BackEnd\node_modules\ts-node\src\index.ts:1617:30)
    at Module._extensions..js (node:internal/modules/cjs/loader:1416:10)
    at Object.require.extensions.<computed> [as .ts] (F:\study_material\codes\__Mega_Project\02BackEnd\node_modules\ts-node\src\index.ts:1621:12)
    at Module.load (node:internal/modules/cjs/loader:1208:32)
    at Function.Module._load (node:internal/modules/cjs/loader:1024:12)
    at Module.require (node:internal/modules/cjs/loader:1233:19)
2025-01-02 01:23:31 [[31merror[39m]: Error: listen EADDRINUSE: address already in use :::5000
    at Server.setupListenHandle [as _listen2] (node:net:1898:16)
    at listenInCluster (node:net:1946:12)
    at Server.listen (node:net:2044:7)
    at Function.listen (F:\study_material\codes\__Mega_Project\02BackEnd\node_modules\express\lib\application.js:635:24)
    at F:\study_material\codes\__Mega_Project\02BackEnd\src\index.ts:10:9
    at processTicksAndRejections (node:internal/process/task_queues:95:5)
2025-01-04 18:47:50 [[31merror[39m]: Error: listen EADDRINUSE: address already in use :::5000
    at Server.setupListenHandle [as _listen2] (node:net:1898:16)
    at listenInCluster (node:net:1946:12)
    at Server.listen (node:net:2044:7)
    at Function.listen (F:\study_material\codes\__Mega_Project\02BackEnd\node_modules\express\lib\application.js:635:24)
    at F:\study_material\codes\__Mega_Project\02BackEnd\src\index.ts:10:9
    at processTicksAndRejections (node:internal/process/task_queues:95:5)
2025-01-06 10:52:34 [[31merror[39m]: TSError: тип Unable to compile TypeScript:
[96msrc/controllers/testResult.controller.ts[0m:[93m205[0m:[93m45[0m - [91merror[0m[90m TS7006: [0mParameter 'q' implicitly has an 'any' type.

[7m205[0m         questions: testResult.questions.map(q => ({
[7m   [0m [91m                                            ~[0m
[96msrc/controllers/testResult.controller.ts[0m:[93m211[0m:[93m17[0m - [91merror[0m[90m TS7006: [0mParameter 'a' implicitly has an 'any' type.

[7m211[0m                 a => a.questionId.toString() === q._id.toString()
[7m   [0m [91m                ~[0m

    at createTSError (F:\study_material\codes\__Mega_Project\02BackEnd\node_modules\ts-node\src\index.ts:859:12)
    at reportTSError (F:\study_material\codes\__Mega_Project\02BackEnd\node_modules\ts-node\src\index.ts:863:19)
    at getOutput (F:\study_material\codes\__Mega_Project\02BackEnd\node_modules\ts-node\src\index.ts:1077:36)
    at Object.compile (F:\study_material\codes\__Mega_Project\02BackEnd\node_modules\ts-node\src\index.ts:1433:41)
    at Module.m._compile (F:\study_material\codes\__Mega_Project\02BackEnd\node_modules\ts-node\src\index.ts:1617:30)
    at Module._extensions..js (node:internal/modules/cjs/loader:1416:10)
    at Object.require.extensions.<computed> [as .ts] (F:\study_material\codes\__Mega_Project\02BackEnd\node_modules\ts-node\src\index.ts:1621:12)
    at Module.load (node:internal/modules/cjs/loader:1208:32)
    at Function.Module._load (node:internal/modules/cjs/loader:1024:12)
    at Module.require (node:internal/modules/cjs/loader:1233:19)
2025-01-06 10:52:47 [[31merror[39m]: TSError: тип Unable to compile TypeScript:
[96msrc/controllers/testResult.controller.ts[0m:[93m205[0m:[93m45[0m - [91merror[0m[90m TS7006: [0mParameter 'q' implicitly has an 'any' type.

[7m205[0m         questions: testResult.questions.map(q => ({
[7m   [0m [91m                                            ~[0m

    at createTSError (F:\study_material\codes\__Mega_Project\02BackEnd\node_modules\ts-node\src\index.ts:859:12)
    at reportTSError (F:\study_material\codes\__Mega_Project\02BackEnd\node_modules\ts-node\src\index.ts:863:19)
    at getOutput (F:\study_material\codes\__Mega_Project\02BackEnd\node_modules\ts-node\src\index.ts:1077:36)
    at Object.compile (F:\study_material\codes\__Mega_Project\02BackEnd\node_modules\ts-node\src\index.ts:1433:41)
    at Module.m._compile (F:\study_material\codes\__Mega_Project\02BackEnd\node_modules\ts-node\src\index.ts:1617:30)
    at Module._extensions..js (node:internal/modules/cjs/loader:1416:10)
    at Object.require.extensions.<computed> [as .ts] (F:\study_material\codes\__Mega_Project\02BackEnd\node_modules\ts-node\src\index.ts:1621:12)
    at Module.load (node:internal/modules/cjs/loader:1208:32)
    at Function.Module._load (node:internal/modules/cjs/loader:1024:12)
    at Module.require (node:internal/modules/cjs/loader:1233:19)
2025-01-06 21:45:03 [[31merror[39m]: TSError: тип Unable to compile TypeScript:
[96msrc/ZodSchema/userSchema.ts[0m:[93m1[0m:[93m9[0m - [91merror[0m[90m TS2300: [0mDuplicate identifier 'z'.

[7m1[0m import {z} from "zod";
[7m [0m [91m        ~[0m
[96msrc/ZodSchema/userSchema.ts[0m:[93m12[0m:[93m10[0m - [91merror[0m[90m TS2300: [0mDuplicate identifier 'z'.

[7m12[0m import { z } from "zod";
[7m  [0m [91m         ~[0m

    at createTSError (F:\study_material\codes\__Mega_Project\02BackEnd\node_modules\ts-node\src\index.ts:859:12)
    at reportTSError (F:\study_material\codes\__Mega_Project\02BackEnd\node_modules\ts-node\src\index.ts:863:19)
    at getOutput (F:\study_material\codes\__Mega_Project\02BackEnd\node_modules\ts-node\src\index.ts:1077:36)
    at Object.compile (F:\study_material\codes\__Mega_Project\02BackEnd\node_modules\ts-node\src\index.ts:1433:41)
    at Module.m._compile (F:\study_material\codes\__Mega_Project\02BackEnd\node_modules\ts-node\src\index.ts:1617:30)
    at Module._extensions..js (node:internal/modules/cjs/loader:1416:10)
    at Object.require.extensions.<computed> [as .ts] (F:\study_material\codes\__Mega_Project\02BackEnd\node_modules\ts-node\src\index.ts:1621:12)
    at Module.load (node:internal/modules/cjs/loader:1208:32)
    at Function.Module._load (node:internal/modules/cjs/loader:1024:12)
    at Module.require (node:internal/modules/cjs/loader:1233:19)
